{"C:\\Users\\JB\\Music\\cadok-backend\\middleware\\errorHandler.js": {"path":"C:\\Users\\JB\\Music\\cadok-backend\\middleware\\errorHandler.js","statementMap":{"0":{"start":{"line":6,"column":37},"end":{"line":6,"column":63}},"1":{"start":{"line":13,"column":4},"end":{"line":13,"column":19}},"2":{"start":{"line":14,"column":4},"end":{"line":14,"column":33}},"3":{"start":{"line":15,"column":4},"end":{"line":15,"column":31}},"4":{"start":{"line":16,"column":4},"end":{"line":16,"column":39}},"5":{"start":{"line":17,"column":4},"end":{"line":17,"column":46}},"6":{"start":{"line":19,"column":4},"end":{"line":19,"column":52}},"7":{"start":{"line":25,"column":4},"end":{"line":25,"column":44}},"8":{"start":{"line":26,"column":4},"end":{"line":26,"column":23}},"9":{"start":{"line":32,"column":4},"end":{"line":32,"column":48}},"10":{"start":{"line":38,"column":4},"end":{"line":38,"column":47}},"11":{"start":{"line":44,"column":4},"end":{"line":44,"column":59}},"12":{"start":{"line":50,"column":4},"end":{"line":50,"column":42}},"13":{"start":{"line":56,"column":4},"end":{"line":56,"column":42}},"14":{"start":{"line":62,"column":4},"end":{"line":62,"column":67}},"15":{"start":{"line":63,"column":4},"end":{"line":63,"column":27}},"16":{"start":{"line":71,"column":17},"end":{"line":71,"column":64}},"17":{"start":{"line":74,"column":12},"end":{"line":74,"column":17}},"18":{"start":{"line":75,"column":2},"end":{"line":77,"column":3}},"19":{"start":{"line":76,"column":4},"end":{"line":76,"column":35}},"20":{"start":{"line":80,"column":2},"end":{"line":80,"column":29}},"21":{"start":{"line":83,"column":24},"end":{"line":83,"column":62}},"22":{"start":{"line":86,"column":24},"end":{"line":94,"column":3}},"23":{"start":{"line":97,"column":2},"end":{"line":100,"column":3}},"24":{"start":{"line":98,"column":4},"end":{"line":98,"column":42}},"25":{"start":{"line":99,"column":4},"end":{"line":99,"column":38}},"26":{"start":{"line":103,"column":2},"end":{"line":105,"column":3}},"27":{"start":{"line":104,"column":4},"end":{"line":104,"column":42}},"28":{"start":{"line":108,"column":2},"end":{"line":108,"column":49}},"29":{"start":{"line":116,"column":2},"end":{"line":121,"column":3}},"30":{"start":{"line":117,"column":4},"end":{"line":119,"column":5}},"31":{"start":{"line":118,"column":6},"end":{"line":118,"column":59}},"32":{"start":{"line":120,"column":4},"end":{"line":120,"column":65}},"33":{"start":{"line":124,"column":2},"end":{"line":126,"column":3}},"34":{"start":{"line":125,"column":4},"end":{"line":125,"column":70}},"35":{"start":{"line":128,"column":2},"end":{"line":130,"column":3}},"36":{"start":{"line":129,"column":4},"end":{"line":129,"column":72}},"37":{"start":{"line":133,"column":2},"end":{"line":135,"column":3}},"38":{"start":{"line":134,"column":4},"end":{"line":134,"column":52}},"39":{"start":{"line":137,"column":2},"end":{"line":139,"column":3}},"40":{"start":{"line":138,"column":4},"end":{"line":138,"column":52}},"41":{"start":{"line":142,"column":2},"end":{"line":144,"column":3}},"42":{"start":{"line":143,"column":4},"end":{"line":143,"column":54}},"43":{"start":{"line":147,"column":2},"end":{"line":152,"column":4}},"44":{"start":{"line":159,"column":18},"end":{"line":169,"column":3}},"45":{"start":{"line":171,"column":2},"end":{"line":188,"column":3}},"46":{"start":{"line":173,"column":4},"end":{"line":176,"column":7}},"47":{"start":{"line":179,"column":4},"end":{"line":181,"column":5}},"48":{"start":{"line":180,"column":6},"end":{"line":180,"column":39}},"49":{"start":{"line":182,"column":9},"end":{"line":188,"column":3}},"50":{"start":{"line":184,"column":4},"end":{"line":184,"column":41}},"51":{"start":{"line":187,"column":4},"end":{"line":187,"column":46}},"52":{"start":{"line":195,"column":16},"end":{"line":195,"column":71}},"53":{"start":{"line":196,"column":2},"end":{"line":196,"column":14}},"54":{"start":{"line":203,"column":2},"end":{"line":215,"column":5}},"55":{"start":{"line":204,"column":4},"end":{"line":208,"column":7}},"56":{"start":{"line":211,"column":4},"end":{"line":214,"column":5}},"57":{"start":{"line":212,"column":6},"end":{"line":212,"column":61}},"58":{"start":{"line":213,"column":6},"end":{"line":213,"column":22}},"59":{"start":{"line":222,"column":2},"end":{"line":230,"column":5}},"60":{"start":{"line":223,"column":4},"end":{"line":226,"column":7}},"61":{"start":{"line":228,"column":4},"end":{"line":228,"column":58}},"62":{"start":{"line":229,"column":4},"end":{"line":229,"column":20}},"63":{"start":{"line":233,"column":0},"end":{"line":255,"column":2}}},"fnMap":{"0":{"name":"(anonymous_0)","decl":{"start":{"line":12,"column":2},"end":{"line":12,"column":3}},"loc":{"start":{"line":12,"column":93},"end":{"line":20,"column":3}},"line":12},"1":{"name":"(anonymous_1)","decl":{"start":{"line":24,"column":2},"end":{"line":24,"column":3}},"loc":{"start":{"line":24,"column":37},"end":{"line":27,"column":3}},"line":24},"2":{"name":"(anonymous_2)","decl":{"start":{"line":31,"column":2},"end":{"line":31,"column":3}},"loc":{"start":{"line":31,"column":51},"end":{"line":33,"column":3}},"line":31},"3":{"name":"(anonymous_3)","decl":{"start":{"line":37,"column":2},"end":{"line":37,"column":3}},"loc":{"start":{"line":37,"column":52},"end":{"line":39,"column":3}},"line":37},"4":{"name":"(anonymous_4)","decl":{"start":{"line":43,"column":2},"end":{"line":43,"column":3}},"loc":{"start":{"line":43,"column":37},"end":{"line":45,"column":3}},"line":43},"5":{"name":"(anonymous_5)","decl":{"start":{"line":49,"column":2},"end":{"line":49,"column":3}},"loc":{"start":{"line":49,"column":45},"end":{"line":51,"column":3}},"line":49},"6":{"name":"(anonymous_6)","decl":{"start":{"line":55,"column":2},"end":{"line":55,"column":3}},"loc":{"start":{"line":55,"column":53},"end":{"line":57,"column":3}},"line":55},"7":{"name":"(anonymous_7)","decl":{"start":{"line":61,"column":2},"end":{"line":61,"column":3}},"loc":{"start":{"line":61,"column":65},"end":{"line":64,"column":3}},"line":61},"8":{"name":"globalErrorHandler","decl":{"start":{"line":70,"column":9},"end":{"line":70,"column":27}},"loc":{"start":{"line":70,"column":51},"end":{"line":109,"column":1}},"line":70},"9":{"name":"convertToAppError","decl":{"start":{"line":114,"column":9},"end":{"line":114,"column":26}},"loc":{"start":{"line":114,"column":34},"end":{"line":153,"column":1}},"line":114},"10":{"name":"logError","decl":{"start":{"line":158,"column":9},"end":{"line":158,"column":17}},"loc":{"start":{"line":158,"column":38},"end":{"line":189,"column":1}},"line":158},"11":{"name":"notFoundHandler","decl":{"start":{"line":194,"column":9},"end":{"line":194,"column":24}},"loc":{"start":{"line":194,"column":41},"end":{"line":197,"column":1}},"line":194},"12":{"name":"handleUnhandledRejection","decl":{"start":{"line":202,"column":9},"end":{"line":202,"column":33}},"loc":{"start":{"line":202,"column":36},"end":{"line":216,"column":1}},"line":202},"13":{"name":"(anonymous_13)","decl":{"start":{"line":203,"column":35},"end":{"line":203,"column":36}},"loc":{"start":{"line":203,"column":56},"end":{"line":215,"column":3}},"line":203},"14":{"name":"handleUncaughtException","decl":{"start":{"line":221,"column":9},"end":{"line":221,"column":32}},"loc":{"start":{"line":221,"column":35},"end":{"line":231,"column":1}},"line":221},"15":{"name":"(anonymous_15)","decl":{"start":{"line":222,"column":34},"end":{"line":222,"column":35}},"loc":{"start":{"line":222,"column":45},"end":{"line":230,"column":3}},"line":222}},"branchMap":{"0":{"loc":{"start":{"line":12,"column":23},"end":{"line":12,"column":39}},"type":"default-arg","locations":[{"start":{"line":12,"column":36},"end":{"line":12,"column":39}}],"line":12},"1":{"loc":{"start":{"line":12,"column":41},"end":{"line":12,"column":69}},"type":"default-arg","locations":[{"start":{"line":12,"column":53},"end":{"line":12,"column":69}}],"line":12},"2":{"loc":{"start":{"line":12,"column":71},"end":{"line":12,"column":91}},"type":"default-arg","locations":[{"start":{"line":12,"column":87},"end":{"line":12,"column":91}}],"line":12},"3":{"loc":{"start":{"line":24,"column":23},"end":{"line":24,"column":35}},"type":"default-arg","locations":[{"start":{"line":24,"column":31},"end":{"line":24,"column":35}}],"line":24},"4":{"loc":{"start":{"line":31,"column":14},"end":{"line":31,"column":49}},"type":"default-arg","locations":[{"start":{"line":31,"column":24},"end":{"line":31,"column":49}}],"line":31},"5":{"loc":{"start":{"line":37,"column":14},"end":{"line":37,"column":50}},"type":"default-arg","locations":[{"start":{"line":37,"column":24},"end":{"line":37,"column":50}}],"line":37},"6":{"loc":{"start":{"line":43,"column":14},"end":{"line":43,"column":35}},"type":"default-arg","locations":[{"start":{"line":43,"column":25},"end":{"line":43,"column":35}}],"line":43},"7":{"loc":{"start":{"line":49,"column":14},"end":{"line":49,"column":43}},"type":"default-arg","locations":[{"start":{"line":49,"column":24},"end":{"line":49,"column":43}}],"line":49},"8":{"loc":{"start":{"line":55,"column":14},"end":{"line":55,"column":51}},"type":"default-arg","locations":[{"start":{"line":55,"column":24},"end":{"line":55,"column":51}}],"line":55},"9":{"loc":{"start":{"line":61,"column":23},"end":{"line":61,"column":63}},"type":"default-arg","locations":[{"start":{"line":61,"column":33},"end":{"line":61,"column":63}}],"line":61},"10":{"loc":{"start":{"line":71,"column":17},"end":{"line":71,"column":64}},"type":"binary-expr","locations":[{"start":{"line":71,"column":17},"end":{"line":71,"column":27}},{"start":{"line":71,"column":31},"end":{"line":71,"column":64}}],"line":71},"11":{"loc":{"start":{"line":75,"column":2},"end":{"line":77,"column":3}},"type":"if","locations":[{"start":{"line":75,"column":2},"end":{"line":77,"column":3}},{"start":{},"end":{}}],"line":75},"12":{"loc":{"start":{"line":89,"column":15},"end":{"line":89,"column":72}},"type":"cond-expr","locations":[{"start":{"line":89,"column":35},"end":{"line":89,"column":46}},{"start":{"line":89,"column":49},"end":{"line":89,"column":72}}],"line":89},"13":{"loc":{"start":{"line":97,"column":2},"end":{"line":100,"column":3}},"type":"if","locations":[{"start":{"line":97,"column":2},"end":{"line":100,"column":3}},{"start":{},"end":{}}],"line":97},"14":{"loc":{"start":{"line":97,"column":6},"end":{"line":97,"column":40}},"type":"binary-expr","locations":[{"start":{"line":97,"column":6},"end":{"line":97,"column":19}},{"start":{"line":97,"column":23},"end":{"line":97,"column":40}}],"line":97},"15":{"loc":{"start":{"line":103,"column":2},"end":{"line":105,"column":3}},"type":"if","locations":[{"start":{"line":103,"column":2},"end":{"line":105,"column":3}},{"start":{},"end":{}}],"line":103},"16":{"loc":{"start":{"line":103,"column":6},"end":{"line":103,"column":49}},"type":"binary-expr","locations":[{"start":{"line":103,"column":6},"end":{"line":103,"column":36}},{"start":{"line":103,"column":40},"end":{"line":103,"column":49}}],"line":103},"17":{"loc":{"start":{"line":116,"column":2},"end":{"line":121,"column":3}},"type":"if","locations":[{"start":{"line":116,"column":2},"end":{"line":121,"column":3}},{"start":{},"end":{}}],"line":116},"18":{"loc":{"start":{"line":116,"column":6},"end":{"line":116,"column":70}},"type":"binary-expr","locations":[{"start":{"line":116,"column":6},"end":{"line":116,"column":33}},{"start":{"line":116,"column":37},"end":{"line":116,"column":70}}],"line":116},"19":{"loc":{"start":{"line":117,"column":4},"end":{"line":119,"column":5}},"type":"if","locations":[{"start":{"line":117,"column":4},"end":{"line":119,"column":5}},{"start":{},"end":{}}],"line":117},"20":{"loc":{"start":{"line":124,"column":2},"end":{"line":126,"column":3}},"type":"if","locations":[{"start":{"line":124,"column":2},"end":{"line":126,"column":3}},{"start":{},"end":{}}],"line":124},"21":{"loc":{"start":{"line":128,"column":2},"end":{"line":130,"column":3}},"type":"if","locations":[{"start":{"line":128,"column":2},"end":{"line":130,"column":3}},{"start":{},"end":{}}],"line":128},"22":{"loc":{"start":{"line":133,"column":2},"end":{"line":135,"column":3}},"type":"if","locations":[{"start":{"line":133,"column":2},"end":{"line":135,"column":3}},{"start":{},"end":{}}],"line":133},"23":{"loc":{"start":{"line":137,"column":2},"end":{"line":139,"column":3}},"type":"if","locations":[{"start":{"line":137,"column":2},"end":{"line":139,"column":3}},{"start":{},"end":{}}],"line":137},"24":{"loc":{"start":{"line":142,"column":2},"end":{"line":144,"column":3}},"type":"if","locations":[{"start":{"line":142,"column":2},"end":{"line":144,"column":3}},{"start":{},"end":{}}],"line":142},"25":{"loc":{"start":{"line":142,"column":6},"end":{"line":142,"column":77}},"type":"binary-expr","locations":[{"start":{"line":142,"column":6},"end":{"line":142,"column":34}},{"start":{"line":142,"column":38},"end":{"line":142,"column":58}},{"start":{"line":142,"column":62},"end":{"line":142,"column":77}}],"line":142},"26":{"loc":{"start":{"line":148,"column":4},"end":{"line":148,"column":44}},"type":"binary-expr","locations":[{"start":{"line":148,"column":4},"end":{"line":148,"column":17}},{"start":{"line":148,"column":21},"end":{"line":148,"column":44}}],"line":148},"27":{"loc":{"start":{"line":149,"column":4},"end":{"line":149,"column":27}},"type":"binary-expr","locations":[{"start":{"line":149,"column":4},"end":{"line":149,"column":20}},{"start":{"line":149,"column":24},"end":{"line":149,"column":27}}],"line":149},"28":{"loc":{"start":{"line":171,"column":2},"end":{"line":188,"column":3}},"type":"if","locations":[{"start":{"line":171,"column":2},"end":{"line":188,"column":3}},{"start":{"line":182,"column":9},"end":{"line":188,"column":3}}],"line":171},"29":{"loc":{"start":{"line":179,"column":4},"end":{"line":181,"column":5}},"type":"if","locations":[{"start":{"line":179,"column":4},"end":{"line":181,"column":5}},{"start":{},"end":{}}],"line":179},"30":{"loc":{"start":{"line":182,"column":9},"end":{"line":188,"column":3}},"type":"if","locations":[{"start":{"line":182,"column":9},"end":{"line":188,"column":3}},{"start":{"line":185,"column":9},"end":{"line":188,"column":3}}],"line":182},"31":{"loc":{"start":{"line":205,"column":14},"end":{"line":205,"column":39}},"type":"binary-expr","locations":[{"start":{"line":205,"column":14},"end":{"line":205,"column":29}},{"start":{"line":205,"column":33},"end":{"line":205,"column":39}}],"line":205},"32":{"loc":{"start":{"line":211,"column":4},"end":{"line":214,"column":5}},"type":"if","locations":[{"start":{"line":211,"column":4},"end":{"line":214,"column":5}},{"start":{},"end":{}}],"line":211}},"s":{"0":1,"1":0,"2":0,"3":0,"4":0,"5":0,"6":0,"7":0,"8":0,"9":0,"10":0,"11":0,"12":0,"13":0,"14":0,"15":0,"16":0,"17":0,"18":0,"19":0,"20":0,"21":0,"22":0,"23":0,"24":0,"25":0,"26":0,"27":0,"28":0,"29":0,"30":0,"31":0,"32":0,"33":0,"34":0,"35":0,"36":0,"37":0,"38":0,"39":0,"40":0,"41":0,"42":0,"43":0,"44":0,"45":0,"46":0,"47":0,"48":0,"49":0,"50":0,"51":0,"52":0,"53":0,"54":0,"55":0,"56":0,"57":0,"58":0,"59":0,"60":0,"61":0,"62":0,"63":1},"f":{"0":0,"1":0,"2":0,"3":0,"4":0,"5":0,"6":0,"7":0,"8":0,"9":0,"10":0,"11":0,"12":0,"13":0,"14":0,"15":0},"b":{"0":[0],"1":[0],"2":[0],"3":[0],"4":[0],"5":[0],"6":[0],"7":[0],"8":[0],"9":[0],"10":[0,0],"11":[0,0],"12":[0,0],"13":[0,0],"14":[0,0],"15":[0,0],"16":[0,0],"17":[0,0],"18":[0,0],"19":[0,0],"20":[0,0],"21":[0,0],"22":[0,0],"23":[0,0],"24":[0,0],"25":[0,0,0],"26":[0,0],"27":[0,0],"28":[0,0],"29":[0,0],"30":[0,0],"31":[0,0],"32":[0,0]},"_coverageSchema":"1a1c01bbd47fc00a2c39e90264f33305004495a9","hash":"4e9093cf72233edce3718cb9d3b21f90a45dc202"}
,"C:\\Users\\JB\\Music\\cadok-backend\\services\\transactionService.js": {"path":"C:\\Users\\JB\\Music\\cadok-backend\\services\\transactionService.js","statementMap":{"0":{"start":{"line":6,"column":17},"end":{"line":6,"column":36}},"1":{"start":{"line":7,"column":19},"end":{"line":7,"column":45}},"2":{"start":{"line":8,"column":36},"end":{"line":8,"column":73}},"3":{"start":{"line":22,"column":8},"end":{"line":22,"column":15}},"4":{"start":{"line":24,"column":18},"end":{"line":24,"column":19}},"5":{"start":{"line":26,"column":22},"end":{"line":26,"column":32}},"6":{"start":{"line":28,"column":4},"end":{"line":93,"column":5}},"7":{"start":{"line":29,"column":22},"end":{"line":29,"column":51}},"8":{"start":{"line":31,"column":6},"end":{"line":92,"column":7}},"9":{"start":{"line":32,"column":8},"end":{"line":32,"column":18}},"10":{"start":{"line":33,"column":8},"end":{"line":37,"column":11}},"11":{"start":{"line":40,"column":8},"end":{"line":40,"column":49}},"12":{"start":{"line":43,"column":24},"end":{"line":43,"column":26}},"13":{"start":{"line":44,"column":8},"end":{"line":47,"column":9}},"14":{"start":{"line":45,"column":25},"end":{"line":45,"column":49}},"15":{"start":{"line":46,"column":10},"end":{"line":46,"column":31}},"16":{"start":{"line":50,"column":8},"end":{"line":50,"column":42}},"17":{"start":{"line":52,"column":30},"end":{"line":52,"column":52}},"18":{"start":{"line":54,"column":8},"end":{"line":59,"column":11}},"19":{"start":{"line":61,"column":8},"end":{"line":66,"column":10}},"20":{"start":{"line":70,"column":8},"end":{"line":70,"column":41}},"21":{"start":{"line":71,"column":8},"end":{"line":71,"column":26}},"22":{"start":{"line":73,"column":8},"end":{"line":79,"column":11}},"23":{"start":{"line":82,"column":8},"end":{"line":85,"column":9}},"24":{"start":{"line":83,"column":10},"end":{"line":83,"column":49}},"25":{"start":{"line":84,"column":10},"end":{"line":84,"column":19}},"26":{"start":{"line":88,"column":8},"end":{"line":88,"column":14}},"27":{"start":{"line":91,"column":8},"end":{"line":91,"column":35}},"28":{"start":{"line":96,"column":4},"end":{"line":100,"column":7}},"29":{"start":{"line":103,"column":4},"end":{"line":105,"column":5}},"30":{"start":{"line":104,"column":6},"end":{"line":104,"column":22}},"31":{"start":{"line":108,"column":4},"end":{"line":108,"column":98}},"32":{"start":{"line":116,"column":4},"end":{"line":118,"column":5}},"33":{"start":{"line":117,"column":6},"end":{"line":117,"column":19}},"34":{"start":{"line":121,"column":27},"end":{"line":126,"column":5}},"35":{"start":{"line":128,"column":4},"end":{"line":129,"column":130}},"36":{"start":{"line":136,"column":4},"end":{"line":136,"column":59}},"37":{"start":{"line":136,"column":34},"end":{"line":136,"column":57}},"38":{"start":{"line":144,"column":4},"end":{"line":146,"column":5}},"39":{"start":{"line":145,"column":6},"end":{"line":145,"column":82}},"40":{"start":{"line":148,"column":23},"end":{"line":228,"column":5}},"41":{"start":{"line":151,"column":21},"end":{"line":151,"column":46}},"42":{"start":{"line":152,"column":22},"end":{"line":154,"column":27}},"43":{"start":{"line":156,"column":8},"end":{"line":158,"column":9}},"44":{"start":{"line":157,"column":10},"end":{"line":157,"column":65}},"45":{"start":{"line":159,"column":8},"end":{"line":159,"column":21}},"46":{"start":{"line":164,"column":28},"end":{"line":164,"column":55}},"47":{"start":{"line":165,"column":33},"end":{"line":169,"column":27}},"48":{"start":{"line":171,"column":8},"end":{"line":173,"column":9}},"49":{"start":{"line":172,"column":10},"end":{"line":172,"column":78}},"50":{"start":{"line":176,"column":8},"end":{"line":180,"column":10}},"51":{"start":{"line":182,"column":8},"end":{"line":182,"column":32}},"52":{"start":{"line":187,"column":8},"end":{"line":189,"column":9}},"53":{"start":{"line":188,"column":10},"end":{"line":188,"column":20}},"54":{"start":{"line":191,"column":28},"end":{"line":191,"column":55}},"55":{"start":{"line":192,"column":31},"end":{"line":196,"column":27}},"56":{"start":{"line":198,"column":8},"end":{"line":200,"column":9}},"57":{"start":{"line":199,"column":10},"end":{"line":199,"column":76}},"58":{"start":{"line":203,"column":8},"end":{"line":207,"column":10}},"59":{"start":{"line":209,"column":8},"end":{"line":209,"column":30}},"60":{"start":{"line":214,"column":22},"end":{"line":214,"column":48}},"61":{"start":{"line":215,"column":22},"end":{"line":223,"column":10}},"62":{"start":{"line":225,"column":8},"end":{"line":225,"column":38}},"63":{"start":{"line":226,"column":8},"end":{"line":226,"column":21}},"64":{"start":{"line":230,"column":4},"end":{"line":230,"column":53}},"65":{"start":{"line":238,"column":4},"end":{"line":240,"column":5}},"66":{"start":{"line":239,"column":6},"end":{"line":239,"column":63}},"67":{"start":{"line":242,"column":23},"end":{"line":298,"column":5}},"68":{"start":{"line":245,"column":22},"end":{"line":245,"column":48}},"69":{"start":{"line":246,"column":22},"end":{"line":246,"column":68}},"70":{"start":{"line":248,"column":8},"end":{"line":250,"column":9}},"71":{"start":{"line":249,"column":10},"end":{"line":249,"column":53}},"72":{"start":{"line":252,"column":8},"end":{"line":254,"column":9}},"73":{"start":{"line":253,"column":10},"end":{"line":253,"column":68}},"74":{"start":{"line":256,"column":8},"end":{"line":258,"column":9}},"75":{"start":{"line":257,"column":10},"end":{"line":257,"column":78}},"76":{"start":{"line":260,"column":8},"end":{"line":260,"column":21}},"77":{"start":{"line":265,"column":22},"end":{"line":265,"column":48}},"78":{"start":{"line":266,"column":29},"end":{"line":273,"column":9}},"79":{"start":{"line":274,"column":8},"end":{"line":274,"column":28}},"80":{"start":{"line":279,"column":28},"end":{"line":279,"column":55}},"81":{"start":{"line":280,"column":22},"end":{"line":280,"column":68}},"82":{"start":{"line":283,"column":29},"end":{"line":286,"column":9}},"83":{"start":{"line":288,"column":8},"end":{"line":294,"column":9}},"84":{"start":{"line":289,"column":10},"end":{"line":293,"column":12}},"85":{"start":{"line":296,"column":8},"end":{"line":296,"column":35}},"86":{"start":{"line":300,"column":4},"end":{"line":300,"column":53}},"87":{"start":{"line":307,"column":23},"end":{"line":362,"column":5}},"88":{"start":{"line":310,"column":22},"end":{"line":310,"column":48}},"89":{"start":{"line":311,"column":22},"end":{"line":311,"column":68}},"90":{"start":{"line":313,"column":8},"end":{"line":315,"column":9}},"91":{"start":{"line":314,"column":10},"end":{"line":314,"column":53}},"92":{"start":{"line":317,"column":8},"end":{"line":319,"column":9}},"93":{"start":{"line":318,"column":10},"end":{"line":318,"column":68}},"94":{"start":{"line":321,"column":8},"end":{"line":323,"column":9}},"95":{"start":{"line":322,"column":10},"end":{"line":322,"column":78}},"96":{"start":{"line":325,"column":8},"end":{"line":325,"column":21}},"97":{"start":{"line":330,"column":22},"end":{"line":330,"column":48}},"98":{"start":{"line":331,"column":29},"end":{"line":338,"column":9}},"99":{"start":{"line":339,"column":8},"end":{"line":339,"column":28}},"100":{"start":{"line":344,"column":28},"end":{"line":344,"column":55}},"101":{"start":{"line":345,"column":22},"end":{"line":345,"column":68}},"102":{"start":{"line":347,"column":29},"end":{"line":350,"column":9}},"103":{"start":{"line":352,"column":8},"end":{"line":358,"column":9}},"104":{"start":{"line":353,"column":10},"end":{"line":357,"column":12}},"105":{"start":{"line":360,"column":8},"end":{"line":360,"column":35}},"106":{"start":{"line":364,"column":4},"end":{"line":364,"column":53}},"107":{"start":{"line":371,"column":23},"end":{"line":427,"column":5}},"108":{"start":{"line":374,"column":22},"end":{"line":374,"column":48}},"109":{"start":{"line":375,"column":22},"end":{"line":375,"column":68}},"110":{"start":{"line":377,"column":8},"end":{"line":379,"column":9}},"111":{"start":{"line":378,"column":10},"end":{"line":378,"column":53}},"112":{"start":{"line":381,"column":8},"end":{"line":383,"column":9}},"113":{"start":{"line":382,"column":10},"end":{"line":382,"column":81}},"114":{"start":{"line":385,"column":8},"end":{"line":387,"column":9}},"115":{"start":{"line":386,"column":10},"end":{"line":386,"column":72}},"116":{"start":{"line":389,"column":8},"end":{"line":389,"column":21}},"117":{"start":{"line":394,"column":22},"end":{"line":394,"column":48}},"118":{"start":{"line":395,"column":29},"end":{"line":403,"column":9}},"119":{"start":{"line":404,"column":8},"end":{"line":404,"column":28}},"120":{"start":{"line":409,"column":28},"end":{"line":409,"column":55}},"121":{"start":{"line":410,"column":22},"end":{"line":410,"column":68}},"122":{"start":{"line":412,"column":29},"end":{"line":415,"column":9}},"123":{"start":{"line":417,"column":8},"end":{"line":423,"column":9}},"124":{"start":{"line":418,"column":10},"end":{"line":422,"column":12}},"125":{"start":{"line":425,"column":8},"end":{"line":425,"column":35}},"126":{"start":{"line":429,"column":4},"end":{"line":429,"column":53}},"127":{"start":{"line":433,"column":0},"end":{"line":433,"column":36}}},"fnMap":{"0":{"name":"(anonymous_0)","decl":{"start":{"line":17,"column":2},"end":{"line":17,"column":3}},"loc":{"start":{"line":17,"column":60},"end":{"line":109,"column":3}},"line":17},"1":{"name":"(anonymous_1)","decl":{"start":{"line":114,"column":2},"end":{"line":114,"column":3}},"loc":{"start":{"line":114,"column":33},"end":{"line":130,"column":3}},"line":114},"2":{"name":"(anonymous_2)","decl":{"start":{"line":135,"column":2},"end":{"line":135,"column":3}},"loc":{"start":{"line":135,"column":19},"end":{"line":137,"column":3}},"line":135},"3":{"name":"(anonymous_3)","decl":{"start":{"line":136,"column":23},"end":{"line":136,"column":24}},"loc":{"start":{"line":136,"column":34},"end":{"line":136,"column":57}},"line":136},"4":{"name":"(anonymous_4)","decl":{"start":{"line":142,"column":2},"end":{"line":142,"column":3}},"loc":{"start":{"line":142,"column":109},"end":{"line":231,"column":3}},"line":142},"5":{"name":"(anonymous_5)","decl":{"start":{"line":150,"column":6},"end":{"line":150,"column":7}},"loc":{"start":{"line":150,"column":25},"end":{"line":160,"column":7}},"line":150},"6":{"name":"(anonymous_6)","decl":{"start":{"line":163,"column":6},"end":{"line":163,"column":7}},"loc":{"start":{"line":163,"column":25},"end":{"line":183,"column":7}},"line":163},"7":{"name":"(anonymous_7)","decl":{"start":{"line":186,"column":6},"end":{"line":186,"column":7}},"loc":{"start":{"line":186,"column":25},"end":{"line":210,"column":7}},"line":186},"8":{"name":"(anonymous_8)","decl":{"start":{"line":213,"column":6},"end":{"line":213,"column":7}},"loc":{"start":{"line":213,"column":25},"end":{"line":227,"column":7}},"line":213},"9":{"name":"(anonymous_9)","decl":{"start":{"line":236,"column":2},"end":{"line":236,"column":3}},"loc":{"start":{"line":236,"column":55},"end":{"line":301,"column":3}},"line":236},"10":{"name":"(anonymous_10)","decl":{"start":{"line":244,"column":6},"end":{"line":244,"column":7}},"loc":{"start":{"line":244,"column":25},"end":{"line":261,"column":7}},"line":244},"11":{"name":"(anonymous_11)","decl":{"start":{"line":264,"column":6},"end":{"line":264,"column":7}},"loc":{"start":{"line":264,"column":25},"end":{"line":275,"column":7}},"line":264},"12":{"name":"(anonymous_12)","decl":{"start":{"line":278,"column":6},"end":{"line":278,"column":7}},"loc":{"start":{"line":278,"column":25},"end":{"line":297,"column":7}},"line":278},"13":{"name":"(anonymous_13)","decl":{"start":{"line":306,"column":2},"end":{"line":306,"column":3}},"loc":{"start":{"line":306,"column":55},"end":{"line":365,"column":3}},"line":306},"14":{"name":"(anonymous_14)","decl":{"start":{"line":309,"column":6},"end":{"line":309,"column":7}},"loc":{"start":{"line":309,"column":25},"end":{"line":326,"column":7}},"line":309},"15":{"name":"(anonymous_15)","decl":{"start":{"line":329,"column":6},"end":{"line":329,"column":7}},"loc":{"start":{"line":329,"column":25},"end":{"line":340,"column":7}},"line":329},"16":{"name":"(anonymous_16)","decl":{"start":{"line":343,"column":6},"end":{"line":343,"column":7}},"loc":{"start":{"line":343,"column":25},"end":{"line":361,"column":7}},"line":343},"17":{"name":"(anonymous_17)","decl":{"start":{"line":370,"column":2},"end":{"line":370,"column":3}},"loc":{"start":{"line":370,"column":55},"end":{"line":430,"column":3}},"line":370},"18":{"name":"(anonymous_18)","decl":{"start":{"line":373,"column":6},"end":{"line":373,"column":7}},"loc":{"start":{"line":373,"column":25},"end":{"line":390,"column":7}},"line":373},"19":{"name":"(anonymous_19)","decl":{"start":{"line":393,"column":6},"end":{"line":393,"column":7}},"loc":{"start":{"line":393,"column":25},"end":{"line":405,"column":7}},"line":393},"20":{"name":"(anonymous_20)","decl":{"start":{"line":408,"column":6},"end":{"line":408,"column":7}},"loc":{"start":{"line":408,"column":25},"end":{"line":426,"column":7}},"line":408}},"branchMap":{"0":{"loc":{"start":{"line":17,"column":46},"end":{"line":17,"column":58}},"type":"default-arg","locations":[{"start":{"line":17,"column":56},"end":{"line":17,"column":58}}],"line":17},"1":{"loc":{"start":{"line":19,"column":6},"end":{"line":19,"column":20}},"type":"default-arg","locations":[{"start":{"line":19,"column":19},"end":{"line":19,"column":20}}],"line":19},"2":{"loc":{"start":{"line":20,"column":6},"end":{"line":20,"column":22}},"type":"default-arg","locations":[{"start":{"line":20,"column":19},"end":{"line":20,"column":22}}],"line":20},"3":{"loc":{"start":{"line":21,"column":6},"end":{"line":21,"column":25}},"type":"default-arg","locations":[{"start":{"line":21,"column":23},"end":{"line":21,"column":25}}],"line":21},"4":{"loc":{"start":{"line":78,"column":21},"end":{"line":78,"column":73}},"type":"binary-expr","locations":[{"start":{"line":78,"column":21},"end":{"line":78,"column":49}},{"start":{"line":78,"column":53},"end":{"line":78,"column":73}}],"line":78},"5":{"loc":{"start":{"line":82,"column":8},"end":{"line":85,"column":9}},"type":"if","locations":[{"start":{"line":82,"column":8},"end":{"line":85,"column":9}},{"start":{},"end":{}}],"line":82},"6":{"loc":{"start":{"line":82,"column":12},"end":{"line":82,"column":64}},"type":"binary-expr","locations":[{"start":{"line":82,"column":12},"end":{"line":82,"column":40}},{"start":{"line":82,"column":44},"end":{"line":82,"column":64}}],"line":82},"7":{"loc":{"start":{"line":103,"column":4},"end":{"line":105,"column":5}},"type":"if","locations":[{"start":{"line":103,"column":4},"end":{"line":105,"column":5}},{"start":{},"end":{}}],"line":103},"8":{"loc":{"start":{"line":116,"column":4},"end":{"line":118,"column":5}},"type":"if","locations":[{"start":{"line":116,"column":4},"end":{"line":118,"column":5}},{"start":{},"end":{}}],"line":116},"9":{"loc":{"start":{"line":128,"column":11},"end":{"line":129,"column":129}},"type":"binary-expr","locations":[{"start":{"line":128,"column":11},"end":{"line":128,"column":46}},{"start":{"line":129,"column":12},"end":{"line":129,"column":31}},{"start":{"line":129,"column":35},"end":{"line":129,"column":76}},{"start":{"line":129,"column":80},"end":{"line":129,"column":128}}],"line":128},"10":{"loc":{"start":{"line":144,"column":4},"end":{"line":146,"column":5}},"type":"if","locations":[{"start":{"line":144,"column":4},"end":{"line":146,"column":5}},{"start":{},"end":{}}],"line":144},"11":{"loc":{"start":{"line":144,"column":8},"end":{"line":144,"column":55}},"type":"binary-expr","locations":[{"start":{"line":144,"column":8},"end":{"line":144,"column":19}},{"start":{"line":144,"column":23},"end":{"line":144,"column":32}},{"start":{"line":144,"column":36},"end":{"line":144,"column":55}}],"line":144},"12":{"loc":{"start":{"line":156,"column":8},"end":{"line":158,"column":9}},"type":"if","locations":[{"start":{"line":156,"column":8},"end":{"line":158,"column":9}},{"start":{},"end":{}}],"line":156},"13":{"loc":{"start":{"line":171,"column":8},"end":{"line":173,"column":9}},"type":"if","locations":[{"start":{"line":171,"column":8},"end":{"line":173,"column":9}},{"start":{},"end":{}}],"line":171},"14":{"loc":{"start":{"line":187,"column":8},"end":{"line":189,"column":9}},"type":"if","locations":[{"start":{"line":187,"column":8},"end":{"line":189,"column":9}},{"start":{},"end":{}}],"line":187},"15":{"loc":{"start":{"line":187,"column":12},"end":{"line":187,"column":62}},"type":"binary-expr","locations":[{"start":{"line":187,"column":12},"end":{"line":187,"column":29}},{"start":{"line":187,"column":33},"end":{"line":187,"column":62}}],"line":187},"16":{"loc":{"start":{"line":198,"column":8},"end":{"line":200,"column":9}},"type":"if","locations":[{"start":{"line":198,"column":8},"end":{"line":200,"column":9}},{"start":{},"end":{}}],"line":198},"17":{"loc":{"start":{"line":238,"column":4},"end":{"line":240,"column":5}},"type":"if","locations":[{"start":{"line":238,"column":4},"end":{"line":240,"column":5}},{"start":{},"end":{}}],"line":238},"18":{"loc":{"start":{"line":238,"column":8},"end":{"line":238,"column":27}},"type":"binary-expr","locations":[{"start":{"line":238,"column":8},"end":{"line":238,"column":16}},{"start":{"line":238,"column":20},"end":{"line":238,"column":27}}],"line":238},"19":{"loc":{"start":{"line":248,"column":8},"end":{"line":250,"column":9}},"type":"if","locations":[{"start":{"line":248,"column":8},"end":{"line":250,"column":9}},{"start":{},"end":{}}],"line":248},"20":{"loc":{"start":{"line":252,"column":8},"end":{"line":254,"column":9}},"type":"if","locations":[{"start":{"line":252,"column":8},"end":{"line":254,"column":9}},{"start":{},"end":{}}],"line":252},"21":{"loc":{"start":{"line":256,"column":8},"end":{"line":258,"column":9}},"type":"if","locations":[{"start":{"line":256,"column":8},"end":{"line":258,"column":9}},{"start":{},"end":{}}],"line":256},"22":{"loc":{"start":{"line":284,"column":14},"end":{"line":284,"column":42}},"type":"binary-expr","locations":[{"start":{"line":284,"column":14},"end":{"line":284,"column":36}},{"start":{"line":284,"column":40},"end":{"line":284,"column":42}}],"line":284},"23":{"loc":{"start":{"line":285,"column":14},"end":{"line":285,"column":40}},"type":"binary-expr","locations":[{"start":{"line":285,"column":14},"end":{"line":285,"column":34}},{"start":{"line":285,"column":38},"end":{"line":285,"column":40}}],"line":285},"24":{"loc":{"start":{"line":288,"column":8},"end":{"line":294,"column":9}},"type":"if","locations":[{"start":{"line":288,"column":8},"end":{"line":294,"column":9}},{"start":{},"end":{}}],"line":288},"25":{"loc":{"start":{"line":313,"column":8},"end":{"line":315,"column":9}},"type":"if","locations":[{"start":{"line":313,"column":8},"end":{"line":315,"column":9}},{"start":{},"end":{}}],"line":313},"26":{"loc":{"start":{"line":317,"column":8},"end":{"line":319,"column":9}},"type":"if","locations":[{"start":{"line":317,"column":8},"end":{"line":319,"column":9}},{"start":{},"end":{}}],"line":317},"27":{"loc":{"start":{"line":321,"column":8},"end":{"line":323,"column":9}},"type":"if","locations":[{"start":{"line":321,"column":8},"end":{"line":323,"column":9}},{"start":{},"end":{}}],"line":321},"28":{"loc":{"start":{"line":348,"column":14},"end":{"line":348,"column":42}},"type":"binary-expr","locations":[{"start":{"line":348,"column":14},"end":{"line":348,"column":36}},{"start":{"line":348,"column":40},"end":{"line":348,"column":42}}],"line":348},"29":{"loc":{"start":{"line":349,"column":14},"end":{"line":349,"column":40}},"type":"binary-expr","locations":[{"start":{"line":349,"column":14},"end":{"line":349,"column":34}},{"start":{"line":349,"column":38},"end":{"line":349,"column":40}}],"line":349},"30":{"loc":{"start":{"line":352,"column":8},"end":{"line":358,"column":9}},"type":"if","locations":[{"start":{"line":352,"column":8},"end":{"line":358,"column":9}},{"start":{},"end":{}}],"line":352},"31":{"loc":{"start":{"line":377,"column":8},"end":{"line":379,"column":9}},"type":"if","locations":[{"start":{"line":377,"column":8},"end":{"line":379,"column":9}},{"start":{},"end":{}}],"line":377},"32":{"loc":{"start":{"line":381,"column":8},"end":{"line":383,"column":9}},"type":"if","locations":[{"start":{"line":381,"column":8},"end":{"line":383,"column":9}},{"start":{},"end":{}}],"line":381},"33":{"loc":{"start":{"line":385,"column":8},"end":{"line":387,"column":9}},"type":"if","locations":[{"start":{"line":385,"column":8},"end":{"line":387,"column":9}},{"start":{},"end":{}}],"line":385},"34":{"loc":{"start":{"line":413,"column":14},"end":{"line":413,"column":42}},"type":"binary-expr","locations":[{"start":{"line":413,"column":14},"end":{"line":413,"column":36}},{"start":{"line":413,"column":40},"end":{"line":413,"column":42}}],"line":413},"35":{"loc":{"start":{"line":414,"column":14},"end":{"line":414,"column":40}},"type":"binary-expr","locations":[{"start":{"line":414,"column":14},"end":{"line":414,"column":34}},{"start":{"line":414,"column":38},"end":{"line":414,"column":40}}],"line":414},"36":{"loc":{"start":{"line":417,"column":8},"end":{"line":423,"column":9}},"type":"if","locations":[{"start":{"line":417,"column":8},"end":{"line":423,"column":9}},{"start":{},"end":{}}],"line":417}},"s":{"0":1,"1":1,"2":1,"3":4,"4":4,"5":4,"6":4,"7":4,"8":4,"9":4,"10":4,"11":0,"12":0,"13":0,"14":0,"15":0,"16":0,"17":0,"18":0,"19":0,"20":4,"21":0,"22":0,"23":0,"24":0,"25":0,"26":0,"27":4,"28":0,"29":0,"30":0,"31":0,"32":0,"33":0,"34":0,"35":0,"36":0,"37":0,"38":0,"39":0,"40":0,"41":0,"42":0,"43":0,"44":0,"45":0,"46":0,"47":0,"48":0,"49":0,"50":0,"51":0,"52":0,"53":0,"54":0,"55":0,"56":0,"57":0,"58":0,"59":0,"60":0,"61":0,"62":0,"63":0,"64":0,"65":0,"66":0,"67":0,"68":0,"69":0,"70":0,"71":0,"72":0,"73":0,"74":0,"75":0,"76":0,"77":0,"78":0,"79":0,"80":0,"81":0,"82":0,"83":0,"84":0,"85":0,"86":0,"87":0,"88":0,"89":0,"90":0,"91":0,"92":0,"93":0,"94":0,"95":0,"96":0,"97":0,"98":0,"99":0,"100":0,"101":0,"102":0,"103":0,"104":0,"105":0,"106":0,"107":0,"108":0,"109":0,"110":0,"111":0,"112":0,"113":0,"114":0,"115":0,"116":0,"117":0,"118":0,"119":0,"120":0,"121":0,"122":0,"123":0,"124":0,"125":0,"126":0,"127":1},"f":{"0":4,"1":0,"2":0,"3":0,"4":0,"5":0,"6":0,"7":0,"8":0,"9":0,"10":0,"11":0,"12":0,"13":0,"14":0,"15":0,"16":0,"17":0,"18":0,"19":0,"20":0},"b":{"0":[4],"1":[4],"2":[4],"3":[4],"4":[0,0],"5":[0,0],"6":[0,0],"7":[0,0],"8":[0,0],"9":[0,0,0,0],"10":[0,0],"11":[0,0,0],"12":[0,0],"13":[0,0],"14":[0,0],"15":[0,0],"16":[0,0],"17":[0,0],"18":[0,0],"19":[0,0],"20":[0,0],"21":[0,0],"22":[0,0],"23":[0,0],"24":[0,0],"25":[0,0],"26":[0,0],"27":[0,0],"28":[0,0],"29":[0,0],"30":[0,0],"31":[0,0],"32":[0,0],"33":[0,0],"34":[0,0],"35":[0,0],"36":[0,0]},"_coverageSchema":"1a1c01bbd47fc00a2c39e90264f33305004495a9","hash":"e5c92a08af75105e09fc6c5f5484c77a997074bc"}
}
