{"C:\\Users\\JB\\Music\\cadok-backend\\app.js": {"path":"C:\\Users\\JB\\Music\\cadok-backend\\app.js","statementMap":{"0":{"start":{"line":1,"column":16},"end":{"line":1,"column":34}},"1":{"start":{"line":2,"column":13},"end":{"line":2,"column":28}},"2":{"start":{"line":3,"column":15},"end":{"line":3,"column":32}},"3":{"start":{"line":4,"column":13},"end":{"line":4,"column":28}},"4":{"start":{"line":6,"column":0},"end":{"line":6,"column":16}},"5":{"start":{"line":8,"column":12},"end":{"line":8,"column":21}},"6":{"start":{"line":11,"column":0},"end":{"line":11,"column":16}},"7":{"start":{"line":12,"column":0},"end":{"line":12,"column":24}},"8":{"start":{"line":13,"column":0},"end":{"line":13,"column":69}},"9":{"start":{"line":16,"column":19},"end":{"line":16,"column":43}},"10":{"start":{"line":17,"column":0},"end":{"line":17,"column":33}},"11":{"start":{"line":20,"column":11},"end":{"line":20,"column":24}},"12":{"start":{"line":21,"column":25},"end":{"line":21,"column":69}},"13":{"start":{"line":23,"column":0},"end":{"line":28,"column":1}},"14":{"start":{"line":24,"column":23},"end":{"line":24,"column":50}},"15":{"start":{"line":25,"column":2},"end":{"line":25,"column":40}},"16":{"start":{"line":27,"column":2},"end":{"line":27,"column":97}},"17":{"start":{"line":31,"column":24},"end":{"line":31,"column":67}},"18":{"start":{"line":33,"column":0},"end":{"line":38,"column":1}},"19":{"start":{"line":34,"column":22},"end":{"line":34,"column":48}},"20":{"start":{"line":35,"column":2},"end":{"line":35,"column":38}},"21":{"start":{"line":37,"column":2},"end":{"line":37,"column":95}},"22":{"start":{"line":41,"column":20},"end":{"line":41,"column":45}},"23":{"start":{"line":42,"column":0},"end":{"line":42,"column":35}},"24":{"start":{"line":45,"column":23},"end":{"line":45,"column":53}},"25":{"start":{"line":46,"column":0},"end":{"line":46,"column":43}},"26":{"start":{"line":49,"column":20},"end":{"line":49,"column":45}},"27":{"start":{"line":50,"column":0},"end":{"line":50,"column":35}},"28":{"start":{"line":53,"column":27},"end":{"line":53,"column":59}},"29":{"start":{"line":54,"column":0},"end":{"line":54,"column":50}},"30":{"start":{"line":57,"column":28},"end":{"line":57,"column":62}},"31":{"start":{"line":58,"column":0},"end":{"line":58,"column":52}},"32":{"start":{"line":61,"column":22},"end":{"line":61,"column":50}},"33":{"start":{"line":62,"column":0},"end":{"line":62,"column":40}},"34":{"start":{"line":65,"column":23},"end":{"line":65,"column":51}},"35":{"start":{"line":66,"column":0},"end":{"line":66,"column":41}},"36":{"start":{"line":69,"column":21},"end":{"line":69,"column":53}},"37":{"start":{"line":70,"column":0},"end":{"line":70,"column":37}},"38":{"start":{"line":73,"column":31},"end":{"line":73,"column":81}},"39":{"start":{"line":75,"column":0},"end":{"line":80,"column":1}},"40":{"start":{"line":76,"column":29},"end":{"line":76,"column":62}},"41":{"start":{"line":77,"column":2},"end":{"line":77,"column":52}},"42":{"start":{"line":79,"column":2},"end":{"line":79,"column":109}},"43":{"start":{"line":83,"column":31},"end":{"line":83,"column":81}},"44":{"start":{"line":85,"column":0},"end":{"line":90,"column":1}},"45":{"start":{"line":86,"column":29},"end":{"line":86,"column":62}},"46":{"start":{"line":87,"column":2},"end":{"line":87,"column":52}},"47":{"start":{"line":89,"column":2},"end":{"line":89,"column":109}},"48":{"start":{"line":93,"column":0},"end":{"line":95,"column":3}},"49":{"start":{"line":94,"column":2},"end":{"line":94,"column":40}},"50":{"start":{"line":97,"column":0},"end":{"line":97,"column":21}}},"fnMap":{"0":{"name":"(anonymous_0)","decl":{"start":{"line":93,"column":13},"end":{"line":93,"column":14}},"loc":{"start":{"line":93,"column":27},"end":{"line":95,"column":1}},"line":93}},"branchMap":{"0":{"loc":{"start":{"line":23,"column":0},"end":{"line":28,"column":1}},"type":"if","locations":[{"start":{"line":23,"column":0},"end":{"line":28,"column":1}},{"start":{"line":26,"column":7},"end":{"line":28,"column":1}}],"line":23},"1":{"loc":{"start":{"line":33,"column":0},"end":{"line":38,"column":1}},"type":"if","locations":[{"start":{"line":33,"column":0},"end":{"line":38,"column":1}},{"start":{"line":36,"column":7},"end":{"line":38,"column":1}}],"line":33},"2":{"loc":{"start":{"line":75,"column":0},"end":{"line":80,"column":1}},"type":"if","locations":[{"start":{"line":75,"column":0},"end":{"line":80,"column":1}},{"start":{"line":78,"column":7},"end":{"line":80,"column":1}}],"line":75},"3":{"loc":{"start":{"line":85,"column":0},"end":{"line":90,"column":1}},"type":"if","locations":[{"start":{"line":85,"column":0},"end":{"line":90,"column":1}},{"start":{"line":88,"column":7},"end":{"line":90,"column":1}}],"line":85}},"s":{"0":6,"1":6,"2":6,"3":6,"4":6,"5":6,"6":6,"7":6,"8":6,"9":6,"10":6,"11":6,"12":6,"13":6,"14":6,"15":6,"16":0,"17":6,"18":6,"19":6,"20":6,"21":0,"22":6,"23":6,"24":6,"25":6,"26":6,"27":6,"28":6,"29":6,"30":6,"31":6,"32":6,"33":6,"34":6,"35":6,"36":6,"37":6,"38":6,"39":6,"40":6,"41":6,"42":0,"43":6,"44":6,"45":6,"46":6,"47":0,"48":6,"49":0,"50":6},"f":{"0":0},"b":{"0":[6,0],"1":[6,0],"2":[6,0],"3":[6,0]},"_coverageSchema":"1a1c01bbd47fc00a2c39e90264f33305004495a9","hash":"8c3c7123e75ff48385454c008f124dd4bbb04c1f"}
,"C:\\Users\\JB\\Music\\cadok-backend\\controllers\\categoryController.js": {"path":"C:\\Users\\JB\\Music\\cadok-backend\\controllers\\categoryController.js","statementMap":{"0":{"start":{"line":1,"column":0},"end":{"line":13,"column":2}},"1":{"start":{"line":2,"column":2},"end":{"line":12,"column":3}},"2":{"start":{"line":3,"column":25},"end":{"line":3,"column":61}},"3":{"start":{"line":4,"column":21},"end":{"line":7,"column":6}},"4":{"start":{"line":8,"column":4},"end":{"line":8,"column":26}},"5":{"start":{"line":9,"column":4},"end":{"line":9,"column":35}},"6":{"start":{"line":11,"column":4},"end":{"line":11,"column":49}}},"fnMap":{"0":{"name":"(anonymous_0)","decl":{"start":{"line":1,"column":25},"end":{"line":1,"column":26}},"loc":{"start":{"line":1,"column":45},"end":{"line":13,"column":1}},"line":1}},"branchMap":{},"s":{"0":6,"1":0,"2":0,"3":0,"4":0,"5":0,"6":0},"f":{"0":0},"b":{},"_coverageSchema":"1a1c01bbd47fc00a2c39e90264f33305004495a9","hash":"3ec485d1ac5ab05d09922f89e9177195a74d7ebf"}
,"C:\\Users\\JB\\Music\\cadok-backend\\middlewares\\auth.js": {"path":"C:\\Users\\JB\\Music\\cadok-backend\\middlewares\\auth.js","statementMap":{"0":{"start":{"line":1,"column":12},"end":{"line":1,"column":35}},"1":{"start":{"line":4,"column":16},"end":{"line":4,"column":67}},"2":{"start":{"line":5,"column":2},"end":{"line":5,"column":71}},"3":{"start":{"line":5,"column":14},"end":{"line":5,"column":71}},"4":{"start":{"line":7,"column":2},"end":{"line":20,"column":3}},"5":{"start":{"line":8,"column":21},"end":{"line":8,"column":62}},"6":{"start":{"line":11,"column":4},"end":{"line":14,"column":6}},"7":{"start":{"line":16,"column":4},"end":{"line":16,"column":11}},"8":{"start":{"line":18,"column":4},"end":{"line":18,"column":57}},"9":{"start":{"line":19,"column":4},"end":{"line":19,"column":56}},"10":{"start":{"line":23,"column":0},"end":{"line":23,"column":22}}},"fnMap":{"0":{"name":"auth","decl":{"start":{"line":3,"column":9},"end":{"line":3,"column":13}},"loc":{"start":{"line":3,"column":30},"end":{"line":21,"column":1}},"line":3}},"branchMap":{"0":{"loc":{"start":{"line":5,"column":2},"end":{"line":5,"column":71}},"type":"if","locations":[{"start":{"line":5,"column":2},"end":{"line":5,"column":71}},{"start":{},"end":{}}],"line":5},"1":{"loc":{"start":{"line":12,"column":10},"end":{"line":12,"column":56}},"type":"binary-expr","locations":[{"start":{"line":12,"column":10},"end":{"line":12,"column":21}},{"start":{"line":12,"column":25},"end":{"line":12,"column":40}},{"start":{"line":12,"column":44},"end":{"line":12,"column":56}}],"line":12}},"s":{"0":6,"1":27,"2":27,"3":0,"4":27,"5":27,"6":0,"7":0,"8":27,"9":27,"10":6},"f":{"0":27},"b":{"0":[0,27],"1":[0,0,0]},"_coverageSchema":"1a1c01bbd47fc00a2c39e90264f33305004495a9","hash":"6ff38c2f8246bfde4df0d064ef35e5661ad9e7dc"}
,"C:\\Users\\JB\\Music\\cadok-backend\\middlewares\\authMiddleware.js": {"path":"C:\\Users\\JB\\Music\\cadok-backend\\middlewares\\authMiddleware.js","statementMap":{"0":{"start":{"line":6,"column":12},"end":{"line":6,"column":35}},"1":{"start":{"line":11,"column":13},"end":{"line":77,"column":1}},"2":{"start":{"line":12,"column":2},"end":{"line":76,"column":3}},"3":{"start":{"line":14,"column":23},"end":{"line":14,"column":50}},"4":{"start":{"line":16,"column":4},"end":{"line":33,"column":5}},"5":{"start":{"line":18,"column":6},"end":{"line":27,"column":7}},"6":{"start":{"line":19,"column":8},"end":{"line":19,"column":62}},"7":{"start":{"line":20,"column":8},"end":{"line":25,"column":10}},"8":{"start":{"line":26,"column":8},"end":{"line":26,"column":22}},"9":{"start":{"line":29,"column":6},"end":{"line":32,"column":9}},"10":{"start":{"line":36,"column":18},"end":{"line":36,"column":51}},"11":{"start":{"line":38,"column":4},"end":{"line":43,"column":5}},"12":{"start":{"line":39,"column":6},"end":{"line":42,"column":9}},"13":{"start":{"line":46,"column":23},"end":{"line":46,"column":74}},"14":{"start":{"line":47,"column":20},"end":{"line":47,"column":49}},"15":{"start":{"line":50,"column":4},"end":{"line":50,"column":23}},"16":{"start":{"line":52,"column":4},"end":{"line":52,"column":88}},"17":{"start":{"line":53,"column":4},"end":{"line":53,"column":11}},"18":{"start":{"line":56,"column":4},"end":{"line":56,"column":63}},"19":{"start":{"line":58,"column":4},"end":{"line":63,"column":5}},"20":{"start":{"line":59,"column":6},"end":{"line":62,"column":9}},"21":{"start":{"line":65,"column":4},"end":{"line":70,"column":5}},"22":{"start":{"line":66,"column":6},"end":{"line":69,"column":9}},"23":{"start":{"line":72,"column":4},"end":{"line":75,"column":7}},"24":{"start":{"line":83,"column":21},"end":{"line":105,"column":1}},"25":{"start":{"line":84,"column":2},"end":{"line":102,"column":3}},"26":{"start":{"line":85,"column":23},"end":{"line":85,"column":50}},"27":{"start":{"line":87,"column":4},"end":{"line":90,"column":5}},"28":{"start":{"line":88,"column":6},"end":{"line":88,"column":22}},"29":{"start":{"line":89,"column":6},"end":{"line":89,"column":20}},"30":{"start":{"line":92,"column":18},"end":{"line":92,"column":51}},"31":{"start":{"line":93,"column":23},"end":{"line":93,"column":74}},"32":{"start":{"line":94,"column":20},"end":{"line":94,"column":49}},"33":{"start":{"line":96,"column":4},"end":{"line":96,"column":23}},"34":{"start":{"line":97,"column":4},"end":{"line":97,"column":78}},"35":{"start":{"line":100,"column":4},"end":{"line":100,"column":71}},"36":{"start":{"line":101,"column":4},"end":{"line":101,"column":20}},"37":{"start":{"line":104,"column":2},"end":{"line":104,"column":9}},"38":{"start":{"line":110,"column":21},"end":{"line":126,"column":1}},"39":{"start":{"line":111,"column":2},"end":{"line":116,"column":3}},"40":{"start":{"line":112,"column":4},"end":{"line":115,"column":7}},"41":{"start":{"line":118,"column":2},"end":{"line":123,"column":3}},"42":{"start":{"line":119,"column":4},"end":{"line":122,"column":7}},"43":{"start":{"line":125,"column":2},"end":{"line":125,"column":9}},"44":{"start":{"line":131,"column":23},"end":{"line":166,"column":1}},"45":{"start":{"line":132,"column":2},"end":{"line":165,"column":3}},"46":{"start":{"line":133,"column":4},"end":{"line":138,"column":5}},"47":{"start":{"line":134,"column":6},"end":{"line":137,"column":9}},"48":{"start":{"line":140,"column":24},"end":{"line":140,"column":34}},"49":{"start":{"line":143,"column":4},"end":{"line":146,"column":5}},"50":{"start":{"line":144,"column":6},"end":{"line":144,"column":67}},"51":{"start":{"line":145,"column":6},"end":{"line":145,"column":20}},"52":{"start":{"line":157,"column":4},"end":{"line":157,"column":11}},"53":{"start":{"line":160,"column":4},"end":{"line":160,"column":62}},"54":{"start":{"line":161,"column":4},"end":{"line":164,"column":7}},"55":{"start":{"line":171,"column":26},"end":{"line":184,"column":1}},"56":{"start":{"line":172,"column":22},"end":{"line":178,"column":3}},"57":{"start":{"line":180,"column":15},"end":{"line":180,"column":46}},"58":{"start":{"line":181,"column":21},"end":{"line":181,"column":72}},"59":{"start":{"line":183,"column":2},"end":{"line":183,"column":58}},"60":{"start":{"line":186,"column":0},"end":{"line":192,"column":2}}},"fnMap":{"0":{"name":"(anonymous_0)","decl":{"start":{"line":11,"column":13},"end":{"line":11,"column":14}},"loc":{"start":{"line":11,"column":33},"end":{"line":77,"column":1}},"line":11},"1":{"name":"(anonymous_1)","decl":{"start":{"line":83,"column":21},"end":{"line":83,"column":22}},"loc":{"start":{"line":83,"column":41},"end":{"line":105,"column":1}},"line":83},"2":{"name":"(anonymous_2)","decl":{"start":{"line":110,"column":21},"end":{"line":110,"column":22}},"loc":{"start":{"line":110,"column":41},"end":{"line":126,"column":1}},"line":110},"3":{"name":"(anonymous_3)","decl":{"start":{"line":131,"column":23},"end":{"line":131,"column":24}},"loc":{"start":{"line":131,"column":49},"end":{"line":166,"column":1}},"line":131},"4":{"name":"(anonymous_4)","decl":{"start":{"line":171,"column":26},"end":{"line":171,"column":27}},"loc":{"start":{"line":171,"column":45},"end":{"line":184,"column":1}},"line":171}},"branchMap":{"0":{"loc":{"start":{"line":16,"column":4},"end":{"line":33,"column":5}},"type":"if","locations":[{"start":{"line":16,"column":4},"end":{"line":33,"column":5}},{"start":{},"end":{}}],"line":16},"1":{"loc":{"start":{"line":18,"column":6},"end":{"line":27,"column":7}},"type":"if","locations":[{"start":{"line":18,"column":6},"end":{"line":27,"column":7}},{"start":{},"end":{}}],"line":18},"2":{"loc":{"start":{"line":38,"column":4},"end":{"line":43,"column":5}},"type":"if","locations":[{"start":{"line":38,"column":4},"end":{"line":43,"column":5}},{"start":{},"end":{}}],"line":38},"3":{"loc":{"start":{"line":46,"column":23},"end":{"line":46,"column":74}},"type":"binary-expr","locations":[{"start":{"line":46,"column":23},"end":{"line":46,"column":45}},{"start":{"line":46,"column":49},"end":{"line":46,"column":74}}],"line":46},"4":{"loc":{"start":{"line":58,"column":4},"end":{"line":63,"column":5}},"type":"if","locations":[{"start":{"line":58,"column":4},"end":{"line":63,"column":5}},{"start":{},"end":{}}],"line":58},"5":{"loc":{"start":{"line":65,"column":4},"end":{"line":70,"column":5}},"type":"if","locations":[{"start":{"line":65,"column":4},"end":{"line":70,"column":5}},{"start":{},"end":{}}],"line":65},"6":{"loc":{"start":{"line":87,"column":4},"end":{"line":90,"column":5}},"type":"if","locations":[{"start":{"line":87,"column":4},"end":{"line":90,"column":5}},{"start":{},"end":{}}],"line":87},"7":{"loc":{"start":{"line":93,"column":23},"end":{"line":93,"column":74}},"type":"binary-expr","locations":[{"start":{"line":93,"column":23},"end":{"line":93,"column":45}},{"start":{"line":93,"column":49},"end":{"line":93,"column":74}}],"line":93},"8":{"loc":{"start":{"line":111,"column":2},"end":{"line":116,"column":3}},"type":"if","locations":[{"start":{"line":111,"column":2},"end":{"line":116,"column":3}},{"start":{},"end":{}}],"line":111},"9":{"loc":{"start":{"line":118,"column":2},"end":{"line":123,"column":3}},"type":"if","locations":[{"start":{"line":118,"column":2},"end":{"line":123,"column":3}},{"start":{},"end":{}}],"line":118},"10":{"loc":{"start":{"line":133,"column":4},"end":{"line":138,"column":5}},"type":"if","locations":[{"start":{"line":133,"column":4},"end":{"line":138,"column":5}},{"start":{},"end":{}}],"line":133},"11":{"loc":{"start":{"line":143,"column":4},"end":{"line":146,"column":5}},"type":"if","locations":[{"start":{"line":143,"column":4},"end":{"line":146,"column":5}},{"start":{},"end":{}}],"line":143},"12":{"loc":{"start":{"line":171,"column":27},"end":{"line":171,"column":40}},"type":"default-arg","locations":[{"start":{"line":171,"column":38},"end":{"line":171,"column":40}}],"line":171},"13":{"loc":{"start":{"line":181,"column":21},"end":{"line":181,"column":72}},"type":"binary-expr","locations":[{"start":{"line":181,"column":21},"end":{"line":181,"column":43}},{"start":{"line":181,"column":47},"end":{"line":181,"column":72}}],"line":181}},"s":{"0":5,"1":5,"2":0,"3":0,"4":0,"5":0,"6":0,"7":0,"8":0,"9":0,"10":0,"11":0,"12":0,"13":0,"14":0,"15":0,"16":0,"17":0,"18":0,"19":0,"20":0,"21":0,"22":0,"23":0,"24":5,"25":0,"26":0,"27":0,"28":0,"29":0,"30":0,"31":0,"32":0,"33":0,"34":0,"35":0,"36":0,"37":0,"38":5,"39":0,"40":0,"41":0,"42":0,"43":0,"44":5,"45":0,"46":0,"47":0,"48":0,"49":0,"50":0,"51":0,"52":0,"53":0,"54":0,"55":5,"56":0,"57":0,"58":0,"59":0,"60":5},"f":{"0":0,"1":0,"2":0,"3":0,"4":0},"b":{"0":[0,0],"1":[0,0],"2":[0,0],"3":[0,0],"4":[0,0],"5":[0,0],"6":[0,0],"7":[0,0],"8":[0,0],"9":[0,0],"10":[0,0],"11":[0,0],"12":[0],"13":[0,0]},"_coverageSchema":"1a1c01bbd47fc00a2c39e90264f33305004495a9","hash":"47491c0728cecb113a6455b317583728fb1963c3"}
,"C:\\Users\\JB\\Music\\cadok-backend\\models\\Advertisement.js": {"path":"C:\\Users\\JB\\Music\\cadok-backend\\models\\Advertisement.js","statementMap":{"0":{"start":{"line":1,"column":17},"end":{"line":1,"column":36}},"1":{"start":{"line":3,"column":28},"end":{"line":54,"column":2}},"2":{"start":{"line":57,"column":0},"end":{"line":57,"column":53}},"3":{"start":{"line":58,"column":0},"end":{"line":58,"column":50}},"4":{"start":{"line":61,"column":0},"end":{"line":63,"column":2}},"5":{"start":{"line":62,"column":2},"end":{"line":62,"column":64}},"6":{"start":{"line":65,"column":0},"end":{"line":65,"column":70}}},"fnMap":{"0":{"name":"(anonymous_0)","decl":{"start":{"line":61,"column":39},"end":{"line":61,"column":40}},"loc":{"start":{"line":61,"column":50},"end":{"line":63,"column":1}},"line":61}},"branchMap":{"0":{"loc":{"start":{"line":62,"column":9},"end":{"line":62,"column":63}},"type":"binary-expr","locations":[{"start":{"line":62,"column":9},"end":{"line":62,"column":33}},{"start":{"line":62,"column":37},"end":{"line":62,"column":63}}],"line":62}},"s":{"0":6,"1":6,"2":6,"3":6,"4":6,"5":0,"6":6},"f":{"0":0},"b":{"0":[0,0]},"_coverageSchema":"1a1c01bbd47fc00a2c39e90264f33305004495a9","hash":"08165c98ceb17c3c11b43858e85f4e496cf77a00"}
,"C:\\Users\\JB\\Music\\cadok-backend\\models\\Category.js": {"path":"C:\\Users\\JB\\Music\\cadok-backend\\models\\Category.js","statementMap":{"0":{"start":{"line":2,"column":17},"end":{"line":2,"column":36}},"1":{"start":{"line":4,"column":23},"end":{"line":7,"column":2}},"2":{"start":{"line":9,"column":0},"end":{"line":9,"column":60}}},"fnMap":{},"branchMap":{},"s":{"0":6,"1":6,"2":6},"f":{},"b":{},"_coverageSchema":"1a1c01bbd47fc00a2c39e90264f33305004495a9","hash":"1231c74718b36c01e2f41aee47a3ae63c2f48a34"}
,"C:\\Users\\JB\\Music\\cadok-backend\\models\\Delivery.js": {"path":"C:\\Users\\JB\\Music\\cadok-backend\\models\\Delivery.js","statementMap":{"0":{"start":{"line":1,"column":17},"end":{"line":1,"column":36}},"1":{"start":{"line":3,"column":23},"end":{"line":242,"column":2}},"2":{"start":{"line":64,"column":12},"end":{"line":64,"column":37}},"3":{"start":{"line":81,"column":12},"end":{"line":81,"column":37}},"4":{"start":{"line":245,"column":0},"end":{"line":245,"column":37}},"5":{"start":{"line":246,"column":0},"end":{"line":246,"column":44}},"6":{"start":{"line":247,"column":0},"end":{"line":247,"column":36}},"7":{"start":{"line":248,"column":0},"end":{"line":248,"column":40}},"8":{"start":{"line":249,"column":0},"end":{"line":249,"column":62}},"9":{"start":{"line":252,"column":0},"end":{"line":257,"column":3}},"10":{"start":{"line":253,"column":2},"end":{"line":255,"column":3}},"11":{"start":{"line":254,"column":4},"end":{"line":254,"column":47}},"12":{"start":{"line":256,"column":2},"end":{"line":256,"column":14}},"13":{"start":{"line":260,"column":0},"end":{"line":262,"column":3}},"14":{"start":{"line":261,"column":2},"end":{"line":261,"column":58}},"15":{"start":{"line":265,"column":0},"end":{"line":271,"column":3}},"16":{"start":{"line":266,"column":2},"end":{"line":269,"column":3}},"17":{"start":{"line":267,"column":21},"end":{"line":267,"column":69}},"18":{"start":{"line":268,"column":4},"end":{"line":268,"column":55}},"19":{"start":{"line":270,"column":2},"end":{"line":270,"column":14}},"20":{"start":{"line":274,"column":0},"end":{"line":289,"column":2}},"21":{"start":{"line":275,"column":2},"end":{"line":281,"column":5}},"22":{"start":{"line":284,"column":2},"end":{"line":286,"column":3}},"23":{"start":{"line":285,"column":4},"end":{"line":285,"column":35}},"24":{"start":{"line":288,"column":2},"end":{"line":288,"column":21}},"25":{"start":{"line":292,"column":0},"end":{"line":303,"column":2}},"26":{"start":{"line":293,"column":2},"end":{"line":293,"column":28}},"27":{"start":{"line":294,"column":2},"end":{"line":294,"column":37}},"28":{"start":{"line":296,"column":2},"end":{"line":300,"column":5}},"29":{"start":{"line":302,"column":2},"end":{"line":302,"column":21}},"30":{"start":{"line":306,"column":0},"end":{"line":319,"column":2}},"31":{"start":{"line":307,"column":2},"end":{"line":309,"column":3}},"32":{"start":{"line":308,"column":4},"end":{"line":308,"column":13}},"33":{"start":{"line":311,"column":25},"end":{"line":311,"column":106}},"34":{"start":{"line":313,"column":2},"end":{"line":316,"column":3}},"35":{"start":{"line":315,"column":4},"end":{"line":315,"column":44}},"36":{"start":{"line":318,"column":2},"end":{"line":318,"column":11}},"37":{"start":{"line":322,"column":0},"end":{"line":353,"column":3}},"38":{"start":{"line":324,"column":2},"end":{"line":338,"column":3}},"39":{"start":{"line":325,"column":27},"end":{"line":328,"column":58}},"40":{"start":{"line":330,"column":30},"end":{"line":333,"column":64}},"41":{"start":{"line":335,"column":4},"end":{"line":337,"column":5}},"42":{"start":{"line":336,"column":6},"end":{"line":336,"column":109}},"43":{"start":{"line":341,"column":2},"end":{"line":350,"column":3}},"44":{"start":{"line":342,"column":28},"end":{"line":344,"column":70}},"45":{"start":{"line":346,"column":4},"end":{"line":349,"column":5}},"46":{"start":{"line":347,"column":6},"end":{"line":347,"column":49}},"47":{"start":{"line":348,"column":6},"end":{"line":348,"column":34}},"48":{"start":{"line":352,"column":2},"end":{"line":352,"column":9}},"49":{"start":{"line":355,"column":0},"end":{"line":355,"column":60}}},"fnMap":{"0":{"name":"(anonymous_0)","decl":{"start":{"line":63,"column":21},"end":{"line":63,"column":22}},"loc":{"start":{"line":63,"column":33},"end":{"line":65,"column":11}},"line":63},"1":{"name":"(anonymous_1)","decl":{"start":{"line":80,"column":21},"end":{"line":80,"column":22}},"loc":{"start":{"line":80,"column":33},"end":{"line":82,"column":11}},"line":80},"2":{"name":"(anonymous_2)","decl":{"start":{"line":252,"column":43},"end":{"line":252,"column":44}},"loc":{"start":{"line":252,"column":54},"end":{"line":257,"column":1}},"line":252},"3":{"name":"(anonymous_3)","decl":{"start":{"line":260,"column":42},"end":{"line":260,"column":43}},"loc":{"start":{"line":260,"column":53},"end":{"line":262,"column":1}},"line":260},"4":{"name":"(anonymous_4)","decl":{"start":{"line":265,"column":49},"end":{"line":265,"column":50}},"loc":{"start":{"line":265,"column":60},"end":{"line":271,"column":1}},"line":265},"5":{"name":"(anonymous_5)","decl":{"start":{"line":274,"column":42},"end":{"line":274,"column":43}},"loc":{"start":{"line":274,"column":62},"end":{"line":289,"column":1}},"line":274},"6":{"name":"(anonymous_6)","decl":{"start":{"line":292,"column":41},"end":{"line":292,"column":42}},"loc":{"start":{"line":292,"column":77},"end":{"line":303,"column":1}},"line":292},"7":{"name":"(anonymous_7)","decl":{"start":{"line":306,"column":43},"end":{"line":306,"column":44}},"loc":{"start":{"line":306,"column":54},"end":{"line":319,"column":1}},"line":306},"8":{"name":"(anonymous_8)","decl":{"start":{"line":322,"column":27},"end":{"line":322,"column":28}},"loc":{"start":{"line":322,"column":42},"end":{"line":353,"column":1}},"line":322}},"branchMap":{"0":{"loc":{"start":{"line":253,"column":2},"end":{"line":255,"column":3}},"type":"if","locations":[{"start":{"line":253,"column":2},"end":{"line":255,"column":3}},{"start":{},"end":{}}],"line":253},"1":{"loc":{"start":{"line":253,"column":6},"end":{"line":253,"column":43}},"type":"binary-expr","locations":[{"start":{"line":253,"column":6},"end":{"line":253,"column":17}},{"start":{"line":253,"column":21},"end":{"line":253,"column":43}}],"line":253},"2":{"loc":{"start":{"line":266,"column":2},"end":{"line":269,"column":3}},"type":"if","locations":[{"start":{"line":266,"column":2},"end":{"line":269,"column":3}},{"start":{},"end":{}}],"line":266},"3":{"loc":{"start":{"line":266,"column":6},"end":{"line":266,"column":45}},"type":"binary-expr","locations":[{"start":{"line":266,"column":6},"end":{"line":266,"column":22}},{"start":{"line":266,"column":26},"end":{"line":266,"column":45}}],"line":266},"4":{"loc":{"start":{"line":276,"column":10},"end":{"line":276,"column":38}},"type":"binary-expr","locations":[{"start":{"line":276,"column":10},"end":{"line":276,"column":24}},{"start":{"line":276,"column":28},"end":{"line":276,"column":38}}],"line":276},"5":{"loc":{"start":{"line":284,"column":2},"end":{"line":286,"column":3}},"type":"if","locations":[{"start":{"line":284,"column":2},"end":{"line":286,"column":3}},{"start":{},"end":{}}],"line":284},"6":{"loc":{"start":{"line":292,"column":50},"end":{"line":292,"column":75}},"type":"default-arg","locations":[{"start":{"line":292,"column":65},"end":{"line":292,"column":75}}],"line":292},"7":{"loc":{"start":{"line":307,"column":2},"end":{"line":309,"column":3}},"type":"if","locations":[{"start":{"line":307,"column":2},"end":{"line":309,"column":3}},{"start":{},"end":{}}],"line":307},"8":{"loc":{"start":{"line":307,"column":6},"end":{"line":307,"column":53}},"type":"binary-expr","locations":[{"start":{"line":307,"column":6},"end":{"line":307,"column":29}},{"start":{"line":307,"column":33},"end":{"line":307,"column":53}}],"line":307},"9":{"loc":{"start":{"line":313,"column":2},"end":{"line":316,"column":3}},"type":"if","locations":[{"start":{"line":313,"column":2},"end":{"line":316,"column":3}},{"start":{},"end":{}}],"line":313},"10":{"loc":{"start":{"line":324,"column":2},"end":{"line":338,"column":3}},"type":"if","locations":[{"start":{"line":324,"column":2},"end":{"line":338,"column":3}},{"start":{},"end":{}}],"line":324},"11":{"loc":{"start":{"line":325,"column":27},"end":{"line":328,"column":58}},"type":"binary-expr","locations":[{"start":{"line":325,"column":27},"end":{"line":325,"column":53}},{"start":{"line":326,"column":26},"end":{"line":326,"column":55}},{"start":{"line":327,"column":26},"end":{"line":327,"column":52}},{"start":{"line":328,"column":26},"end":{"line":328,"column":58}}],"line":325},"12":{"loc":{"start":{"line":330,"column":30},"end":{"line":333,"column":64}},"type":"binary-expr","locations":[{"start":{"line":330,"column":30},"end":{"line":330,"column":59}},{"start":{"line":331,"column":29},"end":{"line":331,"column":61}},{"start":{"line":332,"column":29},"end":{"line":332,"column":58}},{"start":{"line":333,"column":29},"end":{"line":333,"column":64}}],"line":330},"13":{"loc":{"start":{"line":335,"column":4},"end":{"line":337,"column":5}},"type":"if","locations":[{"start":{"line":335,"column":4},"end":{"line":337,"column":5}},{"start":{},"end":{}}],"line":335},"14":{"loc":{"start":{"line":335,"column":8},"end":{"line":335,"column":45}},"type":"binary-expr","locations":[{"start":{"line":335,"column":8},"end":{"line":335,"column":23}},{"start":{"line":335,"column":27},"end":{"line":335,"column":45}}],"line":335},"15":{"loc":{"start":{"line":341,"column":2},"end":{"line":350,"column":3}},"type":"if","locations":[{"start":{"line":341,"column":2},"end":{"line":350,"column":3}},{"start":{},"end":{}}],"line":341},"16":{"loc":{"start":{"line":342,"column":29},"end":{"line":342,"column":62}},"type":"binary-expr","locations":[{"start":{"line":342,"column":29},"end":{"line":342,"column":57}},{"start":{"line":342,"column":61},"end":{"line":342,"column":62}}],"line":342},"17":{"loc":{"start":{"line":343,"column":28},"end":{"line":343,"column":67}},"type":"binary-expr","locations":[{"start":{"line":343,"column":28},"end":{"line":343,"column":62}},{"start":{"line":343,"column":66},"end":{"line":343,"column":67}}],"line":343},"18":{"loc":{"start":{"line":344,"column":28},"end":{"line":344,"column":69}},"type":"binary-expr","locations":[{"start":{"line":344,"column":28},"end":{"line":344,"column":64}},{"start":{"line":344,"column":68},"end":{"line":344,"column":69}}],"line":344},"19":{"loc":{"start":{"line":346,"column":4},"end":{"line":349,"column":5}},"type":"if","locations":[{"start":{"line":346,"column":4},"end":{"line":349,"column":5}},{"start":{},"end":{}}],"line":346}},"s":{"0":6,"1":6,"2":0,"3":0,"4":6,"5":6,"6":6,"7":6,"8":6,"9":6,"10":0,"11":0,"12":0,"13":6,"14":0,"15":6,"16":0,"17":0,"18":0,"19":0,"20":6,"21":0,"22":0,"23":0,"24":0,"25":6,"26":0,"27":0,"28":0,"29":0,"30":6,"31":0,"32":0,"33":0,"34":0,"35":0,"36":0,"37":6,"38":0,"39":0,"40":0,"41":0,"42":0,"43":0,"44":0,"45":0,"46":0,"47":0,"48":0,"49":6},"f":{"0":0,"1":0,"2":0,"3":0,"4":0,"5":0,"6":0,"7":0,"8":0},"b":{"0":[0,0],"1":[0,0],"2":[0,0],"3":[0,0],"4":[0,0],"5":[0,0],"6":[0],"7":[0,0],"8":[0,0],"9":[0,0],"10":[0,0],"11":[0,0,0,0],"12":[0,0,0,0],"13":[0,0],"14":[0,0],"15":[0,0],"16":[0,0],"17":[0,0],"18":[0,0],"19":[0,0]},"_coverageSchema":"1a1c01bbd47fc00a2c39e90264f33305004495a9","hash":"19ffee7a3d336085fd637c302c980b76b7a6e66b"}
,"C:\\Users\\JB\\Music\\cadok-backend\\models\\Message.js": {"path":"C:\\Users\\JB\\Music\\cadok-backend\\models\\Message.js","statementMap":{"0":{"start":{"line":1,"column":17},"end":{"line":1,"column":36}},"1":{"start":{"line":2,"column":22},"end":{"line":8,"column":2}},"2":{"start":{"line":9,"column":0},"end":{"line":9,"column":58}}},"fnMap":{},"branchMap":{},"s":{"0":6,"1":6,"2":6},"f":{},"b":{},"_coverageSchema":"1a1c01bbd47fc00a2c39e90264f33305004495a9","hash":"cd03a2b43c3b77f7929898ea5852ca974e68dae8"}
,"C:\\Users\\JB\\Music\\cadok-backend\\models\\Notification.js": {"path":"C:\\Users\\JB\\Music\\cadok-backend\\models\\Notification.js","statementMap":{"0":{"start":{"line":1,"column":17},"end":{"line":1,"column":36}},"1":{"start":{"line":2,"column":27},"end":{"line":9,"column":2}},"2":{"start":{"line":10,"column":0},"end":{"line":10,"column":68}}},"fnMap":{},"branchMap":{},"s":{"0":6,"1":6,"2":6},"f":{},"b":{},"_coverageSchema":"1a1c01bbd47fc00a2c39e90264f33305004495a9","hash":"96df71ef0159d1efdf1112daccb8c9acede1a85e"}
,"C:\\Users\\JB\\Music\\cadok-backend\\models\\Object.js": {"path":"C:\\Users\\JB\\Music\\cadok-backend\\models\\Object.js","statementMap":{"0":{"start":{"line":1,"column":17},"end":{"line":1,"column":36}},"1":{"start":{"line":3,"column":21},"end":{"line":20,"column":24}},"2":{"start":{"line":22,"column":0},"end":{"line":22,"column":56}}},"fnMap":{},"branchMap":{},"s":{"0":6,"1":6,"2":6},"f":{},"b":{},"_coverageSchema":"1a1c01bbd47fc00a2c39e90264f33305004495a9","hash":"6ca15be6edbaa5a1d350ebbbad8b813df6253478"}
,"C:\\Users\\JB\\Music\\cadok-backend\\models\\Subscription.js": {"path":"C:\\Users\\JB\\Music\\cadok-backend\\models\\Subscription.js","statementMap":{"0":{"start":{"line":1,"column":17},"end":{"line":1,"column":36}},"1":{"start":{"line":3,"column":27},"end":{"line":77,"column":2}},"2":{"start":{"line":80,"column":0},"end":{"line":80,"column":52}},"3":{"start":{"line":83,"column":0},"end":{"line":88,"column":3}},"4":{"start":{"line":84,"column":2},"end":{"line":86,"column":3}},"5":{"start":{"line":85,"column":4},"end":{"line":85,"column":65}},"6":{"start":{"line":87,"column":2},"end":{"line":87,"column":9}},"7":{"start":{"line":91,"column":0},"end":{"line":98,"column":2}},"8":{"start":{"line":92,"column":2},"end":{"line":92,"column":40}},"9":{"start":{"line":92,"column":28},"end":{"line":92,"column":40}},"10":{"start":{"line":95,"column":2},"end":{"line":97,"column":36}},"11":{"start":{"line":101,"column":0},"end":{"line":103,"column":2}},"12":{"start":{"line":102,"column":2},"end":{"line":102,"column":52}},"13":{"start":{"line":106,"column":0},"end":{"line":108,"column":2}},"14":{"start":{"line":107,"column":2},"end":{"line":107,"column":79}},"15":{"start":{"line":111,"column":0},"end":{"line":125,"column":2}},"16":{"start":{"line":112,"column":2},"end":{"line":123,"column":3}},"17":{"start":{"line":113,"column":4},"end":{"line":113,"column":35}},"18":{"start":{"line":114,"column":4},"end":{"line":114,"column":30}},"19":{"start":{"line":115,"column":4},"end":{"line":115,"column":36}},"20":{"start":{"line":117,"column":4},"end":{"line":120,"column":5}},"21":{"start":{"line":118,"column":6},"end":{"line":118,"column":26}},"22":{"start":{"line":119,"column":6},"end":{"line":119,"column":28}},"23":{"start":{"line":122,"column":4},"end":{"line":122,"column":16}},"24":{"start":{"line":124,"column":2},"end":{"line":124,"column":15}},"25":{"start":{"line":128,"column":0},"end":{"line":135,"column":2}},"26":{"start":{"line":129,"column":17},"end":{"line":133,"column":3}},"27":{"start":{"line":134,"column":2},"end":{"line":134,"column":42}},"28":{"start":{"line":138,"column":0},"end":{"line":146,"column":2}},"29":{"start":{"line":139,"column":2},"end":{"line":144,"column":3}},"30":{"start":{"line":140,"column":22},"end":{"line":140,"column":32}},"31":{"start":{"line":141,"column":4},"end":{"line":141,"column":49}},"32":{"start":{"line":142,"column":4},"end":{"line":142,"column":29}},"33":{"start":{"line":143,"column":4},"end":{"line":143,"column":27}},"34":{"start":{"line":145,"column":2},"end":{"line":145,"column":21}},"35":{"start":{"line":148,"column":0},"end":{"line":148,"column":68}}},"fnMap":{"0":{"name":"(anonymous_0)","decl":{"start":{"line":83,"column":31},"end":{"line":83,"column":32}},"loc":{"start":{"line":83,"column":46},"end":{"line":88,"column":1}},"line":83},"1":{"name":"(anonymous_1)","decl":{"start":{"line":91,"column":38},"end":{"line":91,"column":39}},"loc":{"start":{"line":91,"column":49},"end":{"line":98,"column":1}},"line":91},"2":{"name":"(anonymous_2)","decl":{"start":{"line":101,"column":39},"end":{"line":101,"column":40}},"loc":{"start":{"line":101,"column":50},"end":{"line":103,"column":1}},"line":101},"3":{"name":"(anonymous_3)","decl":{"start":{"line":106,"column":45},"end":{"line":106,"column":46}},"loc":{"start":{"line":106,"column":56},"end":{"line":108,"column":1}},"line":106},"4":{"name":"(anonymous_4)","decl":{"start":{"line":111,"column":51},"end":{"line":111,"column":52}},"loc":{"start":{"line":111,"column":62},"end":{"line":125,"column":1}},"line":111},"5":{"name":"(anonymous_5)","decl":{"start":{"line":128,"column":39},"end":{"line":128,"column":40}},"loc":{"start":{"line":128,"column":50},"end":{"line":135,"column":1}},"line":128},"6":{"name":"(anonymous_6)","decl":{"start":{"line":138,"column":35},"end":{"line":138,"column":36}},"loc":{"start":{"line":138,"column":46},"end":{"line":146,"column":1}},"line":138}},"branchMap":{"0":{"loc":{"start":{"line":84,"column":2},"end":{"line":86,"column":3}},"type":"if","locations":[{"start":{"line":84,"column":2},"end":{"line":86,"column":3}},{"start":{},"end":{}}],"line":84},"1":{"loc":{"start":{"line":84,"column":6},"end":{"line":84,"column":73}},"type":"binary-expr","locations":[{"start":{"line":84,"column":7},"end":{"line":84,"column":28}},{"start":{"line":84,"column":32},"end":{"line":84,"column":55}},{"start":{"line":84,"column":60},"end":{"line":84,"column":73}}],"line":84},"2":{"loc":{"start":{"line":92,"column":2},"end":{"line":92,"column":40}},"type":"if","locations":[{"start":{"line":92,"column":2},"end":{"line":92,"column":40}},{"start":{},"end":{}}],"line":92},"3":{"loc":{"start":{"line":95,"column":9},"end":{"line":97,"column":35}},"type":"binary-expr","locations":[{"start":{"line":95,"column":10},"end":{"line":95,"column":34}},{"start":{"line":95,"column":38},"end":{"line":95,"column":65}},{"start":{"line":96,"column":9},"end":{"line":96,"column":21}},{"start":{"line":97,"column":9},"end":{"line":97,"column":35}}],"line":95},"4":{"loc":{"start":{"line":102,"column":9},"end":{"line":102,"column":51}},"type":"binary-expr","locations":[{"start":{"line":102,"column":9},"end":{"line":102,"column":32}},{"start":{"line":102,"column":36},"end":{"line":102,"column":51}}],"line":102},"5":{"loc":{"start":{"line":107,"column":9},"end":{"line":107,"column":78}},"type":"binary-expr","locations":[{"start":{"line":107,"column":10},"end":{"line":107,"column":31}},{"start":{"line":107,"column":35},"end":{"line":107,"column":58}},{"start":{"line":107,"column":63},"end":{"line":107,"column":78}}],"line":107},"6":{"loc":{"start":{"line":112,"column":2},"end":{"line":123,"column":3}},"type":"if","locations":[{"start":{"line":112,"column":2},"end":{"line":123,"column":3}},{"start":{},"end":{}}],"line":112},"7":{"loc":{"start":{"line":112,"column":6},"end":{"line":112,"column":94}},"type":"binary-expr","locations":[{"start":{"line":112,"column":6},"end":{"line":112,"column":24}},{"start":{"line":112,"column":28},"end":{"line":112,"column":52}},{"start":{"line":112,"column":56},"end":{"line":112,"column":94}}],"line":112},"8":{"loc":{"start":{"line":117,"column":4},"end":{"line":120,"column":5}},"type":"if","locations":[{"start":{"line":117,"column":4},"end":{"line":120,"column":5}},{"start":{},"end":{}}],"line":117},"9":{"loc":{"start":{"line":134,"column":9},"end":{"line":134,"column":41}},"type":"binary-expr","locations":[{"start":{"line":134,"column":9},"end":{"line":134,"column":26}},{"start":{"line":134,"column":30},"end":{"line":134,"column":41}}],"line":134},"10":{"loc":{"start":{"line":139,"column":2},"end":{"line":144,"column":3}},"type":"if","locations":[{"start":{"line":139,"column":2},"end":{"line":144,"column":3}},{"start":{},"end":{}}],"line":139}},"s":{"0":7,"1":7,"2":7,"3":7,"4":0,"5":0,"6":0,"7":7,"8":0,"9":0,"10":0,"11":7,"12":0,"13":7,"14":0,"15":7,"16":0,"17":0,"18":0,"19":0,"20":0,"21":0,"22":0,"23":0,"24":0,"25":7,"26":0,"27":0,"28":7,"29":0,"30":0,"31":0,"32":0,"33":0,"34":0,"35":7},"f":{"0":0,"1":0,"2":0,"3":0,"4":0,"5":0,"6":0},"b":{"0":[0,0],"1":[0,0,0],"2":[0,0],"3":[0,0,0,0],"4":[0,0],"5":[0,0,0],"6":[0,0],"7":[0,0,0],"8":[0,0],"9":[0,0],"10":[0,0]},"_coverageSchema":"1a1c01bbd47fc00a2c39e90264f33305004495a9","hash":"d08d38cf1801c156ff9e8eb4e0e4f5c2960ec014"}
,"C:\\Users\\JB\\Music\\cadok-backend\\models\\Trade.js": {"path":"C:\\Users\\JB\\Music\\cadok-backend\\models\\Trade.js","statementMap":{"0":{"start":{"line":1,"column":17},"end":{"line":1,"column":36}},"1":{"start":{"line":3,"column":21},"end":{"line":19,"column":1}},"2":{"start":{"line":21,"column":20},"end":{"line":226,"column":24}},"3":{"start":{"line":228,"column":0},"end":{"line":228,"column":54}}},"fnMap":{},"branchMap":{},"s":{"0":8,"1":8,"2":8,"3":8},"f":{},"b":{},"_coverageSchema":"1a1c01bbd47fc00a2c39e90264f33305004495a9","hash":"13ab6d35f5a203bad36247b664d913213aefebde"}
,"C:\\Users\\JB\\Music\\cadok-backend\\models\\User.js": {"path":"C:\\Users\\JB\\Music\\cadok-backend\\models\\User.js","statementMap":{"0":{"start":{"line":1,"column":17},"end":{"line":1,"column":36}},"1":{"start":{"line":4,"column":19},"end":{"line":77,"column":24}},"2":{"start":{"line":79,"column":0},"end":{"line":79,"column":52}}},"fnMap":{},"branchMap":{},"s":{"0":9,"1":9,"2":9},"f":{},"b":{},"_coverageSchema":"1a1c01bbd47fc00a2c39e90264f33305004495a9","hash":"8f3a6aebe3cd8ee3e08a3d43f79f40ca21638ed3"}
,"C:\\Users\\JB\\Music\\cadok-backend\\routes\\advertisements.js": {"path":"C:\\Users\\JB\\Music\\cadok-backend\\routes\\advertisements.js","statementMap":{"0":{"start":{"line":1,"column":16},"end":{"line":1,"column":34}},"1":{"start":{"line":2,"column":15},"end":{"line":2,"column":31}},"2":{"start":{"line":3,"column":22},"end":{"line":3,"column":56}},"3":{"start":{"line":4,"column":21},"end":{"line":4,"column":54}},"4":{"start":{"line":5,"column":15},"end":{"line":5,"column":42}},"5":{"start":{"line":6,"column":13},"end":{"line":6,"column":43}},"6":{"start":{"line":11,"column":0},"end":{"line":58,"column":3}},"7":{"start":{"line":12,"column":2},"end":{"line":57,"column":3}},"8":{"start":{"line":13,"column":35},"end":{"line":13,"column":43}},"9":{"start":{"line":15,"column":4},"end":{"line":17,"column":5}},"10":{"start":{"line":16,"column":6},"end":{"line":16,"column":78}},"11":{"start":{"line":20,"column":25},"end":{"line":20,"column":74}},"12":{"start":{"line":21,"column":4},"end":{"line":23,"column":5}},"13":{"start":{"line":22,"column":6},"end":{"line":22,"column":76}},"14":{"start":{"line":26,"column":19},"end":{"line":26,"column":78}},"15":{"start":{"line":27,"column":4},"end":{"line":29,"column":5}},"16":{"start":{"line":28,"column":6},"end":{"line":28,"column":67}},"17":{"start":{"line":32,"column":24},"end":{"line":32,"column":27}},"18":{"start":{"line":33,"column":18},"end":{"line":33,"column":40}},"19":{"start":{"line":35,"column":20},"end":{"line":35,"column":30}},"20":{"start":{"line":36,"column":4},"end":{"line":36,"column":50}},"21":{"start":{"line":38,"column":26},"end":{"line":45,"column":6}},"22":{"start":{"line":47,"column":4},"end":{"line":47,"column":31}},"23":{"start":{"line":48,"column":4},"end":{"line":48,"column":64}},"24":{"start":{"line":50,"column":4},"end":{"line":53,"column":7}},"25":{"start":{"line":55,"column":4},"end":{"line":55,"column":72}},"26":{"start":{"line":56,"column":4},"end":{"line":56,"column":56}},"27":{"start":{"line":63,"column":0},"end":{"line":74,"column":3}},"28":{"start":{"line":64,"column":2},"end":{"line":73,"column":3}},"29":{"start":{"line":65,"column":27},"end":{"line":67,"column":30}},"30":{"start":{"line":69,"column":4},"end":{"line":69,"column":29}},"31":{"start":{"line":71,"column":4},"end":{"line":71,"column":75}},"32":{"start":{"line":72,"column":4},"end":{"line":72,"column":56}},"33":{"start":{"line":79,"column":0},"end":{"line":95,"column":3}},"34":{"start":{"line":80,"column":2},"end":{"line":94,"column":3}},"35":{"start":{"line":81,"column":27},"end":{"line":88,"column":16}},"36":{"start":{"line":90,"column":4},"end":{"line":90,"column":29}},"37":{"start":{"line":92,"column":4},"end":{"line":92,"column":83}},"38":{"start":{"line":93,"column":4},"end":{"line":93,"column":56}},"39":{"start":{"line":100,"column":0},"end":{"line":125,"column":3}},"40":{"start":{"line":101,"column":2},"end":{"line":124,"column":3}},"41":{"start":{"line":102,"column":21},"end":{"line":102,"column":29}},"42":{"start":{"line":104,"column":4},"end":{"line":106,"column":5}},"43":{"start":{"line":105,"column":6},"end":{"line":105,"column":64}},"44":{"start":{"line":108,"column":24},"end":{"line":108,"column":72}},"45":{"start":{"line":110,"column":26},"end":{"line":114,"column":5}},"46":{"start":{"line":116,"column":4},"end":{"line":118,"column":5}},"47":{"start":{"line":117,"column":6},"end":{"line":117,"column":72}},"48":{"start":{"line":120,"column":4},"end":{"line":120,"column":48}},"49":{"start":{"line":122,"column":4},"end":{"line":122,"column":76}},"50":{"start":{"line":123,"column":4},"end":{"line":123,"column":56}},"51":{"start":{"line":130,"column":0},"end":{"line":148,"column":3}},"52":{"start":{"line":131,"column":2},"end":{"line":147,"column":3}},"53":{"start":{"line":132,"column":26},"end":{"line":135,"column":6}},"54":{"start":{"line":137,"column":4},"end":{"line":139,"column":5}},"55":{"start":{"line":138,"column":6},"end":{"line":138,"column":72}},"56":{"start":{"line":141,"column":4},"end":{"line":141,"column":57}},"57":{"start":{"line":143,"column":4},"end":{"line":143,"column":61}},"58":{"start":{"line":145,"column":4},"end":{"line":145,"column":75}},"59":{"start":{"line":146,"column":4},"end":{"line":146,"column":56}},"60":{"start":{"line":150,"column":0},"end":{"line":150,"column":24}}},"fnMap":{"0":{"name":"(anonymous_0)","decl":{"start":{"line":11,"column":23},"end":{"line":11,"column":24}},"loc":{"start":{"line":11,"column":43},"end":{"line":58,"column":1}},"line":11},"1":{"name":"(anonymous_1)","decl":{"start":{"line":63,"column":24},"end":{"line":63,"column":25}},"loc":{"start":{"line":63,"column":44},"end":{"line":74,"column":1}},"line":63},"2":{"name":"(anonymous_2)","decl":{"start":{"line":79,"column":22},"end":{"line":79,"column":23}},"loc":{"start":{"line":79,"column":42},"end":{"line":95,"column":1}},"line":79},"3":{"name":"(anonymous_3)","decl":{"start":{"line":100,"column":25},"end":{"line":100,"column":26}},"loc":{"start":{"line":100,"column":45},"end":{"line":125,"column":1}},"line":100},"4":{"name":"(anonymous_4)","decl":{"start":{"line":130,"column":28},"end":{"line":130,"column":29}},"loc":{"start":{"line":130,"column":48},"end":{"line":148,"column":1}},"line":130}},"branchMap":{"0":{"loc":{"start":{"line":15,"column":4},"end":{"line":17,"column":5}},"type":"if","locations":[{"start":{"line":15,"column":4},"end":{"line":17,"column":5}},{"start":{},"end":{}}],"line":15},"1":{"loc":{"start":{"line":15,"column":8},"end":{"line":15,"column":30}},"type":"binary-expr","locations":[{"start":{"line":15,"column":8},"end":{"line":15,"column":17}},{"start":{"line":15,"column":21},"end":{"line":15,"column":30}}],"line":15},"2":{"loc":{"start":{"line":21,"column":4},"end":{"line":23,"column":5}},"type":"if","locations":[{"start":{"line":21,"column":4},"end":{"line":23,"column":5}},{"start":{},"end":{}}],"line":21},"3":{"loc":{"start":{"line":21,"column":8},"end":{"line":21,"column":50}},"type":"binary-expr","locations":[{"start":{"line":21,"column":8},"end":{"line":21,"column":21}},{"start":{"line":21,"column":25},"end":{"line":21,"column":50}}],"line":21},"4":{"loc":{"start":{"line":27,"column":4},"end":{"line":29,"column":5}},"type":"if","locations":[{"start":{"line":27,"column":4},"end":{"line":29,"column":5}},{"start":{},"end":{}}],"line":27},"5":{"loc":{"start":{"line":104,"column":4},"end":{"line":106,"column":5}},"type":"if","locations":[{"start":{"line":104,"column":4},"end":{"line":106,"column":5}},{"start":{},"end":{}}],"line":104},"6":{"loc":{"start":{"line":108,"column":24},"end":{"line":108,"column":72}},"type":"cond-expr","locations":[{"start":{"line":108,"column":48},"end":{"line":108,"column":61}},{"start":{"line":108,"column":64},"end":{"line":108,"column":72}}],"line":108},"7":{"loc":{"start":{"line":116,"column":4},"end":{"line":118,"column":5}},"type":"if","locations":[{"start":{"line":116,"column":4},"end":{"line":118,"column":5}},{"start":{},"end":{}}],"line":116},"8":{"loc":{"start":{"line":137,"column":4},"end":{"line":139,"column":5}},"type":"if","locations":[{"start":{"line":137,"column":4},"end":{"line":139,"column":5}},{"start":{},"end":{}}],"line":137}},"s":{"0":6,"1":6,"2":6,"3":6,"4":6,"5":6,"6":6,"7":0,"8":0,"9":0,"10":0,"11":0,"12":0,"13":0,"14":0,"15":0,"16":0,"17":0,"18":0,"19":0,"20":0,"21":0,"22":0,"23":0,"24":0,"25":0,"26":0,"27":6,"28":0,"29":0,"30":0,"31":0,"32":0,"33":6,"34":0,"35":0,"36":0,"37":0,"38":0,"39":6,"40":0,"41":0,"42":0,"43":0,"44":0,"45":0,"46":0,"47":0,"48":0,"49":0,"50":0,"51":6,"52":0,"53":0,"54":0,"55":0,"56":0,"57":0,"58":0,"59":0,"60":6},"f":{"0":0,"1":0,"2":0,"3":0,"4":0},"b":{"0":[0,0],"1":[0,0],"2":[0,0],"3":[0,0],"4":[0,0],"5":[0,0],"6":[0,0],"7":[0,0],"8":[0,0]},"_coverageSchema":"1a1c01bbd47fc00a2c39e90264f33305004495a9","hash":"ad7c98ab71ffe08630917475f49866738fc7e0b9"}
,"C:\\Users\\JB\\Music\\cadok-backend\\routes\\auth.js": {"path":"C:\\Users\\JB\\Music\\cadok-backend\\routes\\auth.js","statementMap":{"0":{"start":{"line":3,"column":2},"end":{"line":3,"column":31}},"1":{"start":{"line":3,"column":21},"end":{"line":3,"column":31}},"2":{"start":{"line":4,"column":15},"end":{"line":4,"column":53}},"3":{"start":{"line":5,"column":2},"end":{"line":5,"column":88}},"4":{"start":{"line":7,"column":16},"end":{"line":7,"column":34}},"5":{"start":{"line":8,"column":15},"end":{"line":8,"column":34}},"6":{"start":{"line":9,"column":12},"end":{"line":9,"column":35}},"7":{"start":{"line":10,"column":13},"end":{"line":10,"column":38}},"8":{"start":{"line":11,"column":13},"end":{"line":11,"column":43}},"9":{"start":{"line":12,"column":35},"end":{"line":12,"column":63}},"10":{"start":{"line":13,"column":18},"end":{"line":13,"column":47}},"11":{"start":{"line":14,"column":15},"end":{"line":14,"column":32}},"12":{"start":{"line":15,"column":13},"end":{"line":15,"column":28}},"13":{"start":{"line":16,"column":11},"end":{"line":16,"column":24}},"14":{"start":{"line":18,"column":15},"end":{"line":18,"column":31}},"15":{"start":{"line":21,"column":21},"end":{"line":25,"column":2}},"16":{"start":{"line":28,"column":18},"end":{"line":28,"column":60}},"17":{"start":{"line":31,"column":0},"end":{"line":38,"column":1}},"18":{"start":{"line":32,"column":2},"end":{"line":37,"column":3}},"19":{"start":{"line":33,"column":4},"end":{"line":33,"column":49}},"20":{"start":{"line":35,"column":4},"end":{"line":35,"column":75}},"21":{"start":{"line":36,"column":4},"end":{"line":36,"column":14}},"22":{"start":{"line":40,"column":16},"end":{"line":50,"column":2}},"23":{"start":{"line":42,"column":4},"end":{"line":42,"column":24}},"24":{"start":{"line":46,"column":16},"end":{"line":46,"column":47}},"25":{"start":{"line":47,"column":17},"end":{"line":47,"column":85}},"26":{"start":{"line":48,"column":4},"end":{"line":48,"column":44}},"27":{"start":{"line":52,"column":15},"end":{"line":63,"column":2}},"28":{"start":{"line":56,"column":25},"end":{"line":56,"column":78}},"29":{"start":{"line":57,"column":4},"end":{"line":61,"column":5}},"30":{"start":{"line":58,"column":6},"end":{"line":58,"column":21}},"31":{"start":{"line":60,"column":6},"end":{"line":60,"column":86}},"32":{"start":{"line":66,"column":0},"end":{"line":107,"column":2}},"33":{"start":{"line":75,"column":19},"end":{"line":75,"column":40}},"34":{"start":{"line":76,"column":4},"end":{"line":78,"column":5}},"35":{"start":{"line":77,"column":6},"end":{"line":77,"column":62}},"36":{"start":{"line":79,"column":46},"end":{"line":79,"column":54}},"37":{"start":{"line":80,"column":4},"end":{"line":105,"column":5}},"38":{"start":{"line":81,"column":23},"end":{"line":81,"column":52}},"39":{"start":{"line":82,"column":6},"end":{"line":82,"column":83}},"40":{"start":{"line":82,"column":20},"end":{"line":82,"column":83}},"41":{"start":{"line":84,"column":29},"end":{"line":84,"column":60}},"42":{"start":{"line":87,"column":22},"end":{"line":87,"column":24}},"43":{"start":{"line":88,"column":6},"end":{"line":90,"column":7}},"44":{"start":{"line":89,"column":8},"end":{"line":89,"column":60}},"45":{"start":{"line":92,"column":22},"end":{"line":92,"column":100}},"46":{"start":{"line":93,"column":6},"end":{"line":93,"column":27}},"47":{"start":{"line":95,"column":20},"end":{"line":99,"column":7}},"48":{"start":{"line":100,"column":25},"end":{"line":100,"column":84}},"49":{"start":{"line":101,"column":6},"end":{"line":101,"column":65}},"50":{"start":{"line":102,"column":6},"end":{"line":102,"column":58}},"51":{"start":{"line":104,"column":6},"end":{"line":104,"column":51}},"52":{"start":{"line":110,"column":0},"end":{"line":148,"column":2}},"53":{"start":{"line":118,"column":19},"end":{"line":118,"column":40}},"54":{"start":{"line":119,"column":4},"end":{"line":121,"column":5}},"55":{"start":{"line":120,"column":6},"end":{"line":120,"column":62}},"56":{"start":{"line":122,"column":32},"end":{"line":122,"column":40}},"57":{"start":{"line":123,"column":4},"end":{"line":146,"column":5}},"58":{"start":{"line":124,"column":19},"end":{"line":124,"column":48}},"59":{"start":{"line":126,"column":24},"end":{"line":126,"column":87}},"60":{"start":{"line":127,"column":6},"end":{"line":131,"column":7}},"61":{"start":{"line":129,"column":8},"end":{"line":129,"column":50}},"62":{"start":{"line":130,"column":8},"end":{"line":130,"column":75}},"63":{"start":{"line":133,"column":22},"end":{"line":133,"column":67}},"64":{"start":{"line":134,"column":6},"end":{"line":134,"column":87}},"65":{"start":{"line":134,"column":20},"end":{"line":134,"column":87}},"66":{"start":{"line":136,"column":20},"end":{"line":140,"column":7}},"67":{"start":{"line":141,"column":25},"end":{"line":141,"column":81}},"68":{"start":{"line":142,"column":6},"end":{"line":142,"column":65}},"69":{"start":{"line":143,"column":6},"end":{"line":143,"column":58}},"70":{"start":{"line":145,"column":6},"end":{"line":145,"column":51}},"71":{"start":{"line":151,"column":0},"end":{"line":160,"column":3}},"72":{"start":{"line":152,"column":2},"end":{"line":159,"column":3}},"73":{"start":{"line":153,"column":15},"end":{"line":153,"column":74}},"74":{"start":{"line":154,"column":4},"end":{"line":154,"column":83}},"75":{"start":{"line":154,"column":15},"end":{"line":154,"column":83}},"76":{"start":{"line":155,"column":4},"end":{"line":155,"column":47}},"77":{"start":{"line":156,"column":4},"end":{"line":156,"column":23}},"78":{"start":{"line":158,"column":4},"end":{"line":158,"column":49}},"79":{"start":{"line":163,"column":0},"end":{"line":195,"column":2}},"80":{"start":{"line":170,"column":19},"end":{"line":170,"column":40}},"81":{"start":{"line":171,"column":4},"end":{"line":173,"column":5}},"82":{"start":{"line":172,"column":6},"end":{"line":172,"column":62}},"83":{"start":{"line":174,"column":36},"end":{"line":174,"column":44}},"84":{"start":{"line":175,"column":4},"end":{"line":193,"column":5}},"85":{"start":{"line":176,"column":22},"end":{"line":176,"column":24}},"86":{"start":{"line":177,"column":6},"end":{"line":177,"column":42}},"87":{"start":{"line":177,"column":18},"end":{"line":177,"column":42}},"88":{"start":{"line":178,"column":6},"end":{"line":178,"column":39}},"89":{"start":{"line":178,"column":17},"end":{"line":178,"column":39}},"90":{"start":{"line":179,"column":6},"end":{"line":179,"column":36}},"91":{"start":{"line":179,"column":16},"end":{"line":179,"column":36}},"92":{"start":{"line":182,"column":6},"end":{"line":185,"column":7}},"93":{"start":{"line":183,"column":25},"end":{"line":183,"column":81}},"94":{"start":{"line":184,"column":8},"end":{"line":184,"column":86}},"95":{"start":{"line":184,"column":22},"end":{"line":184,"column":86}},"96":{"start":{"line":187,"column":19},"end":{"line":187,"column":104}},"97":{"start":{"line":188,"column":6},"end":{"line":188,"column":85}},"98":{"start":{"line":188,"column":17},"end":{"line":188,"column":85}},"99":{"start":{"line":190,"column":6},"end":{"line":190,"column":25}},"100":{"start":{"line":192,"column":6},"end":{"line":192,"column":78}},"101":{"start":{"line":198,"column":0},"end":{"line":223,"column":3}},"102":{"start":{"line":199,"column":2},"end":{"line":222,"column":3}},"103":{"start":{"line":200,"column":20},"end":{"line":200,"column":22}},"104":{"start":{"line":202,"column":4},"end":{"line":208,"column":5}},"105":{"start":{"line":203,"column":6},"end":{"line":203,"column":21}},"106":{"start":{"line":204,"column":11},"end":{"line":208,"column":5}},"107":{"start":{"line":205,"column":6},"end":{"line":205,"column":58}},"108":{"start":{"line":207,"column":6},"end":{"line":207,"column":107}},"109":{"start":{"line":210,"column":15},"end":{"line":214,"column":32}},"110":{"start":{"line":216,"column":4},"end":{"line":216,"column":83}},"111":{"start":{"line":216,"column":15},"end":{"line":216,"column":83}},"112":{"start":{"line":217,"column":4},"end":{"line":217,"column":47}},"113":{"start":{"line":218,"column":4},"end":{"line":218,"column":23}},"114":{"start":{"line":220,"column":4},"end":{"line":220,"column":70}},"115":{"start":{"line":221,"column":4},"end":{"line":221,"column":94}},"116":{"start":{"line":226,"column":0},"end":{"line":232,"column":3}},"117":{"start":{"line":227,"column":2},"end":{"line":231,"column":5}},"118":{"start":{"line":234,"column":0},"end":{"line":234,"column":24}}},"fnMap":{"0":{"name":"getFullUrl","decl":{"start":{"line":2,"column":9},"end":{"line":2,"column":19}},"loc":{"start":{"line":2,"column":39},"end":{"line":6,"column":1}},"line":2},"1":{"name":"(anonymous_1)","decl":{"start":{"line":41,"column":15},"end":{"line":41,"column":16}},"loc":{"start":{"line":41,"column":34},"end":{"line":43,"column":3}},"line":41},"2":{"name":"(anonymous_2)","decl":{"start":{"line":44,"column":12},"end":{"line":44,"column":13}},"loc":{"start":{"line":44,"column":31},"end":{"line":49,"column":3}},"line":44},"3":{"name":"(anonymous_3)","decl":{"start":{"line":55,"column":14},"end":{"line":55,"column":15}},"loc":{"start":{"line":55,"column":33},"end":{"line":62,"column":3}},"line":55},"4":{"name":"(anonymous_4)","decl":{"start":{"line":74,"column":2},"end":{"line":74,"column":3}},"loc":{"start":{"line":74,"column":22},"end":{"line":106,"column":3}},"line":74},"5":{"name":"(anonymous_5)","decl":{"start":{"line":117,"column":2},"end":{"line":117,"column":3}},"loc":{"start":{"line":117,"column":22},"end":{"line":147,"column":3}},"line":117},"6":{"name":"(anonymous_6)","decl":{"start":{"line":151,"column":24},"end":{"line":151,"column":25}},"loc":{"start":{"line":151,"column":44},"end":{"line":160,"column":1}},"line":151},"7":{"name":"(anonymous_7)","decl":{"start":{"line":169,"column":2},"end":{"line":169,"column":3}},"loc":{"start":{"line":169,"column":22},"end":{"line":194,"column":3}},"line":169},"8":{"name":"(anonymous_8)","decl":{"start":{"line":198,"column":60},"end":{"line":198,"column":61}},"loc":{"start":{"line":198,"column":80},"end":{"line":223,"column":1}},"line":198},"9":{"name":"(anonymous_9)","decl":{"start":{"line":226,"column":31},"end":{"line":226,"column":32}},"loc":{"start":{"line":226,"column":45},"end":{"line":232,"column":1}},"line":226}},"branchMap":{"0":{"loc":{"start":{"line":3,"column":2},"end":{"line":3,"column":31}},"type":"if","locations":[{"start":{"line":3,"column":2},"end":{"line":3,"column":31}},{"start":{},"end":{}}],"line":3},"1":{"loc":{"start":{"line":5,"column":9},"end":{"line":5,"column":87}},"type":"cond-expr","locations":[{"start":{"line":5,"column":40},"end":{"line":5,"column":59}},{"start":{"line":5,"column":62},"end":{"line":5,"column":87}}],"line":5},"2":{"loc":{"start":{"line":31,"column":0},"end":{"line":38,"column":1}},"type":"if","locations":[{"start":{"line":31,"column":0},"end":{"line":38,"column":1}},{"start":{},"end":{}}],"line":31},"3":{"loc":{"start":{"line":57,"column":4},"end":{"line":61,"column":5}},"type":"if","locations":[{"start":{"line":57,"column":4},"end":{"line":61,"column":5}},{"start":{"line":59,"column":11},"end":{"line":61,"column":5}}],"line":57},"4":{"loc":{"start":{"line":76,"column":4},"end":{"line":78,"column":5}},"type":"if","locations":[{"start":{"line":76,"column":4},"end":{"line":78,"column":5}},{"start":{},"end":{}}],"line":76},"5":{"loc":{"start":{"line":82,"column":6},"end":{"line":82,"column":83}},"type":"if","locations":[{"start":{"line":82,"column":6},"end":{"line":82,"column":83}},{"start":{},"end":{}}],"line":82},"6":{"loc":{"start":{"line":88,"column":6},"end":{"line":90,"column":7}},"type":"if","locations":[{"start":{"line":88,"column":6},"end":{"line":90,"column":7}},{"start":{},"end":{}}],"line":88},"7":{"loc":{"start":{"line":119,"column":4},"end":{"line":121,"column":5}},"type":"if","locations":[{"start":{"line":119,"column":4},"end":{"line":121,"column":5}},{"start":{},"end":{}}],"line":119},"8":{"loc":{"start":{"line":127,"column":6},"end":{"line":131,"column":7}},"type":"if","locations":[{"start":{"line":127,"column":6},"end":{"line":131,"column":7}},{"start":{},"end":{}}],"line":127},"9":{"loc":{"start":{"line":134,"column":6},"end":{"line":134,"column":87}},"type":"if","locations":[{"start":{"line":134,"column":6},"end":{"line":134,"column":87}},{"start":{},"end":{}}],"line":134},"10":{"loc":{"start":{"line":154,"column":4},"end":{"line":154,"column":83}},"type":"if","locations":[{"start":{"line":154,"column":4},"end":{"line":154,"column":83}},{"start":{},"end":{}}],"line":154},"11":{"loc":{"start":{"line":171,"column":4},"end":{"line":173,"column":5}},"type":"if","locations":[{"start":{"line":171,"column":4},"end":{"line":173,"column":5}},{"start":{},"end":{}}],"line":171},"12":{"loc":{"start":{"line":177,"column":6},"end":{"line":177,"column":42}},"type":"if","locations":[{"start":{"line":177,"column":6},"end":{"line":177,"column":42}},{"start":{},"end":{}}],"line":177},"13":{"loc":{"start":{"line":178,"column":6},"end":{"line":178,"column":39}},"type":"if","locations":[{"start":{"line":178,"column":6},"end":{"line":178,"column":39}},{"start":{},"end":{}}],"line":178},"14":{"loc":{"start":{"line":179,"column":6},"end":{"line":179,"column":36}},"type":"if","locations":[{"start":{"line":179,"column":6},"end":{"line":179,"column":36}},{"start":{},"end":{}}],"line":179},"15":{"loc":{"start":{"line":182,"column":6},"end":{"line":185,"column":7}},"type":"if","locations":[{"start":{"line":182,"column":6},"end":{"line":185,"column":7}},{"start":{},"end":{}}],"line":182},"16":{"loc":{"start":{"line":184,"column":8},"end":{"line":184,"column":86}},"type":"if","locations":[{"start":{"line":184,"column":8},"end":{"line":184,"column":86}},{"start":{},"end":{}}],"line":184},"17":{"loc":{"start":{"line":188,"column":6},"end":{"line":188,"column":85}},"type":"if","locations":[{"start":{"line":188,"column":6},"end":{"line":188,"column":85}},{"start":{},"end":{}}],"line":188},"18":{"loc":{"start":{"line":202,"column":4},"end":{"line":208,"column":5}},"type":"if","locations":[{"start":{"line":202,"column":4},"end":{"line":208,"column":5}},{"start":{"line":204,"column":11},"end":{"line":208,"column":5}}],"line":202},"19":{"loc":{"start":{"line":204,"column":11},"end":{"line":208,"column":5}},"type":"if","locations":[{"start":{"line":204,"column":11},"end":{"line":208,"column":5}},{"start":{"line":206,"column":11},"end":{"line":208,"column":5}}],"line":204},"20":{"loc":{"start":{"line":216,"column":4},"end":{"line":216,"column":83}},"type":"if","locations":[{"start":{"line":216,"column":4},"end":{"line":216,"column":83}},{"start":{},"end":{}}],"line":216}},"s":{"0":0,"1":0,"2":0,"3":0,"4":6,"5":6,"6":6,"7":6,"8":6,"9":6,"10":6,"11":6,"12":6,"13":6,"14":6,"15":6,"16":6,"17":6,"18":0,"19":0,"20":0,"21":0,"22":6,"23":0,"24":0,"25":0,"26":0,"27":6,"28":0,"29":0,"30":0,"31":0,"32":6,"33":2,"34":2,"35":2,"36":0,"37":0,"38":0,"39":0,"40":0,"41":0,"42":0,"43":0,"44":0,"45":0,"46":0,"47":0,"48":0,"49":0,"50":0,"51":0,"52":6,"53":2,"54":2,"55":0,"56":2,"57":2,"58":2,"59":2,"60":2,"61":0,"62":0,"63":2,"64":0,"65":0,"66":0,"67":0,"68":0,"69":0,"70":2,"71":6,"72":0,"73":0,"74":0,"75":0,"76":0,"77":0,"78":0,"79":6,"80":0,"81":0,"82":0,"83":0,"84":0,"85":0,"86":0,"87":0,"88":0,"89":0,"90":0,"91":0,"92":0,"93":0,"94":0,"95":0,"96":0,"97":0,"98":0,"99":0,"100":0,"101":6,"102":0,"103":0,"104":0,"105":0,"106":0,"107":0,"108":0,"109":0,"110":0,"111":0,"112":0,"113":0,"114":0,"115":0,"116":6,"117":0,"118":6},"f":{"0":0,"1":0,"2":0,"3":0,"4":2,"5":2,"6":0,"7":0,"8":0,"9":0},"b":{"0":[0,0],"1":[0,0],"2":[0,6],"3":[0,0],"4":[2,0],"5":[0,0],"6":[0,0],"7":[0,2],"8":[0,2],"9":[0,0],"10":[0,0],"11":[0,0],"12":[0,0],"13":[0,0],"14":[0,0],"15":[0,0],"16":[0,0],"17":[0,0],"18":[0,0],"19":[0,0],"20":[0,0]},"_coverageSchema":"1a1c01bbd47fc00a2c39e90264f33305004495a9","hash":"973559c9cd1df33bcf1a0c8a91339d5c8db160ba"}
,"C:\\Users\\JB\\Music\\cadok-backend\\routes\\categories.js": {"path":"C:\\Users\\JB\\Music\\cadok-backend\\routes\\categories.js","statementMap":{"0":{"start":{"line":2,"column":16},"end":{"line":2,"column":34}},"1":{"start":{"line":3,"column":15},"end":{"line":3,"column":31}},"2":{"start":{"line":4,"column":27},"end":{"line":4,"column":71}},"3":{"start":{"line":5,"column":17},"end":{"line":5,"column":46}},"4":{"start":{"line":8,"column":0},"end":{"line":8,"column":52}},"5":{"start":{"line":11,"column":0},"end":{"line":18,"column":3}},"6":{"start":{"line":12,"column":2},"end":{"line":17,"column":3}},"7":{"start":{"line":13,"column":23},"end":{"line":13,"column":66}},"8":{"start":{"line":14,"column":4},"end":{"line":14,"column":25}},"9":{"start":{"line":16,"column":4},"end":{"line":16,"column":66}},"10":{"start":{"line":20,"column":0},"end":{"line":20,"column":24}}},"fnMap":{"0":{"name":"(anonymous_0)","decl":{"start":{"line":11,"column":16},"end":{"line":11,"column":17}},"loc":{"start":{"line":11,"column":36},"end":{"line":18,"column":1}},"line":11}},"branchMap":{},"s":{"0":6,"1":6,"2":6,"3":6,"4":6,"5":6,"6":0,"7":0,"8":0,"9":0,"10":6},"f":{"0":0},"b":{},"_coverageSchema":"1a1c01bbd47fc00a2c39e90264f33305004495a9","hash":"79d31688b739985ed0eeca7f702e36cc44c99a5c"}
,"C:\\Users\\JB\\Music\\cadok-backend\\routes\\conversations.js": {"path":"C:\\Users\\JB\\Music\\cadok-backend\\routes\\conversations.js","statementMap":{"0":{"start":{"line":1,"column":16},"end":{"line":1,"column":34}},"1":{"start":{"line":2,"column":15},"end":{"line":2,"column":31}},"2":{"start":{"line":3,"column":16},"end":{"line":3,"column":44}},"3":{"start":{"line":4,"column":14},"end":{"line":4,"column":40}},"4":{"start":{"line":5,"column":13},"end":{"line":5,"column":43}},"5":{"start":{"line":9,"column":2},"end":{"line":9,"column":31}},"6":{"start":{"line":9,"column":21},"end":{"line":9,"column":31}},"7":{"start":{"line":10,"column":15},"end":{"line":10,"column":53}},"8":{"start":{"line":11,"column":2},"end":{"line":11,"column":88}},"9":{"start":{"line":15,"column":0},"end":{"line":92,"column":3}},"10":{"start":{"line":16,"column":2},"end":{"line":91,"column":3}},"11":{"start":{"line":18,"column":19},"end":{"line":30,"column":28}},"12":{"start":{"line":32,"column":26},"end":{"line":32,"column":28}},"13":{"start":{"line":34,"column":4},"end":{"line":78,"column":5}},"14":{"start":{"line":36,"column":26},"end":{"line":38,"column":32}},"15":{"start":{"line":41,"column":26},"end":{"line":45,"column":8}},"16":{"start":{"line":48,"column":6},"end":{"line":49,"column":71}},"17":{"start":{"line":49,"column":8},"end":{"line":49,"column":71}},"18":{"start":{"line":50,"column":6},"end":{"line":51,"column":67}},"19":{"start":{"line":51,"column":8},"end":{"line":51,"column":67}},"20":{"start":{"line":52,"column":6},"end":{"line":53,"column":75}},"21":{"start":{"line":53,"column":8},"end":{"line":53,"column":75}},"22":{"start":{"line":55,"column":27},"end":{"line":75,"column":7}},"23":{"start":{"line":77,"column":6},"end":{"line":77,"column":39}},"24":{"start":{"line":81,"column":4},"end":{"line":85,"column":7}},"25":{"start":{"line":82,"column":20},"end":{"line":82,"column":99}},"26":{"start":{"line":83,"column":20},"end":{"line":83,"column":99}},"27":{"start":{"line":84,"column":6},"end":{"line":84,"column":27}},"28":{"start":{"line":87,"column":4},"end":{"line":87,"column":28}},"29":{"start":{"line":89,"column":4},"end":{"line":89,"column":78}},"30":{"start":{"line":90,"column":4},"end":{"line":90,"column":98}},"31":{"start":{"line":95,"column":0},"end":{"line":125,"column":3}},"32":{"start":{"line":96,"column":2},"end":{"line":124,"column":3}},"33":{"start":{"line":97,"column":24},"end":{"line":97,"column":34}},"34":{"start":{"line":100,"column":18},"end":{"line":100,"column":47}},"35":{"start":{"line":101,"column":4},"end":{"line":103,"column":5}},"36":{"start":{"line":102,"column":6},"end":{"line":102,"column":68}},"37":{"start":{"line":105,"column":4},"end":{"line":107,"column":5}},"38":{"start":{"line":106,"column":6},"end":{"line":106,"column":90}},"39":{"start":{"line":110,"column":21},"end":{"line":112,"column":29}},"40":{"start":{"line":114,"column":35},"end":{"line":118,"column":6}},"41":{"start":{"line":115,"column":6},"end":{"line":116,"column":59}},"42":{"start":{"line":116,"column":8},"end":{"line":116,"column":59}},"43":{"start":{"line":117,"column":6},"end":{"line":117,"column":17}},"44":{"start":{"line":120,"column":4},"end":{"line":120,"column":37}},"45":{"start":{"line":122,"column":4},"end":{"line":122,"column":73}},"46":{"start":{"line":123,"column":4},"end":{"line":123,"column":93}},"47":{"start":{"line":128,"column":0},"end":{"line":183,"column":3}},"48":{"start":{"line":129,"column":2},"end":{"line":182,"column":3}},"49":{"start":{"line":130,"column":24},"end":{"line":130,"column":34}},"50":{"start":{"line":131,"column":24},"end":{"line":131,"column":32}},"51":{"start":{"line":133,"column":4},"end":{"line":135,"column":5}},"52":{"start":{"line":134,"column":6},"end":{"line":134,"column":94}},"53":{"start":{"line":137,"column":4},"end":{"line":139,"column":5}},"54":{"start":{"line":138,"column":6},"end":{"line":138,"column":98}},"55":{"start":{"line":142,"column":18},"end":{"line":142,"column":47}},"56":{"start":{"line":143,"column":4},"end":{"line":145,"column":5}},"57":{"start":{"line":144,"column":6},"end":{"line":144,"column":68}},"58":{"start":{"line":147,"column":4},"end":{"line":149,"column":5}},"59":{"start":{"line":148,"column":6},"end":{"line":148,"column":90}},"60":{"start":{"line":152,"column":20},"end":{"line":156,"column":6}},"61":{"start":{"line":158,"column":4},"end":{"line":158,"column":25}},"62":{"start":{"line":161,"column":4},"end":{"line":161,"column":33}},"63":{"start":{"line":162,"column":4},"end":{"line":162,"column":23}},"64":{"start":{"line":165,"column":4},"end":{"line":165,"column":52}},"65":{"start":{"line":168,"column":25},"end":{"line":168,"column":58}},"66":{"start":{"line":169,"column":24},"end":{"line":169,"column":97}},"67":{"start":{"line":171,"column":4},"end":{"line":176,"column":7}},"68":{"start":{"line":178,"column":4},"end":{"line":178,"column":34}},"69":{"start":{"line":180,"column":4},"end":{"line":180,"column":64}},"70":{"start":{"line":181,"column":4},"end":{"line":181,"column":84}},"71":{"start":{"line":186,"column":0},"end":{"line":217,"column":3}},"72":{"start":{"line":187,"column":2},"end":{"line":216,"column":3}},"73":{"start":{"line":188,"column":24},"end":{"line":188,"column":34}},"74":{"start":{"line":191,"column":18},"end":{"line":191,"column":47}},"75":{"start":{"line":192,"column":4},"end":{"line":194,"column":5}},"76":{"start":{"line":193,"column":6},"end":{"line":193,"column":68}},"77":{"start":{"line":196,"column":4},"end":{"line":198,"column":5}},"78":{"start":{"line":197,"column":6},"end":{"line":197,"column":90}},"79":{"start":{"line":201,"column":4},"end":{"line":210,"column":6}},"80":{"start":{"line":212,"column":4},"end":{"line":212,"column":56}},"81":{"start":{"line":214,"column":4},"end":{"line":214,"column":62}},"82":{"start":{"line":215,"column":4},"end":{"line":215,"column":82}},"83":{"start":{"line":219,"column":0},"end":{"line":219,"column":24}}},"fnMap":{"0":{"name":"getFullUrl","decl":{"start":{"line":8,"column":9},"end":{"line":8,"column":19}},"loc":{"start":{"line":8,"column":39},"end":{"line":12,"column":1}},"line":8},"1":{"name":"(anonymous_1)","decl":{"start":{"line":15,"column":22},"end":{"line":15,"column":23}},"loc":{"start":{"line":15,"column":42},"end":{"line":92,"column":1}},"line":15},"2":{"name":"(anonymous_2)","decl":{"start":{"line":81,"column":23},"end":{"line":81,"column":24}},"loc":{"start":{"line":81,"column":33},"end":{"line":85,"column":5}},"line":81},"3":{"name":"(anonymous_3)","decl":{"start":{"line":95,"column":39},"end":{"line":95,"column":40}},"loc":{"start":{"line":95,"column":59},"end":{"line":125,"column":1}},"line":95},"4":{"name":"(anonymous_4)","decl":{"start":{"line":114,"column":48},"end":{"line":114,"column":49}},"loc":{"start":{"line":114,"column":55},"end":{"line":118,"column":5}},"line":114},"5":{"name":"(anonymous_5)","decl":{"start":{"line":128,"column":40},"end":{"line":128,"column":41}},"loc":{"start":{"line":128,"column":60},"end":{"line":183,"column":1}},"line":128},"6":{"name":"(anonymous_6)","decl":{"start":{"line":186,"column":37},"end":{"line":186,"column":38}},"loc":{"start":{"line":186,"column":57},"end":{"line":217,"column":1}},"line":186}},"branchMap":{"0":{"loc":{"start":{"line":9,"column":2},"end":{"line":9,"column":31}},"type":"if","locations":[{"start":{"line":9,"column":2},"end":{"line":9,"column":31}},{"start":{},"end":{}}],"line":9},"1":{"loc":{"start":{"line":11,"column":9},"end":{"line":11,"column":87}},"type":"cond-expr","locations":[{"start":{"line":11,"column":40},"end":{"line":11,"column":59}},{"start":{"line":11,"column":62},"end":{"line":11,"column":87}}],"line":11},"2":{"loc":{"start":{"line":48,"column":6},"end":{"line":49,"column":71}},"type":"if","locations":[{"start":{"line":48,"column":6},"end":{"line":49,"column":71}},{"start":{},"end":{}}],"line":48},"3":{"loc":{"start":{"line":48,"column":10},"end":{"line":48,"column":49}},"type":"binary-expr","locations":[{"start":{"line":48,"column":10},"end":{"line":48,"column":24}},{"start":{"line":48,"column":28},"end":{"line":48,"column":49}}],"line":48},"4":{"loc":{"start":{"line":50,"column":6},"end":{"line":51,"column":67}},"type":"if","locations":[{"start":{"line":50,"column":6},"end":{"line":51,"column":67}},{"start":{},"end":{}}],"line":50},"5":{"loc":{"start":{"line":50,"column":10},"end":{"line":50,"column":45}},"type":"binary-expr","locations":[{"start":{"line":50,"column":10},"end":{"line":50,"column":22}},{"start":{"line":50,"column":26},"end":{"line":50,"column":45}}],"line":50},"6":{"loc":{"start":{"line":52,"column":6},"end":{"line":53,"column":75}},"type":"if","locations":[{"start":{"line":52,"column":6},"end":{"line":53,"column":75}},{"start":{},"end":{}}],"line":52},"7":{"loc":{"start":{"line":52,"column":10},"end":{"line":52,"column":68}},"type":"binary-expr","locations":[{"start":{"line":52,"column":10},"end":{"line":52,"column":21}},{"start":{"line":52,"column":25},"end":{"line":52,"column":41}},{"start":{"line":52,"column":45},"end":{"line":52,"column":68}}],"line":52},"8":{"loc":{"start":{"line":66,"column":21},"end":{"line":72,"column":16}},"type":"cond-expr","locations":[{"start":{"line":66,"column":35},"end":{"line":72,"column":9}},{"start":{"line":72,"column":12},"end":{"line":72,"column":16}}],"line":66},"9":{"loc":{"start":{"line":82,"column":20},"end":{"line":82,"column":99}},"type":"cond-expr","locations":[{"start":{"line":82,"column":36},"end":{"line":82,"column":69}},{"start":{"line":82,"column":72},"end":{"line":82,"column":99}}],"line":82},"10":{"loc":{"start":{"line":83,"column":20},"end":{"line":83,"column":99}},"type":"cond-expr","locations":[{"start":{"line":83,"column":36},"end":{"line":83,"column":69}},{"start":{"line":83,"column":72},"end":{"line":83,"column":99}}],"line":83},"11":{"loc":{"start":{"line":101,"column":4},"end":{"line":103,"column":5}},"type":"if","locations":[{"start":{"line":101,"column":4},"end":{"line":103,"column":5}},{"start":{},"end":{}}],"line":101},"12":{"loc":{"start":{"line":105,"column":4},"end":{"line":107,"column":5}},"type":"if","locations":[{"start":{"line":105,"column":4},"end":{"line":107,"column":5}},{"start":{},"end":{}}],"line":105},"13":{"loc":{"start":{"line":105,"column":8},"end":{"line":105,"column":92}},"type":"binary-expr","locations":[{"start":{"line":105,"column":8},"end":{"line":105,"column":49}},{"start":{"line":105,"column":53},"end":{"line":105,"column":92}}],"line":105},"14":{"loc":{"start":{"line":115,"column":6},"end":{"line":116,"column":59}},"type":"if","locations":[{"start":{"line":115,"column":6},"end":{"line":116,"column":59}},{"start":{},"end":{}}],"line":115},"15":{"loc":{"start":{"line":115,"column":10},"end":{"line":115,"column":37}},"type":"binary-expr","locations":[{"start":{"line":115,"column":10},"end":{"line":115,"column":18}},{"start":{"line":115,"column":22},"end":{"line":115,"column":37}}],"line":115},"16":{"loc":{"start":{"line":133,"column":4},"end":{"line":135,"column":5}},"type":"if","locations":[{"start":{"line":133,"column":4},"end":{"line":135,"column":5}},{"start":{},"end":{}}],"line":133},"17":{"loc":{"start":{"line":133,"column":8},"end":{"line":133,"column":47}},"type":"binary-expr","locations":[{"start":{"line":133,"column":8},"end":{"line":133,"column":16}},{"start":{"line":133,"column":20},"end":{"line":133,"column":47}}],"line":133},"18":{"loc":{"start":{"line":137,"column":4},"end":{"line":139,"column":5}},"type":"if","locations":[{"start":{"line":137,"column":4},"end":{"line":139,"column":5}},{"start":{},"end":{}}],"line":137},"19":{"loc":{"start":{"line":143,"column":4},"end":{"line":145,"column":5}},"type":"if","locations":[{"start":{"line":143,"column":4},"end":{"line":145,"column":5}},{"start":{},"end":{}}],"line":143},"20":{"loc":{"start":{"line":147,"column":4},"end":{"line":149,"column":5}},"type":"if","locations":[{"start":{"line":147,"column":4},"end":{"line":149,"column":5}},{"start":{},"end":{}}],"line":147},"21":{"loc":{"start":{"line":147,"column":8},"end":{"line":147,"column":92}},"type":"binary-expr","locations":[{"start":{"line":147,"column":8},"end":{"line":147,"column":49}},{"start":{"line":147,"column":53},"end":{"line":147,"column":92}}],"line":147},"22":{"loc":{"start":{"line":169,"column":24},"end":{"line":169,"column":97}},"type":"cond-expr","locations":[{"start":{"line":169,"column":68},"end":{"line":169,"column":80}},{"start":{"line":169,"column":83},"end":{"line":169,"column":97}}],"line":169},"23":{"loc":{"start":{"line":192,"column":4},"end":{"line":194,"column":5}},"type":"if","locations":[{"start":{"line":192,"column":4},"end":{"line":194,"column":5}},{"start":{},"end":{}}],"line":192},"24":{"loc":{"start":{"line":196,"column":4},"end":{"line":198,"column":5}},"type":"if","locations":[{"start":{"line":196,"column":4},"end":{"line":198,"column":5}},{"start":{},"end":{}}],"line":196},"25":{"loc":{"start":{"line":196,"column":8},"end":{"line":196,"column":92}},"type":"binary-expr","locations":[{"start":{"line":196,"column":8},"end":{"line":196,"column":49}},{"start":{"line":196,"column":53},"end":{"line":196,"column":92}}],"line":196}},"s":{"0":6,"1":6,"2":6,"3":6,"4":6,"5":0,"6":0,"7":0,"8":0,"9":6,"10":0,"11":0,"12":0,"13":0,"14":0,"15":0,"16":0,"17":0,"18":0,"19":0,"20":0,"21":0,"22":0,"23":0,"24":0,"25":0,"26":0,"27":0,"28":0,"29":0,"30":0,"31":6,"32":0,"33":0,"34":0,"35":0,"36":0,"37":0,"38":0,"39":0,"40":0,"41":0,"42":0,"43":0,"44":0,"45":0,"46":0,"47":6,"48":0,"49":0,"50":0,"51":0,"52":0,"53":0,"54":0,"55":0,"56":0,"57":0,"58":0,"59":0,"60":0,"61":0,"62":0,"63":0,"64":0,"65":0,"66":0,"67":0,"68":0,"69":0,"70":0,"71":6,"72":0,"73":0,"74":0,"75":0,"76":0,"77":0,"78":0,"79":0,"80":0,"81":0,"82":0,"83":6},"f":{"0":0,"1":0,"2":0,"3":0,"4":0,"5":0,"6":0},"b":{"0":[0,0],"1":[0,0],"2":[0,0],"3":[0,0],"4":[0,0],"5":[0,0],"6":[0,0],"7":[0,0,0],"8":[0,0],"9":[0,0],"10":[0,0],"11":[0,0],"12":[0,0],"13":[0,0],"14":[0,0],"15":[0,0],"16":[0,0],"17":[0,0],"18":[0,0],"19":[0,0],"20":[0,0],"21":[0,0],"22":[0,0],"23":[0,0],"24":[0,0],"25":[0,0]},"_coverageSchema":"1a1c01bbd47fc00a2c39e90264f33305004495a9","hash":"449f62e8109b0d598d62f63aa4df3fa4c3a086d5"}
[...]
},"end":{"line":608,"column":45}},"172":{"start":{"line":610,"column":6},"end":{"line":614,"column":8}},"173":{"start":{"line":616,"column":6},"end":{"line":616,"column":59}},"174":{"start":{"line":617,"column":6},"end":{"line":620,"column":8}},"175":{"start":{"line":628,"column":4},"end":{"line":633,"column":7}},"176":{"start":{"line":643,"column":4},"end":{"line":672,"column":5}},"177":{"start":{"line":644,"column":20},"end":{"line":646,"column":59}},"178":{"start":{"line":648,"column":6},"end":{"line":653,"column":7}},"179":{"start":{"line":649,"column":8},"end":{"line":652,"column":10}},"180":{"start":{"line":655,"column":6},"end":{"line":665,"column":8}},"181":{"start":{"line":667,"column":6},"end":{"line":667,"column":54}},"182":{"start":{"line":668,"column":6},"end":{"line":671,"column":8}},"183":{"start":{"line":676,"column":0},"end":{"line":676,"column":42}}},"fnMap":{"0":{"name":"(anonymous_0)","decl":{"start":{"line":11,"column":2},"end":{"line":11,"column":3}},"loc":{"start":{"line":11,"column":16},"end":{"line":59,"column":3}},"line":11},"1":{"name":"(anonymous_1)","decl":{"start":{"line":64,"column":2},"end":{"line":64,"column":3}},"loc":{"start":{"line":64,"column":36},"end":{"line":115,"column":3}},"line":64},"2":{"name":"(anonymous_2)","decl":{"start":{"line":120,"column":2},"end":{"line":120,"column":3}},"loc":{"start":{"line":120,"column":47},"end":{"line":160,"column":3}},"line":120},"3":{"name":"(anonymous_3)","decl":{"start":{"line":165,"column":2},"end":{"line":165,"column":3}},"loc":{"start":{"line":165,"column":42},"end":{"line":178,"column":3}},"line":165},"4":{"name":"(anonymous_4)","decl":{"start":{"line":183,"column":2},"end":{"line":183,"column":3}},"loc":{"start":{"line":183,"column":38},"end":{"line":235,"column":3}},"line":183},"5":{"name":"(anonymous_5)","decl":{"start":{"line":240,"column":2},"end":{"line":240,"column":3}},"loc":{"start":{"line":240,"column":69},"end":{"line":317,"column":3}},"line":240},"6":{"name":"(anonymous_6)","decl":{"start":{"line":322,"column":2},"end":{"line":322,"column":3}},"loc":{"start":{"line":322,"column":64},"end":{"line":390,"column":3}},"line":322},"7":{"name":"(anonymous_7)","decl":{"start":{"line":395,"column":2},"end":{"line":395,"column":3}},"loc":{"start":{"line":395,"column":63},"end":{"line":465,"column":3}},"line":395},"8":{"name":"(anonymous_8)","decl":{"start":{"line":470,"column":2},"end":{"line":470,"column":3}},"loc":{"start":{"line":470,"column":79},"end":{"line":520,"column":3}},"line":470},"9":{"name":"(anonymous_9)","decl":{"start":{"line":525,"column":2},"end":{"line":525,"column":3}},"loc":{"start":{"line":525,"column":53},"end":{"line":562,"column":3}},"line":525},"10":{"name":"(anonymous_10)","decl":{"start":{"line":530,"column":37},"end":{"line":530,"column":38}},"loc":{"start":{"line":530,"column":56},"end":{"line":549,"column":7}},"line":530},"11":{"name":"(anonymous_11)","decl":{"start":{"line":567,"column":2},"end":{"line":567,"column":3}},"loc":{"start":{"line":567,"column":40},"end":{"line":587,"column":3}},"line":567},"12":{"name":"(anonymous_12)","decl":{"start":{"line":574,"column":39},"end":{"line":574,"column":40}},"loc":{"start":{"line":574,"column":51},"end":{"line":574,"column":65}},"line":574},"13":{"name":"(anonymous_13)","decl":{"start":{"line":592,"column":2},"end":{"line":592,"column":3}},"loc":{"start":{"line":592,"column":71},"end":{"line":622,"column":3}},"line":592},"14":{"name":"(anonymous_14)","decl":{"start":{"line":627,"column":2},"end":{"line":627,"column":3}},"loc":{"start":{"line":627,"column":46},"end":{"line":637,"column":3}},"line":627},"15":{"name":"(anonymous_15)","decl":{"start":{"line":642,"column":2},"end":{"line":642,"column":3}},"loc":{"start":{"line":642,"column":35},"end":{"line":673,"column":3}},"line":642}},"branchMap":{"0":{"loc":{"start":{"line":67,"column":6},"end":{"line":69,"column":7}},"type":"if","locations":[{"start":{"line":67,"column":6},"end":{"line":69,"column":7}},{"start":{},"end":{}}],"line":67},"1":{"loc":{"start":{"line":79,"column":40},"end":{"line":79,"column":77}},"type":"binary-expr","locations":[{"start":{"line":79,"column":40},"end":{"line":79,"column":72}},{"start":{"line":79,"column":76},"end":{"line":79,"column":77}}],"line":79},"2":{"loc":{"start":{"line":83,"column":6},"end":{"line":86,"column":7}},"type":"if","locations":[{"start":{"line":83,"column":6},"end":{"line":86,"column":7}},{"start":{},"end":{}}],"line":83},"3":{"loc":{"start":{"line":83,"column":11},"end":{"line":83,"column":45}},"type":"binary-expr","locations":[{"start":{"line":83,"column":11},"end":{"line":83,"column":40}},{"start":{"line":83,"column":44},"end":{"line":83,"column":45}}],"line":83},"4":{"loc":{"start":{"line":84,"column":30},"end":{"line":84,"column":65}},"type":"binary-expr","locations":[{"start":{"line":84,"column":30},"end":{"line":84,"column":60}},{"start":{"line":84,"column":64},"end":{"line":84,"column":65}}],"line":84},"5":{"loc":{"start":{"line":89,"column":30},"end":{"line":89,"column":69}},"type":"binary-expr","locations":[{"start":{"line":89,"column":30},"end":{"line":89,"column":64}},{"start":{"line":89,"column":68},"end":{"line":89,"column":69}}],"line":89},"6":{"loc":{"start":{"line":93,"column":30},"end":{"line":93,"column":67}},"type":"binary-expr","locations":[{"start":{"line":93,"column":30},"end":{"line":93,"column":62}},{"start":{"line":93,"column":66},"end":{"line":93,"column":67}}],"line":93},"7":{"loc":{"start":{"line":94,"column":30},"end":{"line":94,"column":67}},"type":"binary-expr","locations":[{"start":{"line":94,"column":30},"end":{"line":94,"column":62}},{"start":{"line":94,"column":66},"end":{"line":94,"column":67}}],"line":94},"8":{"loc":{"start":{"line":95,"column":6},"end":{"line":99,"column":7}},"type":"if","locations":[{"start":{"line":95,"column":6},"end":{"line":99,"column":7}},{"start":{},"end":{}}],"line":95},"9":{"loc":{"start":{"line":131,"column":6},"end":{"line":139,"column":7}},"type":"if","locations":[{"start":{"line":131,"column":6},"end":{"line":139,"column":7}},{"start":{"line":133,"column":13},"end":{"line":139,"column":7}}],"line":131},"10":{"loc":{"start":{"line":133,"column":13},"end":{"line":139,"column":7}},"type":"if","locations":[{"start":{"line":133,"column":13},"end":{"line":139,"column":7}},{"start":{"line":135,"column":13},"end":{"line":139,"column":7}}],"line":133},"11":{"loc":{"start":{"line":135,"column":13},"end":{"line":139,"column":7}},"type":"if","locations":[{"start":{"line":135,"column":13},"end":{"line":139,"column":7}},{"start":{"line":137,"column":13},"end":{"line":139,"column":7}}],"line":135},"12":{"loc":{"start":{"line":166,"column":4},"end":{"line":177,"column":5}},"type":"switch","locations":[{"start":{"line":167,"column":6},"end":{"line":168,"column":98}},{"start":{"line":169,"column":6},"end":{"line":170,"column":96}},{"start":{"line":171,"column":6},"end":{"line":172,"column":93}},{"start":{"line":173,"column":6},"end":{"line":174,"column":112}},{"start":{"line":175,"column":6},"end":{"line":176,"column":43}}],"line":166},"13":{"loc":{"start":{"line":196,"column":16},"end":{"line":196,"column":88}},"type":"cond-expr","locations":[{"start":{"line":196,"column":58},"end":{"line":196,"column":75}},{"start":{"line":196,"column":78},"end":{"line":196,"column":88}}],"line":196},"14":{"loc":{"start":{"line":240,"column":46},"end":{"line":240,"column":67}},"type":"default-arg","locations":[{"start":{"line":240,"column":63},"end":{"line":240,"column":67}}],"line":240},"15":{"loc":{"start":{"line":243,"column":6},"end":{"line":245,"column":7}},"type":"if","locations":[{"start":{"line":243,"column":6},"end":{"line":245,"column":7}},{"start":{},"end":{}}],"line":243},"16":{"loc":{"start":{"line":247,"column":6},"end":{"line":252,"column":7}},"type":"if","locations":[{"start":{"line":247,"column":6},"end":{"line":252,"column":7}},{"start":{},"end":{}}],"line":247},"17":{"loc":{"start":{"line":255,"column":23},"end":{"line":255,"column":57}},"type":"cond-expr","locations":[{"start":{"line":255,"column":36},"end":{"line":255,"column":46}},{"start":{"line":255,"column":49},"end":{"line":255,"column":57}}],"line":255},"18":{"loc":{"start":{"line":258,"column":6},"end":{"line":263,"column":7}},"type":"if","locations":[{"start":{"line":258,"column":6},"end":{"line":263,"column":7}},{"start":{},"end":{}}],"line":258},"19":{"loc":{"start":{"line":266,"column":6},"end":{"line":271,"column":7}},"type":"if","locations":[{"start":{"line":266,"column":6},"end":{"line":271,"column":7}},{"start":{},"end":{}}],"line":266},"20":{"loc":{"start":{"line":293,"column":8},"end":{"line":294,"column":71}},"type":"binary-expr","locations":[{"start":{"line":293,"column":8},"end":{"line":293,"column":73}},{"start":{"line":294,"column":8},"end":{"line":294,"column":71}}],"line":293},"21":{"loc":{"start":{"line":296,"column":6},"end":{"line":298,"column":7}},"type":"if","locations":[{"start":{"line":296,"column":6},"end":{"line":298,"column":7}},{"start":{},"end":{}}],"line":296},"22":{"loc":{"start":{"line":304,"column":17},"end":{"line":306,"column":89}},"type":"cond-expr","locations":[{"start":{"line":305,"column":12},"end":{"line":305,"column":95}},{"start":{"line":306,"column":12},"end":{"line":306,"column":89}}],"line":304},"23":{"loc":{"start":{"line":322,"column":41},"end":{"line":322,"column":62}},"type":"default-arg","locations":[{"start":{"line":322,"column":58},"end":{"line":322,"column":62}}],"line":322},"24":{"loc":{"start":{"line":325,"column":6},"end":{"line":327,"column":7}},"type":"if","locations":[{"start":{"line":325,"column":6},"end":{"line":327,"column":7}},{"start":{},"end":{}}],"line":325},"25":{"loc":{"start":{"line":330,"column":23},"end":{"line":330,"column":57}},"type":"cond-expr","locations":[{"start":{"line":330,"column":36},"end":{"line":330,"column":46}},{"start":{"line":330,"column":49},"end":{"line":330,"column":57}}],"line":330},"26":{"loc":{"start":{"line":333,"column":6},"end":{"line":340,"column":7}},"type":"if","locations":[{"start":{"line":333,"column":6},"end":{"line":340,"column":7}},{"start":{},"end":{}}],"line":333},"27":{"loc":{"start":{"line":334,"column":8},"end":{"line":339,"column":9}},"type":"if","locations":[{"start":{"line":334,"column":8},"end":{"line":339,"column":9}},{"start":{},"end":{}}],"line":334},"28":{"loc":{"start":{"line":346,"column":6},"end":{"line":354,"column":7}},"type":"if","locations":[{"start":{"line":346,"column":6},"end":{"line":354,"column":7}},{"start":{},"end":{}}],"line":346},"29":{"loc":{"start":{"line":347,"column":8},"end":{"line":349,"column":9}},"type":"if","locations":[{"start":{"line":347,"column":8},"end":{"line":349,"column":9}},{"start":{},"end":{}}],"line":347},"30":{"loc":{"start":{"line":350,"column":8},"end":{"line":352,"column":9}},"type":"if","locations":[{"start":{"line":350,"column":8},"end":{"line":352,"column":9}},{"start":{},"end":{}}],"line":350},"31":{"loc":{"start":{"line":366,"column":8},"end":{"line":367,"column":73}},"type":"binary-expr","locations":[{"start":{"line":366,"column":8},"end":{"line":366,"column":75}},{"start":{"line":367,"column":8},"end":{"line":367,"column":73}}],"line":366},"32":{"loc":{"start":{"line":369,"column":6},"end":{"line":371,"column":7}},"type":"if","locations":[{"start":{"line":369,"column":6},"end":{"line":371,"column":7}},{"start":{},"end":{}}],"line":369},"33":{"loc":{"start":{"line":377,"column":17},"end":{"line":379,"column":88}},"type":"cond-expr","locations":[{"start":{"line":378,"column":12},"end":{"line":378,"column":84}},{"start":{"line":379,"column":12},"end":{"line":379,"column":88}}],"line":377},"34":{"loc":{"start":{"line":395,"column":49},"end":{"line":395,"column":61}},"type":"default-arg","locations":[{"start":{"line":395,"column":59},"end":{"line":395,"column":61}}],"line":395},"35":{"loc":{"start":{"line":398,"column":6},"end":{"line":400,"column":7}},"type":"if","locations":[{"start":{"line":398,"column":6},"end":{"line":400,"column":7}},{"start":{},"end":{}}],"line":398},"36":{"loc":{"start":{"line":403,"column":23},"end":{"line":403,"column":57}},"type":"cond-expr","locations":[{"start":{"line":403,"column":36},"end":{"line":403,"column":46}},{"start":{"line":403,"column":49},"end":{"line":403,"column":57}}],"line":403},"37":{"loc":{"start":{"line":404,"column":26},"end":{"line":404,"column":68}},"type":"cond-expr","locations":[{"start":{"line":404,"column":39},"end":{"line":404,"column":51}},{"start":{"line":404,"column":54},"end":{"line":404,"column":68}}],"line":404},"38":{"loc":{"start":{"line":407,"column":6},"end":{"line":412,"column":7}},"type":"if","locations":[{"start":{"line":407,"column":6},"end":{"line":412,"column":7}},{"start":{},"end":{}}],"line":407},"39":{"loc":{"start":{"line":407,"column":75},"end":{"line":407,"column":109}},"type":"cond-expr","locations":[{"start":{"line":407,"column":88},"end":{"line":407,"column":96}},{"start":{"line":407,"column":99},"end":{"line":407,"column":109}}],"line":407},"40":{"loc":{"start":{"line":418,"column":26},"end":{"line":418,"column":72}},"type":"cond-expr","locations":[{"start":{"line":418,"column":39},"end":{"line":418,"column":55}},{"start":{"line":418,"column":58},"end":{"line":418,"column":72}}],"line":418},"41":{"loc":{"start":{"line":419,"column":6},"end":{"line":421,"column":7}},"type":"if","locations":[{"start":{"line":419,"column":6},"end":{"line":421,"column":7}},{"start":{},"end":{}}],"line":419},"42":{"loc":{"start":{"line":438,"column":8},"end":{"line":439,"column":73}},"type":"binary-expr","locations":[{"start":{"line":438,"column":8},"end":{"line":438,"column":75}},{"start":{"line":439,"column":8},"end":{"line":439,"column":73}}],"line":438},"43":{"loc":{"start":{"line":441,"column":6},"end":{"line":446,"column":7}},"type":"if","locations":[{"start":{"line":441,"column":6},"end":{"line":446,"column":7}},{"start":{},"end":{}}],"line":441},"44":{"loc":{"start":{"line":452,"column":17},"end":{"line":454,"column":86}},"type":"cond-expr","locations":[{"start":{"line":453,"column":12},"end":{"line":453,"column":69}},{"start":{"line":454,"column":12},"end":{"line":454,"column":86}}],"line":452},"45":{"loc":{"start":{"line":470,"column":64},"end":{"line":470,"column":77}},"type":"default-arg","locations":[{"start":{"line":470,"column":75},"end":{"line":470,"column":77}}],"line":470},"46":{"loc":{"start":{"line":473,"column":6},"end":{"line":475,"column":7}},"type":"if","locations":[{"start":{"line":473,"column":6},"end":{"line":475,"column":7}},{"start":{},"end":{}}],"line":473},"47":{"loc":{"start":{"line":478,"column":6},"end":{"line":482,"column":7}},"type":"if","locations":[{"start":{"line":478,"column":6},"end":{"line":482,"column":7}},{"start":{},"end":{}}],"line":478},"48":{"loc":{"start":{"line":479,"column":8},"end":{"line":479,"column":49}},"type":"if","locations":[{"start":{"line":479,"column":8},"end":{"line":479,"column":49}},{"start":{},"end":{}}],"line":479},"49":{"loc":{"start":{"line":480,"column":8},"end":{"line":480,"column":89}},"type":"if","locations":[{"start":{"line":480,"column":8},"end":{"line":480,"column":89}},{"start":{},"end":{}}],"line":480},"50":{"loc":{"start":{"line":531,"column":28},"end":{"line":531,"column":63}},"type":"cond-expr","locations":[{"start":{"line":531,"column":42},"end":{"line":531,"column":50}},{"start":{"line":531,"column":53},"end":{"line":531,"column":63}}],"line":531},"51":{"loc":{"start":{"line":532,"column":28},"end":{"line":532,"column":75}},"type":"cond-expr","locations":[{"start":{"line":532,"column":42},"end":{"line":532,"column":56}},{"start":{"line":532,"column":59},"end":{"line":532,"column":75}}],"line":532},"52":{"loc":{"start":{"line":541,"column":22},"end":{"line":541,"column":40}},"type":"binary-expr","locations":[{"start":{"line":541,"column":22},"end":{"line":541,"column":35}},{"start":{"line":541,"column":39},"end":{"line":541,"column":40}}],"line":541},"53":{"loc":{"start":{"line":542,"column":23},"end":{"line":542,"column":44}},"type":"binary-expr","locations":[{"start":{"line":542,"column":23},"end":{"line":542,"column":38}},{"start":{"line":542,"column":42},"end":{"line":542,"column":44}}],"line":542},"54":{"loc":{"start":{"line":570,"column":6},"end":{"line":570,"column":61}},"type":"if","locations":[{"start":{"line":570,"column":6},"end":{"line":570,"column":61}},{"start":{},"end":{}}],"line":570},"55":{"loc":{"start":{"line":570,"column":10},"end":{"line":570,"column":52}},"type":"binary-expr","locations":[{"start":{"line":570,"column":10},"end":{"line":570,"column":15}},{"start":{"line":570,"column":19},"end":{"line":570,"column":52}}],"line":570},"56":{"loc":{"start":{"line":573,"column":6},"end":{"line":580,"column":7}},"type":"if","locations":[{"start":{"line":573,"column":6},"end":{"line":580,"column":7}},{"start":{},"end":{}}],"line":573},"57":{"loc":{"start":{"line":592,"column":53},"end":{"line":592,"column":69}},"type":"default-arg","locations":[{"start":{"line":592,"column":67},"end":{"line":592,"column":69}}],"line":592},"58":{"loc":{"start":{"line":594,"column":22},"end":{"line":594,"column":75}},"type":"binary-expr","locations":[{"start":{"line":594,"column":22},"end":{"line":594,"column":68}},{"start":{"line":594,"column":72},"end":{"line":594,"column":75}}],"line":594},"59":{"loc":{"start":{"line":632,"column":21},"end":{"line":632,"column":49}},"type":"binary-expr","locations":[{"start":{"line":632,"column":21},"end":{"line":632,"column":44}},{"start":{"line":632,"column":48},"end":{"line":632,"column":49}}],"line":632},"60":{"loc":{"start":{"line":648,"column":6},"end":{"line":653,"column":7}},"type":"if","locations":[{"start":{"line":648,"column":6},"end":{"line":653,"column":7}},{"start":{},"end":{}}],"line":648}},"s":{"0":6,"1":6,"2":6,"3":6,"4":0,"5":0,"6":0,"7":0,"8":0,"9":0,"10":0,"11":0,"12":0,"13":0,"14":0,"15":0,"16":0,"17":0,"18":0,"19":0,"20":0,"21":0,"22":0,"23":0,"24":0,"25":0,"26":0,"27":0,"28":0,"29":0,"30":0,"31":0,"32":0,"33":0,"34":0,"35":0,"36":0,"37":0,"38":0,"39":0,"40":0,"41":0,"42":0,"43":0,"44":0,"45":0,"46":0,"47":0,"48":0,"49":0,"50":0,"51":0,"52":0,"53":0,"54":0,"55":0,"56":0,"57":0,"58":0,"59":0,"60":0,"61":0,"62":0,"63":0,"64":0,"65":0,"66":0,"67":0,"68":0,"69":0,"70":0,"71":0,"72":0,"73":0,"74":0,"75":0,"76":0,"77":0,"78":0,"79":0,"80":0,"81":0,"82":0,"83":0,"84":0,"85":0,"86":0,"87":0,"88":0,"89":0,"90":0,"91":0,"92":0,"93":0,"94":0,"95":0,"96":0,"97":0,"98":0,"99":0,"100":0,"101":0,"102":0,"103":0,"104":0,"105":0,"106":0,"107":0,"108":0,"109":0,"110":0,"111":0,"112":0,"113":0,"114":0,"115":0,"116":0,"117":0,"118":0,"119":0,"120":0,"121":0,"122":0,"123":0,"124":0,"125":0,"126":0,"127":0,"128":0,"129":0,"130":0,"131":0,"132":0,"133":0,"134":0,"135":0,"136":0,"137":0,"138":0,"139":0,"140":0,"141":0,"142":0,"143":0,"144":0,"145":0,"146":0,"147":0,"148":0,"149":0,"150":0,"151":0,"152":0,"153":0,"154":0,"155":0,"156":0,"157":0,"158":0,"159":0,"160":0,"161":0,"162":0,"163":0,"164":0,"165":0,"166":0,"167":0,"168":0,"169":0,"170":0,"171":0,"172":0,"173":0,"174":0,"175":0,"176":0,"177":0,"178":0,"179":0,"180":0,"181":0,"182":0,"183":6},"f":{"0":6,"1":0,"2":0,"3":0,"4":0,"5":0,"6":0,"7":0,"8":0,"9":0,"10":0,"11":0,"12":0,"13":0,"14":0,"15":0},"b":{"0":[0,0],"1":[0,0],"2":[0,0],"3":[0,0],"4":[0,0],"5":[0,0],"6":[0,0],"7":[0,0],"8":[0,0],"9":[0,0],"10":[0,0],"11":[0,0],"12":[0,0,0,0,0],"13":[0,0],"14":[0],"15":[0,0],"16":[0,0],"17":[0,0],"18":[0,0],"19":[0,0],"20":[0,0],"21":[0,0],"22":[0,0],"23":[0],"24":[0,0],"25":[0,0],"26":[0,0],"27":[0,0],"28":[0,0],"29":[0,0],"30":[0,0],"31":[0,0],"32":[0,0],"33":[0,0],"34":[0],"35":[0,0],"36":[0,0],"37":[0,0],"38":[0,0],"39":[0,0],"40":[0,0],"41":[0,0],"42":[0,0],"43":[0,0],"44":[0,0],"45":[0],"46":[0,0],"47":[0,0],"48":[0,0],"49":[0,0],"50":[0,0],"51":[0,0],"52":[0,0],"53":[0,0],"54":[0,0],"55":[0,0],"56":[0,0],"57":[0],"58":[0,0],"59":[0,0],"60":[0,0]},"_coverageSchema":"1a1c01bbd47fc00a2c39e90264f33305004495a9","hash":"5c9a3eb84d5afc78b9342c1f37b0d5a63c2489c2"}
}
