TN:
SF:db.js
FN:7,(anonymous_0)
FNF:1
FNH:0
FNDA:0,(anonymous_0)
DA:2,1
DA:4,1
DA:5,1
DA:7,1
DA:8,0
DA:10,0
DA:13,0
DA:14,0
DA:15,0
DA:19,0
DA:20,0
DA:21,0
DA:25,0
DA:26,0
DA:30,0
DA:31,0
DA:32,0
DA:35,0
DA:36,0
DA:37,0
DA:38,0
DA:42,1
LF:22
LH:5
BRDA:7,0,0,0
BRDA:8,1,0,0
BRDA:8,1,1,0
BRDA:8,1,2,0
BRDA:13,2,0,0
BRDA:13,2,1,0
BRDA:13,3,0,0
BRDA:13,3,1,0
BRDA:13,3,2,0
BRDA:19,4,0,0
BRDA:19,4,1,0
BRF:11
BRH:0
end_of_record
TN:
SF:tests\e2e\helpers\E2EHelpers.js
FN:14,(anonymous_0)
FN:31,(anonymous_1)
FN:38,(anonymous_2)
FN:101,(anonymous_3)
FN:152,(anonymous_4)
FN:201,(anonymous_5)
FN:265,(anonymous_6)
FN:266,(anonymous_7)
FN:272,(anonymous_8)
FN:328,(anonymous_9)
FN:395,(anonymous_10)
FN:446,(anonymous_11)
FN:467,(anonymous_12)
FN:543,(anonymous_13)
FN:571,(anonymous_14)
FN:596,(anonymous_15)
FN:635,(anonymous_16)
FN:671,(anonymous_17)
FN:707,(anonymous_18)
FNF:19
FNH:12
FNDA:15,(anonymous_0)
FNDA:48,(anonymous_1)
FNDA:15,(anonymous_2)
FNDA:0,(anonymous_3)
FNDA:0,(anonymous_4)
FNDA:0,(anonymous_5)
FNDA:0,(anonymous_6)
FNDA:0,(anonymous_7)
FNDA:1,(anonymous_8)
FNDA:2,(anonymous_9)
FNDA:0,(anonymous_10)
FNDA:14,(anonymous_11)
FNDA:7,(anonymous_12)
FNDA:2,(anonymous_13)
FNDA:0,(anonymous_14)
FNDA:2,(anonymous_15)
FNDA:1,(anonymous_16)
FNDA:1,(anonymous_17)
FNDA:3,(anonymous_18)
DA:6,1
DA:7,1
DA:15,15
DA:16,15
DA:17,15
DA:18,15
DA:20,15
DA:32,48
DA:39,15
DA:42,15
DA:43,15
DA:44,15
DA:58,0
DA:59,0
DA:60,0
DA:61,0
DA:65,0
DA:67,0
DA:68,0
DA:75,0
DA:80,0
DA:88,0
DA:89,0
DA:103,0
DA:104,0
DA:105,0
DA:106,0
DA:112,0
DA:120,0
DA:121,0
DA:122,0
DA:123,0
DA:127,0
DA:128,0
DA:134,0
DA:141,0
DA:154,0
DA:155,0
DA:156,0
DA:157,0
DA:163,0
DA:170,0
DA:171,0
DA:172,0
DA:173,0
DA:177,0
DA:178,0
DA:183,0
DA:190,0
DA:202,0
DA:210,0
DA:213,0
DA:214,0
DA:215,0
DA:216,0
DA:222,0
DA:233,0
DA:234,0
DA:235,0
DA:236,0
DA:241,0
DA:242,0
DA:247,0
DA:254,0
DA:266,0
DA:274,1
DA:275,1
DA:276,1
DA:298,0
DA:299,0
DA:300,0
DA:301,0
DA:304,0
DA:305,0
DA:310,0
DA:317,0
DA:330,2
DA:331,2
DA:332,2
DA:350,2
DA:351,1
DA:358,1
DA:365,0
DA:366,0
DA:367,0
DA:368,0
DA:371,0
DA:372,0
DA:377,0
DA:384,0
DA:397,0
DA:398,0
DA:399,0
DA:411,0
DA:412,0
DA:413,0
DA:414,0
DA:422,0
DA:423,0
DA:428,0
DA:435,0
DA:448,14
DA:449,14
DA:450,14
DA:454,0
DA:455,0
DA:457,0
DA:459,0
DA:460,0
DA:468,7
DA:469,7
DA:472,7
DA:475,7
DA:476,0
DA:480,7
DA:481,0
DA:485,7
DA:494,7
DA:495,1
DA:499,6
DA:500,1
DA:504,5
DA:505,0
DA:508,5
DA:517,5
DA:524,0
DA:525,0
DA:530,0
DA:531,0
DA:533,0
DA:536,0
DA:544,2
DA:545,2
DA:546,2
DA:553,0
DA:554,0
DA:558,0
DA:559,0
DA:561,0
DA:564,0
DA:572,0
DA:573,0
DA:574,0
DA:578,0
DA:579,0
DA:583,0
DA:584,0
DA:586,0
DA:589,0
DA:597,2
DA:598,2
DA:600,2
DA:609,2
DA:616,0
DA:617,0
DA:622,0
DA:623,0
DA:625,0
DA:628,0
DA:636,1
DA:637,1
DA:639,1
DA:646,1
DA:653,0
DA:654,0
DA:658,0
DA:659,0
DA:661,0
DA:664,0
DA:672,1
DA:673,1
DA:675,1
DA:682,1
DA:689,0
DA:690,0
DA:694,0
DA:695,0
DA:697,0
DA:700,0
DA:708,3
DA:709,3
DA:712,3
DA:713,2
DA:716,1
DA:725,1
DA:732,0
DA:733,0
DA:738,0
DA:739,0
DA:741,0
DA:744,0
DA:749,1
LF:192
LH:59
BRDA:14,0,0,15
BRDA:32,1,0,48
BRDA:32,1,1,48
BRDA:38,2,0,15
BRDA:39,3,0,15
BRDA:39,3,1,15
BRDA:42,4,0,15
BRDA:42,4,1,0
BRDA:67,5,0,0
BRDA:67,5,1,0
BRDA:103,6,0,0
BRDA:103,6,1,0
BRDA:105,7,0,0
BRDA:105,7,1,0
BRDA:105,8,0,0
BRDA:105,8,1,0
BRDA:127,9,0,0
BRDA:127,9,1,0
BRDA:154,10,0,0
BRDA:154,10,1,0
BRDA:156,11,0,0
BRDA:156,11,1,0
BRDA:156,12,0,0
BRDA:156,12,1,0
BRDA:177,13,0,0
BRDA:177,13,1,0
BRDA:201,14,0,0
BRDA:210,15,0,0
BRDA:210,15,1,0
BRDA:213,16,0,0
BRDA:213,16,1,0
BRDA:215,17,0,0
BRDA:215,17,1,0
BRDA:241,18,0,0
BRDA:241,18,1,0
BRDA:265,19,0,0
BRDA:274,20,0,1
BRDA:274,20,1,0
BRDA:304,21,0,0
BRDA:304,21,1,0
BRDA:330,22,0,2
BRDA:330,22,1,0
BRDA:350,23,0,1
BRDA:350,23,1,1
BRDA:371,24,0,0
BRDA:371,24,1,0
BRDA:395,25,0,0
BRDA:397,26,0,0
BRDA:397,26,1,0
BRDA:422,27,0,0
BRDA:422,27,1,0
BRDA:448,28,0,14
BRDA:448,28,1,0
BRDA:468,29,0,7
BRDA:468,29,1,0
BRDA:475,30,0,0
BRDA:475,30,1,7
BRDA:475,31,0,7
BRDA:475,31,1,7
BRDA:475,31,2,7
BRDA:480,32,0,0
BRDA:480,32,1,7
BRDA:494,33,0,1
BRDA:494,33,1,6
BRDA:499,34,0,1
BRDA:499,34,1,5
BRDA:504,35,0,0
BRDA:504,35,1,5
BRDA:504,36,0,5
BRDA:504,36,1,5
BRDA:530,37,0,0
BRDA:530,37,1,0
BRDA:544,38,0,2
BRDA:544,38,1,0
BRDA:558,39,0,0
BRDA:558,39,1,0
BRDA:572,40,0,0
BRDA:572,40,1,0
BRDA:583,41,0,0
BRDA:583,41,1,0
BRDA:597,42,0,2
BRDA:597,42,1,0
BRDA:622,43,0,0
BRDA:622,43,1,0
BRDA:636,44,0,1
BRDA:636,44,1,0
BRDA:658,45,0,0
BRDA:658,45,1,0
BRDA:672,46,0,1
BRDA:672,46,1,0
BRDA:694,47,0,0
BRDA:694,47,1,0
BRDA:708,48,0,3
BRDA:708,48,1,0
BRDA:712,49,0,2
BRDA:712,49,1,1
BRDA:738,50,0,0
BRDA:738,50,1,0
BRF:98
BRH:32
end_of_record
TN:
SF:tests\e2e\helpers\MongoDBTestHelper.js
FN:9,(anonymous_0)
FN:17,(anonymous_1)
FN:33,(anonymous_2)
FN:42,(anonymous_3)
FN:75,(anonymous_4)
FN:98,(anonymous_5)
FN:114,(anonymous_6)
FN:133,(anonymous_7)
FN:140,(anonymous_8)
FN:145,(anonymous_9)
FN:154,(anonymous_10)
FN:157,(anonymous_11)
FNF:12
FNH:7
FNDA:1,(anonymous_0)
FNDA:0,(anonymous_1)
FNDA:0,(anonymous_2)
FNDA:0,(anonymous_3)
FNDA:1,(anonymous_4)
FNDA:1,(anonymous_5)
FNDA:1,(anonymous_6)
FNDA:1,(anonymous_7)
FNDA:48,(anonymous_8)
FNDA:0,(anonymous_9)
FNDA:1,(anonymous_10)
FNDA:0,(anonymous_11)
DA:6,1
DA:10,1
DA:11,1
DA:18,0
DA:34,0
DA:35,0
DA:36,0
DA:43,0
DA:44,0
DA:45,0
DA:48,0
DA:50,0
DA:51,0
DA:54,0
DA:55,0
DA:57,0
DA:59,0
DA:61,0
DA:62,0
DA:64,0
DA:67,0
DA:68,0
DA:76,1
DA:77,1
DA:78,1
DA:79,0
DA:82,0
DA:84,0
DA:85,0
DA:88,0
DA:91,1
DA:99,1
DA:100,1
DA:101,1
DA:102,1
DA:103,1
DA:105,1
DA:107,0
DA:115,1
DA:116,1
DA:117,0
DA:122,0
DA:123,0
DA:125,1
DA:126,1
DA:134,1
DA:136,1
DA:138,1
DA:139,1
DA:140,48
DA:141,1
DA:144,0
DA:145,0
DA:147,0
DA:148,0
DA:155,1
DA:156,1
DA:157,1
DA:162,1
DA:164,1
LF:60
LH:28
BRDA:43,0,0,0
BRDA:43,0,1,0
BRDA:43,1,0,0
BRDA:43,1,1,0
BRDA:50,2,0,0
BRDA:50,2,1,0
BRDA:77,3,0,1
BRDA:77,3,1,0
BRDA:100,4,0,1
BRDA:100,4,1,0
BRDA:138,5,0,1
BRDA:138,5,1,0
BRF:12
BRH:3
end_of_record
