TN:
SF:app.js
FN:93,(anonymous_0)
FNF:1
FNH:0
FNDA:0,(anonymous_0)
DA:1,13
DA:2,13
DA:3,13
DA:4,13
DA:6,13
DA:8,13
DA:11,13
DA:12,13
DA:13,13
DA:16,13
DA:17,13
DA:20,13
DA:21,13
DA:23,13
DA:24,13
DA:25,13
DA:27,0
DA:31,13
DA:33,13
DA:34,13
DA:35,13
DA:37,0
DA:41,13
DA:42,13
DA:45,13
DA:46,13
DA:49,13
DA:50,13
DA:53,13
DA:54,13
DA:57,13
DA:58,13
DA:61,13
DA:62,13
DA:65,13
DA:66,13
DA:69,13
DA:70,13
DA:73,13
DA:75,13
DA:76,13
DA:77,13
DA:79,0
DA:83,13
DA:85,13
DA:86,13
DA:87,13
DA:89,0
DA:93,13
DA:94,0
DA:97,13
LF:51
LH:46
BRDA:23,0,0,13
BRDA:23,0,1,0
BRDA:33,1,0,13
BRDA:33,1,1,0
BRDA:75,2,0,13
BRDA:75,2,1,0
BRDA:85,3,0,13
BRDA:85,3,1,0
BRF:8
BRH:4
end_of_record
TN:
SF:db.js
FN:7,(anonymous_0)
FNF:1
FNH:0
FNDA:0,(anonymous_0)
DA:2,1
DA:4,1
DA:5,1
DA:7,1
DA:8,0
DA:10,0
DA:13,0
DA:14,0
DA:15,0
DA:19,0
DA:20,0
DA:21,0
DA:25,0
DA:26,0
DA:30,0
DA:31,0
DA:32,0
DA:35,0
DA:36,0
DA:37,0
DA:38,0
DA:42,1
LF:22
LH:5
BRDA:7,0,0,0
BRDA:8,1,0,0
BRDA:8,1,1,0
BRDA:8,1,2,0
BRDA:13,2,0,0
BRDA:13,2,1,0
BRDA:13,3,0,0
BRDA:13,3,1,0
BRDA:13,3,2,0
BRDA:19,4,0,0
BRDA:19,4,1,0
BRF:11
BRH:0
end_of_record
TN:
SF:controllers\categoryController.js
FN:1,(anonymous_0)
FNF:1
FNH:0
FNDA:0,(anonymous_0)
DA:1,13
DA:2,0
DA:3,0
DA:4,0
DA:8,0
DA:9,0
DA:11,0
LF:7
LH:1
BRF:0
BRH:0
end_of_record
TN:
SF:middlewares\auth.js
FN:3,auth
FNF:1
FNH:0
FNDA:0,auth
DA:1,13
DA:4,0
DA:5,0
DA:7,0
DA:8,0
DA:11,0
DA:17,0
DA:19,0
DA:20,0
DA:24,13
LF:10
LH:2
BRDA:5,0,0,0
BRDA:5,0,1,0
BRDA:12,1,0,0
BRDA:12,1,1,0
BRDA:12,1,2,0
BRDA:13,2,0,0
BRDA:13,2,1,0
BRDA:13,2,2,0
BRF:8
BRH:0
end_of_record
TN:
SF:middlewares\authMiddleware.js
FN:11,(anonymous_0)
FN:83,(anonymous_1)
FN:110,(anonymous_2)
FN:131,(anonymous_3)
FN:171,(anonymous_4)
FNF:5
FNH:0
FNDA:0,(anonymous_0)
FNDA:0,(anonymous_1)
FNDA:0,(anonymous_2)
FNDA:0,(anonymous_3)
FNDA:0,(anonymous_4)
DA:6,13
DA:11,13
DA:12,0
DA:14,0
DA:16,0
DA:18,0
DA:19,0
DA:20,0
DA:26,0
DA:29,0
DA:36,0
DA:38,0
DA:39,0
DA:46,0
DA:47,0
DA:50,0
DA:52,0
DA:53,0
DA:56,0
DA:58,0
DA:59,0
DA:65,0
DA:66,0
DA:72,0
DA:83,13
DA:84,0
DA:85,0
DA:87,0
DA:88,0
DA:89,0
DA:92,0
DA:93,0
DA:94,0
DA:96,0
DA:97,0
DA:100,0
DA:101,0
DA:104,0
DA:110,13
DA:111,0
DA:112,0
DA:118,0
DA:119,0
DA:125,0
DA:131,13
DA:132,0
DA:133,0
DA:134,0
DA:140,0
DA:143,0
DA:144,0
DA:145,0
DA:157,0
DA:160,0
DA:161,0
DA:171,13
DA:172,0
DA:180,0
DA:181,0
DA:183,0
DA:186,13
LF:61
LH:7
BRDA:16,0,0,0
BRDA:16,0,1,0
BRDA:18,1,0,0
BRDA:18,1,1,0
BRDA:38,2,0,0
BRDA:38,2,1,0
BRDA:46,3,0,0
BRDA:46,3,1,0
BRDA:58,4,0,0
BRDA:58,4,1,0
BRDA:65,5,0,0
BRDA:65,5,1,0
BRDA:87,6,0,0
BRDA:87,6,1,0
BRDA:93,7,0,0
BRDA:93,7,1,0
BRDA:111,8,0,0
BRDA:111,8,1,0
BRDA:118,9,0,0
BRDA:118,9,1,0
BRDA:133,10,0,0
BRDA:133,10,1,0
BRDA:143,11,0,0
BRDA:143,11,1,0
BRDA:171,12,0,0
BRDA:181,13,0,0
BRDA:181,13,1,0
BRF:27
BRH:0
end_of_record
TN:
SF:models\Advertisement.js
FN:61,(anonymous_0)
FNF:1
FNH:0
FNDA:0,(anonymous_0)
DA:1,13
DA:3,13
DA:57,13
DA:58,13
DA:61,13
DA:62,0
DA:65,13
LF:7
LH:6
BRDA:62,0,0,0
BRDA:62,0,1,0
BRF:2
BRH:0
end_of_record
TN:
SF:models\Category.js
FNF:0
FNH:0
DA:2,13
DA:4,13
DA:9,13
LF:3
LH:3
BRF:0
BRH:0
end_of_record
TN:
SF:models\Delivery.js
FN:63,(anonymous_0)
FN:80,(anonymous_1)
FN:252,(anonymous_2)
FN:260,(anonymous_3)
FN:265,(anonymous_4)
FN:274,(anonymous_5)
FN:292,(anonymous_6)
FN:306,(anonymous_7)
FN:322,(anonymous_8)
FNF:9
FNH:0
FNDA:0,(anonymous_0)
FNDA:0,(anonymous_1)
FNDA:0,(anonymous_2)
FNDA:0,(anonymous_3)
FNDA:0,(anonymous_4)
FNDA:0,(anonymous_5)
FNDA:0,(anonymous_6)
FNDA:0,(anonymous_7)
FNDA:0,(anonymous_8)
DA:1,13
DA:3,13
DA:64,0
DA:81,0
DA:245,13
DA:246,13
DA:247,13
DA:248,13
DA:249,13
DA:252,13
DA:253,0
DA:254,0
DA:256,0
DA:260,13
DA:261,0
DA:265,13
DA:266,0
DA:267,0
DA:268,0
DA:270,0
DA:274,13
DA:275,0
DA:284,0
DA:285,0
DA:288,0
DA:292,13
DA:293,0
DA:294,0
DA:296,0
DA:302,0
DA:306,13
DA:307,0
DA:308,0
DA:311,0
DA:313,0
DA:315,0
DA:318,0
DA:322,13
DA:324,0
DA:325,0
DA:330,0
DA:335,0
DA:336,0
DA:341,0
DA:342,0
DA:346,0
DA:347,0
DA:348,0
DA:352,0
DA:355,13
LF:50
LH:15
BRDA:253,0,0,0
BRDA:253,0,1,0
BRDA:253,1,0,0
BRDA:253,1,1,0
BRDA:266,2,0,0
BRDA:266,2,1,0
BRDA:266,3,0,0
BRDA:266,3,1,0
BRDA:276,4,0,0
BRDA:276,4,1,0
BRDA:284,5,0,0
BRDA:284,5,1,0
BRDA:292,6,0,0
BRDA:307,7,0,0
BRDA:307,7,1,0
BRDA:307,8,0,0
BRDA:307,8,1,0
BRDA:313,9,0,0
BRDA:313,9,1,0
BRDA:324,10,0,0
BRDA:324,10,1,0
BRDA:325,11,0,0
BRDA:325,11,1,0
BRDA:325,11,2,0
BRDA:325,11,3,0
BRDA:330,12,0,0
BRDA:330,12,1,0
BRDA:330,12,2,0
BRDA:330,12,3,0
BRDA:335,13,0,0
BRDA:335,13,1,0
BRDA:335,14,0,0
BRDA:335,14,1,0
BRDA:341,15,0,0
BRDA:341,15,1,0
BRDA:342,16,0,0
BRDA:342,16,1,0
BRDA:343,17,0,0
BRDA:343,17,1,0
BRDA:344,18,0,0
BRDA:344,18,1,0
BRDA:346,19,0,0
BRDA:346,19,1,0
BRF:43
BRH:0
end_of_record
TN:
SF:models\Message.js
FNF:0
FNH:0
DA:1,13
DA:2,13
DA:9,13
LF:3
LH:3
BRF:0
BRH:0
end_of_record
TN:
SF:models\Notification.js
FNF:0
FNH:0
DA:1,13
DA:2,13
DA:10,13
LF:3
LH:3
BRF:0
BRH:0
end_of_record
TN:
SF:models\Object.js
FNF:0
FNH:0
DA:1,13
DA:3,13
DA:22,13
LF:3
LH:3
BRF:0
BRH:0
end_of_record
TN:
SF:models\Subscription.js
FN:83,(anonymous_0)
FN:91,(anonymous_1)
FN:101,(anonymous_2)
FN:106,(anonymous_3)
FN:111,(anonymous_4)
FN:128,(anonymous_5)
FN:138,(anonymous_6)
FNF:7
FNH:0
FNDA:0,(anonymous_0)
FNDA:0,(anonymous_1)
FNDA:0,(anonymous_2)
FNDA:0,(anonymous_3)
FNDA:0,(anonymous_4)
FNDA:0,(anonymous_5)
FNDA:0,(anonymous_6)
DA:1,13
DA:3,13
DA:80,13
DA:83,13
DA:84,0
DA:85,0
DA:87,0
DA:91,13
DA:92,0
DA:95,0
DA:101,13
DA:102,0
DA:106,13
DA:107,0
DA:111,13
DA:112,0
DA:113,0
DA:114,0
DA:115,0
DA:117,0
DA:118,0
DA:119,0
DA:122,0
DA:124,0
DA:128,13
DA:129,0
DA:134,0
DA:138,13
DA:139,0
DA:140,0
DA:141,0
DA:142,0
DA:143,0
DA:145,0
DA:148,13
LF:35
LH:11
BRDA:84,0,0,0
BRDA:84,0,1,0
BRDA:84,1,0,0
BRDA:84,1,1,0
BRDA:84,1,2,0
BRDA:92,2,0,0
BRDA:92,2,1,0
BRDA:95,3,0,0
BRDA:95,3,1,0
BRDA:95,3,2,0
BRDA:95,3,3,0
BRDA:102,4,0,0
BRDA:102,4,1,0
BRDA:107,5,0,0
BRDA:107,5,1,0
BRDA:107,5,2,0
BRDA:112,6,0,0
BRDA:112,6,1,0
BRDA:112,7,0,0
BRDA:112,7,1,0
BRDA:112,7,2,0
BRDA:117,8,0,0
BRDA:117,8,1,0
BRDA:134,9,0,0
BRDA:134,9,1,0
BRDA:139,10,0,0
BRDA:139,10,1,0
BRF:27
BRH:0
end_of_record
TN:
SF:models\Trade.js
FNF:0
FNH:0
DA:1,13
DA:3,13
DA:21,13
DA:228,13
LF:4
LH:4
BRF:0
BRH:0
end_of_record
TN:
SF:models\User.js
FNF:0
FNH:0
DA:1,13
DA:4,13
DA:79,13
LF:3
LH:3
BRF:0
BRH:0
end_of_record
TN:
SF:routes\advertisements.js
FN:11,(anonymous_0)
FN:63,(anonymous_1)
FN:79,(anonymous_2)
FN:100,(anonymous_3)
FN:130,(anonymous_4)
FNF:5
FNH:0
FNDA:0,(anonymous_0)
FNDA:0,(anonymous_1)
FNDA:0,(anonymous_2)
FNDA:0,(anonymous_3)
FNDA:0,(anonymous_4)
DA:1,13
DA:2,13
DA:3,13
DA:4,13
DA:5,13
DA:6,13
DA:11,13
DA:12,0
DA:13,0
DA:15,0
DA:16,0
DA:20,0
DA:21,0
DA:22,0
DA:26,0
DA:27,0
DA:28,0
DA:32,0
DA:33,0
DA:35,0
DA:36,0
DA:38,0
DA:47,0
DA:48,0
DA:50,0
DA:55,0
DA:56,0
DA:63,13
DA:64,0
DA:65,0
DA:69,0
DA:71,0
DA:72,0
DA:79,13
DA:80,0
DA:81,0
DA:90,0
DA:92,0
DA:93,0
DA:100,13
DA:101,0
DA:102,0
DA:104,0
DA:105,0
DA:108,0
DA:110,0
DA:116,0
DA:117,0
DA:120,0
DA:122,0
DA:123,0
DA:130,13
DA:131,0
DA:132,0
DA:137,0
DA:138,0
DA:141,0
DA:143,0
DA:145,0
DA:146,0
DA:150,13
LF:61
LH:12
BRDA:15,0,0,0
BRDA:15,0,1,0
BRDA:15,1,0,0
BRDA:15,1,1,0
BRDA:21,2,0,0
BRDA:21,2,1,0
BRDA:21,3,0,0
BRDA:21,3,1,0
BRDA:27,4,0,0
BRDA:27,4,1,0
BRDA:104,5,0,0
BRDA:104,5,1,0
BRDA:108,6,0,0
BRDA:108,6,1,0
BRDA:116,7,0,0
BRDA:116,7,1,0
BRDA:137,8,0,0
BRDA:137,8,1,0
BRF:18
BRH:0
end_of_record
TN:
SF:routes\auth.js
FN:2,getFullUrl
FN:41,(anonymous_1)
FN:44,(anonymous_2)
FN:55,(anonymous_3)
FN:74,(anonymous_4)
FN:117,(anonymous_5)
FN:151,(anonymous_6)
FN:169,(anonymous_7)
FN:198,(anonymous_8)
FN:226,(anonymous_9)
FN:235,(anonymous_10)
FNF:11
FNH:1
FNDA:0,getFullUrl
FNDA:0,(anonymous_1)
FNDA:0,(anonymous_2)
FNDA:0,(anonymous_3)
FNDA:13,(anonymous_4)
FNDA:0,(anonymous_5)
FNDA:0,(anonymous_6)
FNDA:0,(anonymous_7)
FNDA:0,(anonymous_8)
FNDA:0,(anonymous_9)
FNDA:0,(anonymous_10)
DA:3,0
DA:4,0
DA:5,0
DA:7,13
DA:8,13
DA:9,13
DA:10,13
DA:11,13
DA:12,13
DA:13,13
DA:14,13
DA:15,13
DA:16,13
DA:18,13
DA:21,13
DA:28,13
DA:31,13
DA:32,0
DA:33,0
DA:35,0
DA:36,0
DA:40,13
DA:42,0
DA:46,0
DA:47,0
DA:48,0
DA:52,13
DA:56,0
DA:57,0
DA:58,0
DA:60,0
DA:66,13
DA:75,13
DA:76,13
DA:77,0
DA:79,13
DA:80,13
DA:81,13
DA:82,13
DA:84,0
DA:87,0
DA:88,0
DA:89,0
DA:92,0
DA:93,0
DA:95,0
DA:100,0
DA:101,0
DA:102,0
DA:104,0
DA:110,13
DA:118,0
DA:119,0
DA:120,0
DA:122,0
DA:123,0
DA:124,0
DA:126,0
DA:127,0
DA:129,0
DA:130,0
DA:133,0
DA:134,0
DA:136,0
DA:141,0
DA:142,0
DA:143,0
DA:145,0
DA:151,13
DA:152,0
DA:153,0
DA:154,0
DA:155,0
DA:156,0
DA:158,0
DA:163,13
DA:170,0
DA:171,0
DA:172,0
DA:174,0
DA:175,0
DA:176,0
DA:177,0
DA:178,0
DA:179,0
DA:182,0
DA:183,0
DA:184,0
DA:187,0
DA:188,0
DA:190,0
DA:192,0
DA:198,13
DA:199,0
DA:200,0
DA:202,0
DA:203,0
DA:204,0
DA:205,0
DA:207,0
DA:210,0
DA:216,0
DA:217,0
DA:218,0
DA:220,0
DA:221,0
DA:226,13
DA:227,0
DA:235,13
DA:236,0
DA:237,0
DA:238,0
DA:239,0
DA:241,0
DA:242,0
DA:244,0
DA:248,13
LF:117
LH:30
BRDA:3,0,0,0
BRDA:3,0,1,0
BRDA:5,1,0,0
BRDA:5,1,1,0
BRDA:31,2,0,0
BRDA:31,2,1,13
BRDA:57,3,0,0
BRDA:57,3,1,0
BRDA:76,4,0,0
BRDA:76,4,1,13
BRDA:82,5,0,13
BRDA:82,5,1,0
BRDA:88,6,0,0
BRDA:88,6,1,0
BRDA:119,7,0,0
BRDA:119,7,1,0
BRDA:127,8,0,0
BRDA:127,8,1,0
BRDA:134,9,0,0
BRDA:134,9,1,0
BRDA:154,10,0,0
BRDA:154,10,1,0
BRDA:171,11,0,0
BRDA:171,11,1,0
BRDA:177,12,0,0
BRDA:177,12,1,0
BRDA:178,13,0,0
BRDA:178,13,1,0
BRDA:179,14,0,0
BRDA:179,14,1,0
BRDA:182,15,0,0
BRDA:182,15,1,0
BRDA:184,16,0,0
BRDA:184,16,1,0
BRDA:188,17,0,0
BRDA:188,17,1,0
BRDA:202,18,0,0
BRDA:202,18,1,0
BRDA:204,19,0,0
BRDA:204,19,1,0
BRDA:216,20,0,0
BRDA:216,20,1,0
BRDA:238,21,0,0
BRDA:238,21,1,0
BRF:44
BRH:3
end_of_record
TN:
SF:routes\categories.js
FN:11,(anonymous_0)
FNF:1
FNH:0
FNDA:0,(anonymous_0)
DA:2,13
DA:3,13
DA:4,13
DA:5,13
DA:8,13
DA:11,13
DA:12,0
DA:13,0
DA:14,0
DA:16,0
DA:20,13
LF:11
LH:7
BRF:0
BRH:0
end_of_record
TN:
SF:routes\conversations.js
FN:8,getFullUrl
FN:15,(anonymous_1)
FN:81,(anonymous_2)
FN:95,(anonymous_3)
FN:114,(anonymous_4)
FN:128,(anonymous_5)
FN:186,(anonymous_6)
FNF:7
FNH:0
FNDA:0,getFullUrl
FNDA:0,(anonymous_1)
FNDA:0,(anonymous_2)
FNDA:0,(anonymous_3)
FNDA:0,(anonymous_4)
FNDA:0,(anonymous_5)
FNDA:0,(anonymous_6)
DA:1,13
DA:2,13
DA:3,13
DA:4,13
DA:5,13
DA:9,0
DA:10,0
DA:11,0
DA:15,13
DA:16,0
DA:18,0
DA:32,0
DA:34,0
DA:36,0
DA:41,0
DA:48,0
DA:49,0
DA:50,0
DA:51,0
DA:52,0
DA:53,0
DA:55,0
DA:77,0
DA:81,0
DA:82,0
DA:83,0
DA:84,0
DA:87,0
DA:89,0
DA:90,0
DA:95,13
DA:96,0
DA:97,0
DA:100,0
DA:101,0
DA:102,0
DA:105,0
DA:106,0
DA:110,0
DA:114,0
DA:115,0
DA:116,0
DA:117,0
DA:120,0
DA:122,0
DA:123,0
DA:128,13
DA:129,0
DA:130,0
DA:131,0
DA:133,0
DA:134,0
DA:137,0
DA:138,0
DA:142,0
DA:143,0
DA:144,0
DA:147,0
DA:148,0
DA:152,0
DA:158,0
DA:161,0
DA:162,0
DA:165,0
DA:168,0
DA:169,0
DA:171,0
DA:178,0
DA:180,0
DA:181,0
DA:186,13
DA:187,0
DA:188,0
DA:191,0
DA:192,0
DA:193,0
DA:196,0
DA:197,0
DA:201,0
DA:212,0
DA:214,0
DA:215,0
DA:219,13
LF:83
LH:10
BRDA:9,0,0,0
BRDA:9,0,1,0
BRDA:11,1,0,0
BRDA:11,1,1,0
BRDA:48,2,0,0
BRDA:48,2,1,0
BRDA:48,3,0,0
BRDA:48,3,1,0
BRDA:50,4,0,0
BRDA:50,4,1,0
BRDA:50,5,0,0
BRDA:50,5,1,0
BRDA:52,6,0,0
BRDA:52,6,1,0
BRDA:52,7,0,0
BRDA:52,7,1,0
BRDA:52,7,2,0
BRDA:66,8,0,0
BRDA:66,8,1,0
BRDA:82,9,0,0
BRDA:82,9,1,0
BRDA:83,10,0,0
BRDA:83,10,1,0
BRDA:101,11,0,0
BRDA:101,11,1,0
BRDA:105,12,0,0
BRDA:105,12,1,0
BRDA:105,13,0,0
BRDA:105,13,1,0
BRDA:115,14,0,0
BRDA:115,14,1,0
BRDA:115,15,0,0
BRDA:115,15,1,0
BRDA:133,16,0,0
BRDA:133,16,1,0
BRDA:133,17,0,0
BRDA:133,17,1,0
BRDA:137,18,0,0
BRDA:137,18,1,0
BRDA:143,19,0,0
BRDA:143,19,1,0
BRDA:147,20,0,0
BRDA:147,20,1,0
BRDA:147,21,0,0
BRDA:147,21,1,0
BRDA:169,22,0,0
BRDA:169,22,1,0
BRDA:192,23,0,0
BRDA:192,23,1,0
BRDA:196,24,0,0
BRDA:196,24,1,0
BRDA:196,25,0,0
BRDA:196,25,1,0
BRF:53
BRH:0
end_of_record
TN:
SF:routes\delivery.js
FN:13,(anonymous_0)
FN:35,(anonymous_1)
FN:80,(anonymous_2)
FN:236,(anonymous_3)
FN:370,(anonymous_4)
FN:428,(anonymous_5)
FN:445,(anonymous_6)
FN:472,(anonymous_7)
FN:526,(anonymous_8)
FN:574,(anonymous_9)
FNF:10
FNH:0
FNDA:0,(anonymous_0)
FNDA:0,(anonymous_1)
FNDA:0,(anonymous_2)
FNDA:0,(anonymous_3)
FNDA:0,(anonymous_4)
FNDA:0,(anonymous_5)
FNDA:0,(anonymous_6)
FNDA:0,(anonymous_7)
FNDA:0,(anonymous_8)
FNDA:0,(anonymous_9)
DA:1,13
DA:2,13
DA:3,13
DA:4,13
DA:5,13
DA:6,13
DA:13,13
DA:14,0
DA:15,0
DA:17,0
DA:22,0
DA:23,0
DA:35,13
DA:36,0
DA:37,0
DA:39,0
DA:40,0
DA:47,0
DA:50,0
DA:58,0
DA:67,0
DA:68,0
DA:80,13
DA:81,0
DA:89,0
DA:91,0
DA:92,0
DA:99,0
DA:105,0
DA:106,0
DA:112,0
DA:113,0
DA:120,0
DA:121,0
DA:122,0
DA:124,0
DA:125,0
DA:132,0
DA:133,0
DA:142,0
DA:147,0
DA:156,0
DA:166,0
DA:186,0
DA:187,0
DA:189,0
DA:199,0
DA:211,0
DA:217,0
DA:223,0
DA:224,0
DA:236,13
DA:237,0
DA:238,0
DA:248,0
DA:249,0
DA:256,0
DA:257,0
DA:263,0
DA:264,0
DA:271,0
DA:272,0
DA:282,0
DA:290,0
DA:292,0
DA:293,0
DA:294,0
DA:295,0
DA:296,0
DA:299,0
DA:300,0
DA:312,0
DA:313,0
DA:317,0
DA:330,0
DA:341,0
DA:342,0
DA:349,0
DA:351,0
DA:357,0
DA:358,0
DA:370,13
DA:371,0
DA:372,0
DA:374,0
DA:375,0
DA:382,0
DA:383,0
DA:384,0
DA:390,0
DA:393,0
DA:394,0
DA:400,0
DA:415,0
DA:416,0
DA:428,13
DA:429,0
DA:430,0
DA:431,0
DA:438,0
DA:445,0
DA:448,0
DA:454,0
DA:459,0
DA:460,0
DA:472,13
DA:473,0
DA:474,0
DA:476,0
DA:478,0
DA:479,0
DA:486,0
DA:487,0
DA:488,0
DA:495,0
DA:498,0
DA:499,0
DA:504,0
DA:507,0
DA:513,0
DA:514,0
DA:526,13
DA:527,0
DA:533,0
DA:543,0
DA:553,0
DA:561,0
DA:562,0
DA:574,13
DA:575,0
DA:578,0
DA:579,0
DA:585,0
DA:587,0
DA:588,0
DA:594,0
DA:598,0
DA:599,0
DA:606,0
DA:607,0
DA:614,0
DA:615,0
DA:616,0
DA:617,0
DA:621,0
DA:623,0
DA:654,0
DA:655,0
DA:662,13
LF:149
LH:16
BRDA:37,0,0,0
BRDA:39,1,0,0
BRDA:39,1,1,0
BRDA:39,2,0,0
BRDA:39,2,1,0
BRDA:39,2,2,0
BRDA:91,3,0,0
BRDA:91,3,1,0
BRDA:91,4,0,0
BRDA:91,4,1,0
BRDA:105,5,0,0
BRDA:105,5,1,0
BRDA:112,6,0,0
BRDA:112,6,1,0
BRDA:112,7,0,0
BRDA:112,7,1,0
BRDA:120,8,0,0
BRDA:120,8,1,0
BRDA:124,9,0,0
BRDA:124,9,1,0
BRDA:132,10,0,0
BRDA:132,10,1,0
BRDA:143,11,0,0
BRDA:143,11,1,0
BRDA:143,11,2,0
BRDA:144,12,0,0
BRDA:144,12,1,0
BRDA:144,12,2,0
BRDA:149,13,0,0
BRDA:149,13,1,0
BRDA:149,13,2,0
BRDA:150,14,0,0
BRDA:150,14,1,0
BRDA:150,14,2,0
BRDA:151,15,0,0
BRDA:151,15,1,0
BRDA:160,16,0,0
BRDA:160,16,1,0
BRDA:172,17,0,0
BRDA:172,17,1,0
BRDA:186,18,0,0
BRDA:186,18,1,0
BRDA:214,19,0,0
BRDA:214,19,1,0
BRDA:214,19,2,0
BRDA:248,20,0,0
BRDA:248,20,1,0
BRDA:256,21,0,0
BRDA:256,21,1,0
BRDA:263,22,0,0
BRDA:263,22,1,0
BRDA:276,23,0,0
BRDA:276,23,1,0
BRDA:286,24,0,0
BRDA:286,24,1,0
BRDA:290,25,0,0
BRDA:290,25,1,0
BRDA:299,26,0,0
BRDA:299,26,1,0
BRDA:308,27,0,0
BRDA:308,27,1,0
BRDA:312,28,0,0
BRDA:312,28,1,0
BRDA:319,29,0,0
BRDA:319,29,1,0
BRDA:335,30,0,0
BRDA:335,30,1,0
BRDA:341,31,0,0
BRDA:341,31,1,0
BRDA:374,32,0,0
BRDA:374,32,1,0
BRDA:383,33,0,0
BRDA:383,33,1,0
BRDA:383,34,0,0
BRDA:383,34,1,0
BRDA:393,35,0,0
BRDA:393,35,1,0
BRDA:393,36,0,0
BRDA:393,36,1,0
BRDA:430,37,0,0
BRDA:430,37,1,0
BRDA:478,38,0,0
BRDA:478,38,1,0
BRDA:487,39,0,0
BRDA:487,39,1,0
BRDA:495,40,0,0
BRDA:495,40,1,0
BRDA:498,41,0,0
BRDA:498,41,1,0
BRDA:578,42,0,0
BRDA:578,42,1,0
BRDA:578,43,0,0
BRDA:578,43,1,0
BRDA:587,44,0,0
BRDA:587,44,1,0
BRDA:598,45,0,0
BRDA:598,45,1,0
BRDA:606,46,0,0
BRDA:606,46,1,0
BRDA:615,47,0,0
BRDA:615,47,1,0
BRDA:638,48,0,0
BRDA:638,48,1,0
BRF:103
BRH:0
end_of_record
TN:
SF:routes\notifications.js
FN:7,(anonymous_0)
FN:22,(anonymous_1)
FN:42,(anonymous_2)
FN:57,(anonymous_3)
FN:72,(anonymous_4)
FN:91,(anonymous_5)
FNF:6
FNH:0
FNDA:0,(anonymous_0)
FNDA:0,(anonymous_1)
FNDA:0,(anonymous_2)
FNDA:0,(anonymous_3)
FNDA:0,(anonymous_4)
FNDA:0,(anonymous_5)
DA:1,13
DA:2,13
DA:3,13
DA:4,13
DA:7,13
DA:8,0
DA:9,0
DA:14,0
DA:16,0
DA:17,0
DA:22,13
DA:23,0
DA:24,0
DA:30,0
DA:31,0
DA:34,0
DA:36,0
DA:37,0
DA:42,13
DA:43,0
DA:44,0
DA:49,0
DA:51,0
DA:52,0
DA:57,13
DA:58,0
DA:59,0
DA:64,0
DA:66,0
DA:67,0
DA:72,13
DA:73,0
DA:74,0
DA:79,0
DA:80,0
DA:83,0
DA:85,0
DA:86,0
DA:91,13
DA:92,0
DA:93,0
DA:101,0
DA:102,0
DA:104,0
DA:105,0
DA:109,13
DA:110,13
LF:47
LH:12
BRDA:30,0,0,0
BRDA:30,0,1,0
BRDA:79,1,0,0
BRDA:79,1,1,0
BRDA:91,2,0,0
BRF:5
BRH:0
end_of_record
TN:
SF:routes\objects.js
FN:26,(anonymous_0)
FN:27,(anonymous_1)
FN:36,(anonymous_2)
FN:66,(anonymous_3)
FN:88,(anonymous_4)
FN:146,(anonymous_5)
FN:168,(anonymous_6)
FN:178,(anonymous_7)
FN:185,(anonymous_8)
FN:219,(anonymous_9)
FN:263,(anonymous_10)
FN:301,(anonymous_11)
FN:313,(anonymous_12)
FN:329,getFullUrl
FN:336,(anonymous_14)
FN:339,(anonymous_15)
FN:354,(anonymous_16)
FN:377,(anonymous_17)
FN:447,(anonymous_18)
FN:481,(anonymous_19)
FN:542,(anonymous_20)
FN:574,(anonymous_21)
FN:588,(anonymous_22)
FN:609,(anonymous_23)
FNF:24
FNH:1
FNDA:0,(anonymous_0)
FNDA:0,(anonymous_1)
FNDA:0,(anonymous_2)
FNDA:0,(anonymous_3)
FNDA:0,(anonymous_4)
FNDA:0,(anonymous_5)
FNDA:0,(anonymous_6)
FNDA:0,(anonymous_7)
FNDA:0,(anonymous_8)
FNDA:0,(anonymous_9)
FNDA:0,(anonymous_10)
FNDA:0,(anonymous_11)
FNDA:0,(anonymous_12)
FNDA:0,getFullUrl
FNDA:78,(anonymous_14)
FNDA:0,(anonymous_15)
FNDA:0,(anonymous_16)
FNDA:0,(anonymous_17)
FNDA:0,(anonymous_18)
FNDA:0,(anonymous_19)
FNDA:0,(anonymous_20)
FNDA:0,(anonymous_21)
FNDA:0,(anonymous_22)
FNDA:0,(anonymous_23)
DA:1,13
DA:2,13
DA:3,13
DA:4,13
DA:5,13
DA:6,13
DA:7,13
DA:8,13
DA:9,13
DA:11,13
DA:14,13
DA:17,13
DA:20,13
DA:21,13
DA:22,0
DA:25,13
DA:26,0
DA:28,0
DA:29,0
DA:30,0
DA:33,13
DA:36,13
DA:37,0
DA:38,0
DA:41,0
DA:42,0
DA:45,0
DA:47,0
DA:48,0
DA:50,0
DA:51,0
DA:54,0
DA:55,0
DA:58,0
DA:66,0
DA:67,0
DA:68,0
DA:72,0
DA:73,0
DA:76,0
DA:80,13
DA:88,13
DA:89,0
DA:90,0
DA:93,0
DA:98,0
DA:102,0
DA:103,0
DA:106,0
DA:107,0
DA:111,0
DA:112,0
DA:116,0
DA:117,0
DA:118,0
DA:119,0
DA:120,0
DA:122,0
DA:125,0
DA:126,0
DA:135,0
DA:136,0
DA:138,0
DA:139,0
DA:146,13
DA:147,0
DA:150,0
DA:151,0
DA:152,0
DA:154,0
DA:155,0
DA:156,0
DA:157,0
DA:159,0
DA:161,0
DA:163,0
DA:165,0
DA:166,0
DA:167,0
DA:168,0
DA:171,0
DA:178,0
DA:179,0
DA:180,0
DA:184,0
DA:185,0
DA:186,0
DA:187,0
DA:192,0
DA:194,0
DA:196,0
DA:199,0
DA:202,0
DA:204,0
DA:214,0
DA:219,13
DA:220,0
DA:221,0
DA:223,0
DA:225,0
DA:226,0
DA:232,0
DA:233,0
DA:236,0
DA:237,0
DA:240,0
DA:241,0
DA:244,0
DA:249,0
DA:254,0
DA:263,13
DA:264,0
DA:265,0
DA:266,0
DA:267,0
DA:273,0
DA:274,0
DA:275,0
DA:284,0
DA:285,0
DA:293,0
DA:295,0
DA:301,13
DA:302,0
DA:303,0
DA:304,0
DA:306,0
DA:307,0
DA:313,13
DA:314,0
DA:316,0
DA:317,0
DA:320,0
DA:321,0
DA:322,0
DA:324,0
DA:330,0
DA:331,0
DA:332,0
DA:336,78
DA:337,13
DA:338,13
DA:339,13
DA:340,0
DA:341,0
DA:342,0
DA:344,0
DA:345,0
DA:348,0
DA:349,0
DA:353,0
DA:354,0
DA:355,0
DA:356,0
DA:361,0
DA:363,0
DA:365,0
DA:368,0
DA:370,0
DA:377,13
DA:378,0
DA:380,0
DA:381,0
DA:384,0
DA:386,0
DA:387,0
DA:388,0
DA:391,0
DA:392,0
DA:395,0
DA:396,0
DA:397,0
DA:398,0
DA:399,0
DA:401,0
DA:406,0
DA:407,0
DA:408,0
DA:410,0
DA:411,0
DA:412,0
DA:416,0
DA:417,0
DA:419,0
DA:420,0
DA:425,0
DA:426,0
DA:430,0
DA:431,0
DA:434,0
DA:437,0
DA:438,0
DA:440,0
DA:441,0
DA:447,13
DA:448,0
DA:450,0
DA:451,0
DA:454,0
DA:455,0
DA:456,0
DA:457,0
DA:459,0
DA:461,0
DA:462,0
DA:463,0
DA:466,0
DA:472,0
DA:474,0
DA:475,0
DA:481,13
DA:482,0
DA:484,0
DA:485,0
DA:488,0
DA:489,0
DA:490,0
DA:491,0
DA:493,0
DA:495,0
DA:496,0
DA:499,0
DA:500,0
DA:504,0
DA:505,0
DA:508,0
DA:515,0
DA:516,0
DA:519,0
DA:521,0
DA:527,0
DA:533,0
DA:535,0
DA:536,0
DA:542,13
DA:543,0
DA:545,0
DA:546,0
DA:549,0
DA:550,0
DA:551,0
DA:554,0
DA:555,0
DA:556,0
DA:557,0
DA:559,0
DA:560,0
DA:564,0
DA:567,0
DA:573,0
DA:574,0
DA:575,0
DA:576,0
DA:579,0
DA:581,0
DA:582,0
DA:588,13
DA:589,0
DA:591,0
DA:592,0
DA:595,0
DA:597,0
DA:598,0
DA:599,0
DA:601,0
DA:602,0
DA:604,0
DA:609,13
DA:610,0
DA:611,0
DA:614,0
DA:615,0
DA:620,13
LF:273
LH:35
BRDA:21,0,0,0
BRDA:21,0,1,13
BRDA:37,1,0,0
BRDA:37,1,1,0
BRDA:41,2,0,0
BRDA:41,2,1,0
BRDA:50,3,0,0
BRDA:50,3,1,0
BRDA:50,4,0,0
BRDA:50,4,1,0
BRDA:50,4,2,0
BRDA:54,5,0,0
BRDA:54,5,1,0
BRDA:54,6,0,0
BRDA:54,6,1,0
BRDA:54,6,2,0
BRDA:60,7,0,0
BRDA:60,7,1,0
BRDA:67,8,0,0
BRDA:67,8,1,0
BRDA:72,9,0,0
BRDA:72,9,1,0
BRDA:72,10,0,0
BRDA:72,10,1,0
BRDA:93,11,0,0
BRDA:93,11,1,0
BRDA:94,12,0,0
BRDA:94,12,1,0
BRDA:94,12,2,0
BRDA:94,12,3,0
BRDA:94,12,4,0
BRDA:94,12,5,0
BRDA:94,12,6,0
BRDA:94,12,7,0
BRDA:94,12,8,0
BRDA:102,13,0,0
BRDA:102,13,1,0
BRDA:106,14,0,0
BRDA:106,14,1,0
BRDA:111,15,0,0
BRDA:111,15,1,0
BRDA:111,16,0,0
BRDA:111,16,1,0
BRDA:111,16,2,0
BRDA:117,17,0,0
BRDA:117,17,1,0
BRDA:117,18,0,0
BRDA:117,18,1,0
BRDA:119,19,0,0
BRDA:119,19,1,0
BRDA:133,20,0,0
BRDA:133,20,1,0
BRDA:147,21,0,0
BRDA:147,22,0,0
BRDA:150,23,0,0
BRDA:150,23,1,0
BRDA:151,24,0,0
BRDA:151,24,1,0
BRDA:155,25,0,0
BRDA:155,25,1,0
BRDA:156,26,0,0
BRDA:156,26,1,0
BRDA:161,27,0,0
BRDA:161,27,1,0
BRDA:166,28,0,0
BRDA:166,28,1,0
BRDA:179,29,0,0
BRDA:179,29,1,0
BRDA:179,30,0,0
BRDA:179,30,1,0
BRDA:184,31,0,0
BRDA:184,31,1,0
BRDA:184,32,0,0
BRDA:184,32,1,0
BRDA:186,33,0,0
BRDA:186,33,1,0
BRDA:186,34,0,0
BRDA:186,34,1,0
BRDA:194,35,0,0
BRDA:194,35,1,0
BRDA:194,36,0,0
BRDA:194,36,1,0
BRDA:225,37,0,0
BRDA:225,37,1,0
BRDA:232,38,0,0
BRDA:232,38,1,0
BRDA:236,39,0,0
BRDA:236,39,1,0
BRDA:240,40,0,0
BRDA:240,40,1,0
BRDA:266,41,0,0
BRDA:266,41,1,0
BRDA:273,42,0,0
BRDA:273,42,1,0
BRDA:273,43,0,0
BRDA:273,43,1,0
BRDA:316,44,0,0
BRDA:316,44,1,0
BRDA:321,45,0,0
BRDA:321,45,1,0
BRDA:330,46,0,0
BRDA:330,46,1,0
BRDA:332,47,0,0
BRDA:332,47,1,0
BRDA:336,48,0,78
BRDA:336,48,1,78
BRDA:336,48,2,13
BRDA:337,49,0,13
BRDA:337,49,1,0
BRDA:341,50,0,0
BRDA:341,50,1,0
BRDA:345,51,0,0
BRDA:345,51,1,0
BRDA:348,52,0,0
BRDA:348,52,1,0
BRDA:348,53,0,0
BRDA:348,53,1,0
BRDA:353,54,0,0
BRDA:353,54,1,0
BRDA:353,55,0,0
BRDA:353,55,1,0
BRDA:355,56,0,0
BRDA:355,56,1,0
BRDA:355,57,0,0
BRDA:355,57,1,0
BRDA:363,58,0,0
BRDA:363,58,1,0
BRDA:363,59,0,0
BRDA:363,59,1,0
BRDA:380,60,0,0
BRDA:380,60,1,0
BRDA:386,61,0,0
BRDA:386,61,1,0
BRDA:387,62,0,0
BRDA:387,62,1,0
BRDA:395,63,0,0
BRDA:395,63,1,0
BRDA:396,64,0,0
BRDA:396,64,1,0
BRDA:398,65,0,0
BRDA:398,65,1,0
BRDA:407,66,0,0
BRDA:407,66,1,0
BRDA:408,67,0,0
BRDA:408,67,1,0
BRDA:410,68,0,0
BRDA:410,68,1,0
BRDA:411,69,0,0
BRDA:411,69,1,0
BRDA:411,70,0,0
BRDA:411,70,1,0
BRDA:416,71,0,0
BRDA:416,71,1,0
BRDA:416,72,0,0
BRDA:416,72,1,0
BRDA:419,73,0,0
BRDA:419,73,1,0
BRDA:419,74,0,0
BRDA:419,74,1,0
BRDA:425,75,0,0
BRDA:425,75,1,0
BRDA:425,76,0,0
BRDA:425,76,1,0
BRDA:425,76,2,0
BRDA:425,76,3,0
BRDA:430,77,0,0
BRDA:430,77,1,0
BRDA:430,78,0,0
BRDA:430,78,1,0
BRDA:450,79,0,0
BRDA:450,79,1,0
BRDA:455,80,0,0
BRDA:455,80,1,0
BRDA:456,81,0,0
BRDA:456,81,1,0
BRDA:462,82,0,0
BRDA:462,82,1,0
BRDA:484,83,0,0
BRDA:484,83,1,0
BRDA:489,84,0,0
BRDA:489,84,1,0
BRDA:490,85,0,0
BRDA:490,85,1,0
BRDA:495,86,0,0
BRDA:495,86,1,0
BRDA:495,87,0,0
BRDA:495,87,1,0
BRDA:495,87,2,0
BRDA:499,88,0,0
BRDA:499,88,1,0
BRDA:499,89,0,0
BRDA:499,89,1,0
BRDA:499,89,2,0
BRDA:504,90,0,0
BRDA:504,90,1,0
BRDA:504,91,0,0
BRDA:504,91,1,0
BRDA:510,92,0,0
BRDA:510,92,1,0
BRDA:515,93,0,0
BRDA:515,93,1,0
BRDA:515,94,0,0
BRDA:515,94,1,0
BRDA:519,95,0,0
BRDA:519,95,1,0
BRDA:545,96,0,0
BRDA:545,96,1,0
BRDA:550,97,0,0
BRDA:550,97,1,0
BRDA:550,98,0,0
BRDA:550,98,1,0
BRDA:555,99,0,0
BRDA:555,99,1,0
BRDA:556,100,0,0
BRDA:556,100,1,0
BRDA:559,101,0,0
BRDA:559,101,1,0
BRDA:559,102,0,0
BRDA:559,102,1,0
BRDA:574,103,0,0
BRDA:574,103,1,0
BRDA:574,104,0,0
BRDA:574,104,1,0
BRDA:591,105,0,0
BRDA:591,105,1,0
BRDA:597,106,0,0
BRDA:597,106,1,0
BRDA:598,107,0,0
BRDA:598,107,1,0
BRDA:610,108,0,0
BRDA:610,108,1,0
BRF:231
BRH:5
end_of_record
TN:
SF:routes\payments.js
FN:11,(anonymous_0)
FN:55,(anonymous_1)
FN:129,(anonymous_2)
FN:176,(anonymous_3)
FN:211,(anonymous_4)
FN:242,(anonymous_5)
FN:293,(anonymous_6)
FN:358,(anonymous_7)
FN:397,(anonymous_8)
FN:426,(anonymous_9)
FN:457,(anonymous_10)
FN:488,(anonymous_11)
FNF:12
FNH:0
FNDA:0,(anonymous_0)
FNDA:0,(anonymous_1)
FNDA:0,(anonymous_2)
FNDA:0,(anonymous_3)
FNDA:0,(anonymous_4)
FNDA:0,(anonymous_5)
FNDA:0,(anonymous_6)
FNDA:0,(anonymous_7)
FNDA:0,(anonymous_8)
FNDA:0,(anonymous_9)
FNDA:0,(anonymous_10)
FNDA:0,(anonymous_11)
DA:1,13
DA:2,13
DA:3,13
DA:4,13
DA:11,13
DA:12,0
DA:13,0
DA:15,0
DA:16,0
DA:22,0
DA:28,0
DA:29,0
DA:35,0
DA:42,0
DA:43,0
DA:55,13
DA:56,0
DA:57,0
DA:59,0
DA:60,0
DA:61,0
DA:62,0
DA:65,0
DA:66,0
DA:68,0
DA:69,0
DA:70,0
DA:76,0
DA:78,0
DA:85,0
DA:87,0
DA:89,0
DA:90,0
DA:98,0
DA:107,0
DA:108,0
DA:114,0
DA:115,0
DA:116,0
DA:117,0
DA:129,13
DA:130,0
DA:131,0
DA:132,0
DA:134,0
DA:135,0
DA:141,0
DA:143,0
DA:145,0
DA:151,0
DA:157,0
DA:163,0
DA:164,0
DA:176,13
DA:177,0
DA:178,0
DA:180,0
DA:181,0
DA:187,0
DA:189,0
DA:190,0
DA:192,0
DA:198,0
DA:199,0
DA:211,13
DA:212,0
DA:213,0
DA:214,0
DA:216,0
DA:217,0
DA:223,0
DA:229,0
DA:230,0
DA:242,13
DA:243,0
DA:244,0
DA:275,0
DA:280,0
DA:281,0
DA:293,13
DA:294,0
DA:295,0
DA:297,0
DA:298,0
DA:305,0
DA:306,0
DA:308,0
DA:310,0
DA:311,0
DA:330,0
DA:339,0
DA:345,0
DA:346,0
DA:358,13
DA:359,0
DA:360,0
DA:362,0
DA:363,0
DA:369,0
DA:371,0
DA:372,0
DA:378,0
DA:384,0
DA:385,0
DA:397,13
DA:398,0
DA:399,0
DA:401,0
DA:402,0
DA:407,0
DA:413,0
DA:414,0
DA:426,13
DA:427,0
DA:428,0
DA:430,0
DA:432,0
DA:433,0
DA:438,0
DA:444,0
DA:445,0
DA:457,13
DA:458,0
DA:459,0
DA:461,0
DA:463,0
DA:464,0
DA:469,0
DA:475,0
DA:476,0
DA:488,13
DA:489,0
DA:490,0
DA:491,0
DA:493,0
DA:495,0
DA:496,0
DA:502,0
DA:508,0
DA:509,0
DA:516,13
LF:141
LH:17
BRDA:15,0,0,0
BRDA:15,0,1,0
BRDA:15,1,0,0
BRDA:15,1,1,0
BRDA:28,2,0,0
BRDA:28,2,1,0
BRDA:68,3,0,0
BRDA:68,3,1,0
BRDA:87,4,0,0
BRDA:87,4,1,0
BRDA:134,5,0,0
BRDA:134,5,1,0
BRDA:143,6,0,0
BRDA:143,6,1,0
BRDA:180,7,0,0
BRDA:180,7,1,0
BRDA:189,8,0,0
BRDA:189,8,1,0
BRDA:216,9,0,0
BRDA:216,9,1,0
BRDA:225,10,0,0
BRDA:225,10,1,0
BRDA:226,11,0,0
BRDA:226,11,1,0
BRDA:297,12,0,0
BRDA:297,12,1,0
BRDA:297,13,0,0
BRDA:297,13,1,0
BRDA:308,14,0,0
BRDA:308,14,1,0
BRDA:362,15,0,0
BRDA:362,15,1,0
BRDA:371,16,0,0
BRDA:371,16,1,0
BRDA:401,17,0,0
BRDA:401,17,1,0
BRDA:432,18,0,0
BRDA:432,18,1,0
BRDA:463,19,0,0
BRDA:463,19,1,0
BRDA:495,20,0,0
BRDA:495,20,1,0
BRF:42
BRH:0
end_of_record
TN:
SF:routes\pickupRoutes.js
FN:18,(anonymous_0)
FN:106,(anonymous_1)
FN:160,(anonymous_2)
FN:211,(anonymous_3)
FN:273,(anonymous_4)
FN:301,(anonymous_5)
FN:339,generateDeliveryTimeline
FN:390,getNextUserAction
FNF:8
FNH:0
FNDA:0,(anonymous_0)
FNDA:0,(anonymous_1)
FNDA:0,(anonymous_2)
FNDA:0,(anonymous_3)
FNDA:0,(anonymous_4)
FNDA:0,(anonymous_5)
FNDA:0,generateDeliveryTimeline
FNDA:0,getNextUserAction
DA:6,13
DA:7,13
DA:8,13
DA:9,13
DA:10,13
DA:18,13
DA:19,0
DA:20,0
DA:22,0
DA:23,0
DA:26,0
DA:30,0
DA:31,0
DA:38,0
DA:39,0
DA:46,0
DA:47,0
DA:53,0
DA:56,0
DA:57,0
DA:59,0
DA:61,0
DA:68,0
DA:69,0
DA:71,0
DA:73,0
DA:84,0
DA:85,0
DA:92,0
DA:93,0
DA:106,13
DA:107,0
DA:108,0
DA:109,0
DA:111,0
DA:112,0
DA:113,0
DA:117,0
DA:118,0
DA:121,0
DA:122,0
DA:126,0
DA:144,0
DA:145,0
DA:146,0
DA:149,0
DA:150,0
DA:160,13
DA:161,0
DA:162,0
DA:163,0
DA:165,0
DA:169,0
DA:170,0
DA:173,0
DA:174,0
DA:177,0
DA:178,0
DA:182,0
DA:183,0
DA:184,0
DA:185,0
DA:187,0
DA:192,0
DA:200,0
DA:201,0
DA:211,13
DA:212,0
DA:213,0
DA:214,0
DA:215,0
DA:217,0
DA:221,0
DA:222,0
DA:225,0
DA:226,0
DA:229,0
DA:230,0
DA:234,0
DA:235,0
DA:236,0
DA:239,0
DA:247,0
DA:249,0
DA:254,0
DA:262,0
DA:263,0
DA:273,13
DA:274,0
DA:275,0
DA:276,0
DA:278,0
DA:280,0
DA:281,0
DA:283,0
DA:290,0
DA:291,0
DA:301,13
DA:302,0
DA:303,0
DA:304,0
DA:306,0
DA:310,0
DA:311,0
DA:315,0
DA:316,0
DA:319,0
DA:321,0
DA:332,0
DA:333,0
DA:340,0
DA:342,0
DA:343,0
DA:351,0
DA:352,0
DA:360,0
DA:361,0
DA:369,0
DA:370,0
DA:378,0
DA:379,0
DA:387,0
DA:391,0
DA:393,0
DA:395,0
DA:397,0
DA:399,0
DA:401,0
DA:403,0
DA:407,0
DA:410,0
DA:412,0
DA:414,0
DA:416,0
DA:418,0
DA:423,13
LF:136
LH:12
BRDA:30,0,0,0
BRDA:30,0,1,0
BRDA:38,1,0,0
BRDA:38,1,1,0
BRDA:46,2,0,0
BRDA:46,2,1,0
BRDA:59,3,0,0
BRDA:59,3,1,0
BRDA:112,4,0,0
BRDA:112,4,1,0
BRDA:117,5,0,0
BRDA:117,5,1,0
BRDA:117,6,0,0
BRDA:117,6,1,0
BRDA:121,7,0,0
BRDA:121,7,1,0
BRDA:121,8,0,0
BRDA:121,8,1,0
BRDA:169,9,0,0
BRDA:169,9,1,0
BRDA:173,10,0,0
BRDA:173,10,1,0
BRDA:177,11,0,0
BRDA:177,11,1,0
BRDA:221,12,0,0
BRDA:221,12,1,0
BRDA:225,13,0,0
BRDA:225,13,1,0
BRDA:229,14,0,0
BRDA:229,14,1,0
BRDA:229,15,0,0
BRDA:229,15,1,0
BRDA:241,16,0,0
BRDA:241,16,1,0
BRDA:242,17,0,0
BRDA:242,17,1,0
BRDA:276,18,0,0
BRDA:310,19,0,0
BRDA:310,19,1,0
BRDA:315,20,0,0
BRDA:315,20,1,0
BRDA:315,21,0,0
BRDA:315,21,1,0
BRDA:325,22,0,0
BRDA:325,22,1,0
BRDA:326,23,0,0
BRDA:326,23,1,0
BRDA:342,24,0,0
BRDA:342,24,1,0
BRDA:351,25,0,0
BRDA:351,25,1,0
BRDA:351,26,0,0
BRDA:351,26,1,0
BRDA:351,26,2,0
BRDA:351,26,3,0
BRDA:360,27,0,0
BRDA:360,27,1,0
BRDA:369,28,0,0
BRDA:369,28,1,0
BRDA:378,29,0,0
BRDA:378,29,1,0
BRDA:391,30,0,0
BRDA:391,30,1,0
BRDA:393,31,0,0
BRDA:393,31,1,0
BRDA:393,31,2,0
BRDA:393,31,3,0
BRDA:393,31,4,0
BRDA:407,32,0,0
BRDA:407,32,1,0
BRDA:407,32,2,0
BRDA:407,32,3,0
BRDA:407,32,4,0
BRDA:407,32,5,0
BRF:74
BRH:0
end_of_record
TN:
SF:routes\stats.js
FN:8,(anonymous_0)
FNF:1
FNH:0
FNDA:0,(anonymous_0)
DA:1,13
DA:2,13
DA:3,13
DA:4,13
DA:5,13
DA:8,13
DA:9,0
DA:10,0
DA:13,0
DA:18,0
DA:23,0
DA:28,0
DA:31,0
DA:33,0
DA:41,0
DA:42,0
DA:45,0
DA:46,0
DA:53,13
LF:19
LH:7
BRF:0
BRH:0
end_of_record
TN:
SF:routes\subscription.js
FN:10,(anonymous_0)
FN:38,(anonymous_1)
FN:78,(anonymous_2)
FN:192,(anonymous_3)
FN:267,(anonymous_4)
FN:302,(anonymous_5)
FN:345,(anonymous_6)
FNF:7
FNH:0
FNDA:0,(anonymous_0)
FNDA:0,(anonymous_1)
FNDA:0,(anonymous_2)
FNDA:0,(anonymous_3)
FNDA:0,(anonymous_4)
FNDA:0,(anonymous_5)
FNDA:0,(anonymous_6)
DA:1,13
DA:2,13
DA:3,13
DA:4,13
DA:5,13
DA:10,13
DA:11,0
DA:12,0
DA:14,0
DA:15,0
DA:19,0
DA:20,0
DA:23,0
DA:24,0
DA:28,0
DA:30,0
DA:31,0
DA:38,13
DA:39,0
DA:72,0
DA:78,13
DA:79,0
DA:80,0
DA:81,0
DA:83,0
DA:84,0
DA:85,0
DA:88,0
DA:90,0
DA:91,0
DA:92,0
DA:95,0
DA:96,0
DA:97,0
DA:100,0
DA:102,0
DA:103,0
DA:105,0
DA:106,0
DA:107,0
DA:110,0
DA:111,0
DA:114,0
DA:115,0
DA:118,0
DA:119,0
DA:120,0
DA:123,0
DA:124,0
DA:126,0
DA:128,0
DA:129,0
DA:130,0
DA:131,0
DA:132,0
DA:138,0
DA:139,0
DA:140,0
DA:141,0
DA:142,0
DA:146,0
DA:147,0
DA:149,0
DA:150,0
DA:151,0
DA:152,0
DA:153,0
DA:154,0
DA:157,0
DA:158,0
DA:162,0
DA:163,0
DA:170,0
DA:171,0
DA:173,0
DA:179,0
DA:180,0
DA:181,0
DA:192,13
DA:193,0
DA:194,0
DA:196,0
DA:197,0
DA:200,0
DA:201,0
DA:205,0
DA:206,0
DA:207,0
DA:208,0
DA:210,0
DA:212,0
DA:221,0
DA:223,0
DA:224,0
DA:225,0
DA:226,0
DA:228,0
DA:230,0
DA:238,0
DA:239,0
DA:240,0
DA:241,0
DA:242,0
DA:244,0
DA:246,0
DA:254,0
DA:259,0
DA:260,0
DA:267,13
DA:268,0
DA:269,0
DA:271,0
DA:272,0
DA:275,0
DA:276,0
DA:279,0
DA:282,0
DA:283,0
DA:284,0
DA:286,0
DA:288,0
DA:294,0
DA:295,0
DA:302,13
DA:303,0
DA:304,0
DA:306,0
DA:307,0
DA:311,0
DA:312,0
DA:314,0
DA:324,0
DA:326,0
DA:337,0
DA:338,0
DA:345,13
DA:346,0
DA:352,0
DA:353,0
DA:354,0
DA:356,0
DA:362,0
DA:364,0
DA:371,0
DA:372,0
DA:376,13
LF:146
LH:13
BRDA:14,0,0,0
BRDA:14,0,1,0
BRDA:23,1,0,0
BRDA:23,1,1,0
BRDA:83,2,0,0
BRDA:83,2,1,0
BRDA:83,3,0,0
BRDA:83,3,1,0
BRDA:90,4,0,0
BRDA:90,4,1,0
BRDA:95,5,0,0
BRDA:95,5,1,0
BRDA:103,6,0,0
BRDA:103,6,1,0
BRDA:105,7,0,0
BRDA:105,7,1,0
BRDA:110,8,0,0
BRDA:110,8,1,0
BRDA:114,9,0,0
BRDA:114,9,1,0
BRDA:126,10,0,0
BRDA:126,10,1,0
BRDA:128,11,0,0
BRDA:128,11,1,0
BRDA:128,12,0,0
BRDA:128,12,1,0
BRDA:147,13,0,0
BRDA:147,13,1,0
BRDA:157,14,0,0
BRDA:157,14,1,0
BRDA:162,15,0,0
BRDA:162,15,1,0
BRDA:184,16,0,0
BRDA:184,16,1,0
BRDA:196,17,0,0
BRDA:196,17,1,0
BRDA:200,18,0,0
BRDA:200,18,1,0
BRDA:200,19,0,0
BRDA:200,19,1,0
BRDA:205,20,0,0
BRDA:205,20,1,0
BRDA:205,21,0,0
BRDA:205,21,1,0
BRDA:221,22,0,0
BRDA:221,22,1,0
BRDA:223,23,0,0
BRDA:223,23,1,0
BRDA:223,24,0,0
BRDA:223,24,1,0
BRDA:271,25,0,0
BRDA:271,25,1,0
BRDA:275,26,0,0
BRDA:275,26,1,0
BRDA:275,27,0,0
BRDA:275,27,1,0
BRDA:306,28,0,0
BRDA:306,28,1,0
BRDA:352,29,0,0
BRDA:352,29,1,0
BRDA:353,30,0,0
BRDA:353,30,1,0
BRF:62
BRH:0
end_of_record
TN:
SF:routes\trades.js
FN:18,getFullUrl
FN:46,(anonymous_1)
FN:59,(anonymous_2)
FN:118,(anonymous_3)
FN:139,(anonymous_4)
FN:189,(anonymous_5)
FN:199,(anonymous_6)
FN:234,(anonymous_7)
FN:235,(anonymous_8)
FN:269,(anonymous_9)
FN:301,(anonymous_10)
FN:319,(anonymous_11)
FN:342,(anonymous_12)
FN:368,(anonymous_13)
FN:369,(anonymous_14)
FN:376,(anonymous_15)
FN:377,(anonymous_16)
FN:378,(anonymous_17)
FN:396,(anonymous_18)
FN:430,(anonymous_19)
FN:465,(anonymous_20)
FN:500,(anonymous_21)
FN:515,(anonymous_22)
FN:591,(anonymous_23)
FN:652,(anonymous_24)
FN:708,(anonymous_25)
FN:713,(anonymous_26)
FN:755,(anonymous_27)
FN:805,(anonymous_28)
FN:830,(anonymous_29)
FN:853,(anonymous_30)
FN:871,(anonymous_31)
FN:894,(anonymous_32)
FN:921,(anonymous_33)
FN:942,(anonymous_34)
FN:959,(anonymous_35)
FN:985,(anonymous_36)
FNF:37
FNH:0
FNDA:0,getFullUrl
FNDA:0,(anonymous_1)
FNDA:0,(anonymous_2)
FNDA:0,(anonymous_3)
FNDA:0,(anonymous_4)
FNDA:0,(anonymous_5)
FNDA:0,(anonymous_6)
FNDA:0,(anonymous_7)
FNDA:0,(anonymous_8)
FNDA:0,(anonymous_9)
FNDA:0,(anonymous_10)
FNDA:0,(anonymous_11)
FNDA:0,(anonymous_12)
FNDA:0,(anonymous_13)
FNDA:0,(anonymous_14)
FNDA:0,(anonymous_15)
FNDA:0,(anonymous_16)
FNDA:0,(anonymous_17)
FNDA:0,(anonymous_18)
FNDA:0,(anonymous_19)
FNDA:0,(anonymous_20)
FNDA:0,(anonymous_21)
FNDA:0,(anonymous_22)
FNDA:0,(anonymous_23)
FNDA:0,(anonymous_24)
FNDA:0,(anonymous_25)
FNDA:0,(anonymous_26)
FNDA:0,(anonymous_27)
FNDA:0,(anonymous_28)
FNDA:0,(anonymous_29)
FNDA:0,(anonymous_30)
FNDA:0,(anonymous_31)
FNDA:0,(anonymous_32)
FNDA:0,(anonymous_33)
FNDA:0,(anonymous_34)
FNDA:0,(anonymous_35)
FNDA:0,(anonymous_36)
DA:1,13
DA:2,13
DA:3,13
DA:4,13
DA:5,13
DA:6,13
DA:7,13
DA:8,13
DA:9,13
DA:10,13
DA:11,13
DA:14,13
DA:15,13
DA:19,0
DA:20,0
DA:21,0
DA:25,13
DA:31,13
DA:37,13
DA:46,13
DA:47,0
DA:48,0
DA:49,0
DA:50,0
DA:54,0
DA:55,0
DA:56,0
DA:58,0
DA:59,0
DA:60,0
DA:62,0
DA:63,0
DA:67,0
DA:69,0
DA:97,0
DA:100,0
DA:104,0
DA:111,0
DA:113,0
DA:118,13
DA:119,0
DA:120,0
DA:132,0
DA:134,0
DA:139,13
DA:140,0
DA:141,0
DA:149,0
DA:150,0
DA:154,0
DA:155,0
DA:159,0
DA:160,0
DA:162,0
DA:163,0
DA:167,0
DA:182,0
DA:184,0
DA:189,13
DA:190,0
DA:191,0
DA:192,0
DA:194,0
DA:199,13
DA:200,0
DA:201,0
DA:203,0
DA:205,0
DA:206,0
DA:207,0
DA:208,0
DA:211,0
DA:212,0
DA:215,0
DA:216,0
DA:219,0
DA:220,0
DA:224,0
DA:225,0
DA:227,0
DA:231,0
DA:233,0
DA:234,0
DA:235,0
DA:237,0
DA:241,0
DA:242,0
DA:244,0
DA:245,0
DA:246,0
DA:248,0
DA:249,0
DA:250,0
DA:254,0
DA:261,0
DA:264,0
DA:269,13
DA:270,0
DA:271,0
DA:273,0
DA:276,0
DA:277,0
DA:279,0
DA:280,0
DA:282,0
DA:283,0
DA:286,0
DA:293,0
DA:296,0
DA:301,13
DA:302,0
DA:303,0
DA:304,0
DA:305,0
DA:306,0
DA:308,0
DA:309,0
DA:311,0
DA:312,0
DA:315,0
DA:316,0
DA:317,0
DA:319,0
DA:320,0
DA:323,0
DA:324,0
DA:325,0
DA:328,0
DA:335,0
DA:337,0
DA:342,13
DA:343,0
DA:344,0
DA:346,0
DA:349,0
DA:350,0
DA:353,0
DA:354,0
DA:357,0
DA:358,0
DA:361,0
DA:362,0
DA:364,0
DA:365,0
DA:367,0
DA:368,0
DA:369,0
DA:371,0
DA:375,0
DA:376,0
DA:377,0
DA:378,0
DA:379,0
DA:381,0
DA:388,0
DA:391,0
DA:396,13
DA:397,0
DA:398,0
DA:400,0
DA:403,0
DA:404,0
DA:408,0
DA:409,0
DA:412,0
DA:413,0
DA:415,0
DA:422,0
DA:425,0
DA:430,13
DA:431,0
DA:432,0
DA:434,0
DA:437,0
DA:438,0
DA:440,0
DA:441,0
DA:444,0
DA:446,0
DA:447,0
DA:448,0
DA:450,0
DA:457,0
DA:460,0
DA:465,13
DA:466,0
DA:467,0
DA:470,0
DA:471,0
DA:473,0
DA:474,0
DA:475,0
DA:479,0
DA:480,0
DA:481,0
DA:485,0
DA:490,0
DA:495,0
DA:497,0
DA:500,13
DA:501,0
DA:502,0
DA:503,0
DA:504,0
DA:505,0
DA:506,0
DA:508,0
DA:515,13
DA:516,0
DA:517,0
DA:518,0
DA:519,0
DA:522,0
DA:523,0
DA:524,0
DA:525,0
DA:528,0
DA:530,0
DA:531,0
DA:533,0
DA:535,0
DA:536,0
DA:539,0
DA:543,0
DA:544,0
DA:550,0
DA:551,0
DA:560,0
DA:562,0
DA:563,0
DA:564,0
DA:566,0
DA:567,0
DA:570,0
DA:571,0
DA:572,0
DA:574,0
DA:575,0
DA:583,0
DA:586,0
DA:591,13
DA:592,0
DA:593,0
DA:594,0
DA:595,0
DA:598,0
DA:599,0
DA:600,0
DA:601,0
DA:604,0
DA:606,0
DA:607,0
DA:609,0
DA:611,0
DA:612,0
DA:615,0
DA:621,0
DA:623,0
DA:624,0
DA:625,0
DA:627,0
DA:628,0
DA:631,0
DA:632,0
DA:633,0
DA:635,0
DA:636,0
DA:644,0
DA:647,0
DA:652,13
DA:653,0
DA:654,0
DA:655,0
DA:658,0
DA:659,0
DA:661,0
DA:662,0
DA:664,0
DA:667,0
DA:668,0
DA:671,0
DA:672,0
DA:675,0
DA:676,0
DA:679,0
DA:680,0
DA:681,0
DA:685,0
DA:686,0
DA:690,0
DA:691,0
DA:695,0
DA:696,0
DA:702,0
DA:703,0
DA:704,0
DA:708,0
DA:709,0
DA:713,0
DA:714,0
DA:718,0
DA:719,0
DA:720,0
DA:723,0
DA:731,0
DA:740,0
DA:741,0
DA:743,0
DA:744,0
DA:747,0
DA:749,0
DA:750,0
DA:755,13
DA:756,0
DA:757,0
DA:760,0
DA:766,0
DA:767,0
DA:771,0
DA:772,0
DA:776,0
DA:777,0
DA:778,0
DA:781,0
DA:789,0
DA:795,0
DA:797,0
DA:798,0
DA:805,13
DA:806,0
DA:807,0
DA:808,0
DA:809,0
DA:813,0
DA:814,0
DA:817,0
DA:818,0
DA:824,0
DA:825,0
DA:830,13
DA:831,0
DA:832,0
DA:834,0
DA:835,0
DA:838,0
DA:845,0
DA:847,0
DA:848,0
DA:853,13
DA:854,0
DA:855,0
DA:857,0
DA:863,0
DA:865,0
DA:866,0
DA:871,13
DA:872,0
DA:873,0
DA:875,0
DA:876,0
DA:879,0
DA:886,0
DA:888,0
DA:889,0
DA:894,13
DA:895,0
DA:896,0
DA:898,0
DA:899,0
DA:905,0
DA:913,0
DA:915,0
DA:916,0
DA:921,13
DA:922,0
DA:923,0
DA:924,0
DA:925,0
DA:929,0
DA:930,0
DA:933,0
DA:934,0
DA:936,0
DA:937,0
DA:942,13
DA:943,0
DA:944,0
DA:945,0
DA:951,0
DA:952,0
DA:959,13
DA:960,0
DA:961,0
DA:963,0
DA:965,0
DA:977,0
DA:979,0
DA:980,0
DA:985,13
DA:986,0
DA:987,0
DA:988,0
DA:989,0
DA:993,0
DA:994,0
DA:997,0
DA:998,0
DA:999,0
DA:1002,0
DA:1005,0
DA:1007,0
DA:1008,0
DA:1012,13
LF:413
LH:42
BRDA:19,0,0,0
BRDA:19,0,1,0
BRDA:21,1,0,0
BRDA:21,1,1,0
BRDA:49,2,0,0
BRDA:49,2,1,0
BRDA:49,3,0,0
BRDA:49,3,1,0
BRDA:55,4,0,0
BRDA:55,4,1,0
BRDA:59,5,0,0
BRDA:59,5,1,0
BRDA:62,6,0,0
BRDA:62,6,1,0
BRDA:73,7,0,0
BRDA:73,7,1,0
BRDA:100,8,0,0
BRDA:100,8,1,0
BRDA:149,9,0,0
BRDA:149,9,1,0
BRDA:154,10,0,0
BRDA:154,10,1,0
BRDA:154,11,0,0
BRDA:154,11,1,0
BRDA:159,12,0,0
BRDA:159,12,1,0
BRDA:159,13,0,0
BRDA:159,13,1,0
BRDA:162,14,0,0
BRDA:162,14,1,0
BRDA:162,15,0,0
BRDA:162,15,1,0
BRDA:203,16,0,0
BRDA:203,16,1,0
BRDA:211,17,0,0
BRDA:211,17,1,0
BRDA:215,18,0,0
BRDA:215,18,1,0
BRDA:219,19,0,0
BRDA:219,19,1,0
BRDA:219,20,0,0
BRDA:219,20,1,0
BRDA:227,21,0,0
BRDA:227,21,1,0
BRDA:228,22,0,0
BRDA:228,22,1,0
BRDA:228,23,0,0
BRDA:228,23,1,0
BRDA:229,24,0,0
BRDA:229,24,1,0
BRDA:233,25,0,0
BRDA:233,25,1,0
BRDA:234,26,0,0
BRDA:234,26,1,0
BRDA:273,27,0,0
BRDA:273,27,1,0
BRDA:276,28,0,0
BRDA:276,28,1,0
BRDA:279,29,0,0
BRDA:279,29,1,0
BRDA:305,30,0,0
BRDA:305,30,1,0
BRDA:305,31,0,0
BRDA:305,31,1,0
BRDA:308,32,0,0
BRDA:308,32,1,0
BRDA:311,33,0,0
BRDA:311,33,1,0
BRDA:311,34,0,0
BRDA:311,34,1,0
BRDA:316,35,0,0
BRDA:316,35,1,0
BRDA:319,36,0,0
BRDA:319,36,1,0
BRDA:346,37,0,0
BRDA:346,37,1,0
BRDA:349,38,0,0
BRDA:349,38,1,0
BRDA:353,39,0,0
BRDA:353,39,1,0
BRDA:353,40,0,0
BRDA:353,40,1,0
BRDA:353,40,2,0
BRDA:361,41,0,0
BRDA:361,41,1,0
BRDA:361,42,0,0
BRDA:361,42,1,0
BRDA:364,43,0,0
BRDA:364,43,1,0
BRDA:367,44,0,0
BRDA:367,44,1,0
BRDA:368,45,0,0
BRDA:368,45,1,0
BRDA:400,46,0,0
BRDA:400,46,1,0
BRDA:403,47,0,0
BRDA:403,47,1,0
BRDA:408,48,0,0
BRDA:408,48,1,0
BRDA:408,49,0,0
BRDA:408,49,1,0
BRDA:434,50,0,0
BRDA:434,50,1,0
BRDA:437,51,0,0
BRDA:437,51,1,0
BRDA:440,52,0,0
BRDA:440,52,1,0
BRDA:470,53,0,0
BRDA:470,53,1,0
BRDA:470,54,0,0
BRDA:470,54,1,0
BRDA:474,55,0,0
BRDA:474,55,1,0
BRDA:480,56,0,0
BRDA:480,56,1,0
BRDA:480,57,0,0
BRDA:480,57,1,0
BRDA:480,57,2,0
BRDA:503,58,0,0
BRDA:503,58,1,0
BRDA:503,59,0,0
BRDA:503,59,1,0
BRDA:503,59,2,0
BRDA:518,60,0,0
BRDA:518,60,1,0
BRDA:528,61,0,0
BRDA:528,61,1,0
BRDA:530,62,0,0
BRDA:530,62,1,0
BRDA:533,63,0,0
BRDA:533,63,1,0
BRDA:535,64,0,0
BRDA:535,64,1,0
BRDA:543,65,0,0
BRDA:543,65,1,0
BRDA:543,66,0,0
BRDA:543,66,1,0
BRDA:550,67,0,0
BRDA:550,67,1,0
BRDA:550,68,0,0
BRDA:550,68,1,0
BRDA:560,69,0,0
BRDA:560,69,1,0
BRDA:564,70,0,0
BRDA:564,70,1,0
BRDA:574,71,0,0
BRDA:574,71,1,0
BRDA:594,72,0,0
BRDA:594,72,1,0
BRDA:604,73,0,0
BRDA:604,73,1,0
BRDA:606,74,0,0
BRDA:606,74,1,0
BRDA:609,75,0,0
BRDA:609,75,1,0
BRDA:611,76,0,0
BRDA:611,76,1,0
BRDA:621,77,0,0
BRDA:621,77,1,0
BRDA:625,78,0,0
BRDA:625,78,1,0
BRDA:635,79,0,0
BRDA:635,79,1,0
BRDA:659,80,0,0
BRDA:659,80,1,0
BRDA:662,81,0,0
BRDA:662,81,1,0
BRDA:667,82,0,0
BRDA:667,82,1,0
BRDA:667,83,0,0
BRDA:667,83,1,0
BRDA:671,84,0,0
BRDA:671,84,1,0
BRDA:671,85,0,0
BRDA:671,85,1,0
BRDA:680,86,0,0
BRDA:680,86,1,0
BRDA:685,87,0,0
BRDA:685,87,1,0
BRDA:690,88,0,0
BRDA:690,88,1,0
BRDA:695,89,0,0
BRDA:695,89,1,0
BRDA:703,90,0,0
BRDA:703,90,1,0
BRDA:708,91,0,0
BRDA:708,91,1,0
BRDA:713,92,0,0
BRDA:713,92,1,0
BRDA:740,93,0,0
BRDA:740,93,1,0
BRDA:740,94,0,0
BRDA:740,94,1,0
BRDA:743,95,0,0
BRDA:743,95,1,0
BRDA:743,96,0,0
BRDA:743,96,1,0
BRDA:766,97,0,0
BRDA:766,97,1,0
BRDA:771,98,0,0
BRDA:771,98,1,0
BRDA:808,99,0,0
BRDA:808,99,1,0
BRDA:813,100,0,0
BRDA:813,100,1,0
BRDA:813,101,0,0
BRDA:813,101,1,0
BRDA:834,102,0,0
BRDA:834,102,1,0
BRDA:834,103,0,0
BRDA:834,103,1,0
BRDA:875,104,0,0
BRDA:875,104,1,0
BRDA:875,105,0,0
BRDA:875,105,1,0
BRDA:875,105,2,0
BRDA:898,106,0,0
BRDA:898,106,1,0
BRDA:898,107,0,0
BRDA:898,107,1,0
BRDA:910,108,0,0
BRDA:910,108,1,0
BRDA:924,109,0,0
BRDA:924,109,1,0
BRDA:929,110,0,0
BRDA:929,110,1,0
BRDA:929,111,0,0
BRDA:929,111,1,0
BRDA:963,112,0,0
BRDA:963,112,1,0
BRDA:988,113,0,0
BRDA:988,113,1,0
BRDA:993,114,0,0
BRDA:993,114,1,0
BRDA:993,115,0,0
BRDA:993,115,1,0
BRDA:998,116,0,0
BRDA:998,116,1,0
BRF:238
BRH:0
end_of_record
TN:
SF:routes\users.js
FN:8,(anonymous_0)
FN:19,(anonymous_1)
FN:48,(anonymous_2)
FN:69,(anonymous_3)
FN:84,(anonymous_4)
FN:114,(anonymous_5)
FNF:6
FNH:0
FNDA:0,(anonymous_0)
FNDA:0,(anonymous_1)
FNDA:0,(anonymous_2)
FNDA:0,(anonymous_3)
FNDA:0,(anonymous_4)
FNDA:0,(anonymous_5)
DA:1,13
DA:2,13
DA:3,13
DA:4,13
DA:8,13
DA:9,0
DA:10,0
DA:11,0
DA:12,0
DA:14,0
DA:19,13
DA:20,0
DA:21,0
DA:22,0
DA:23,0
DA:24,0
DA:27,0
DA:28,0
DA:30,0
DA:31,0
DA:36,0
DA:37,0
DA:39,0
DA:42,13
DA:43,13
DA:45,13
DA:46,13
DA:48,13
DA:49,0
DA:50,0
DA:51,0
DA:54,0
DA:55,0
DA:56,0
DA:57,0
DA:59,0
DA:60,0
DA:61,0
DA:63,0
DA:65,0
DA:69,13
DA:70,0
DA:71,0
DA:74,0
DA:75,0
DA:77,0
DA:79,0
DA:84,13
DA:85,0
DA:88,0
DA:89,0
DA:93,0
DA:94,0
DA:96,0
DA:97,0
DA:98,0
DA:99,0
DA:101,0
DA:102,0
DA:103,0
DA:105,0
DA:106,0
DA:107,0
DA:109,0
DA:114,13
DA:115,0
DA:116,0
DA:117,0
DA:119,0
DA:122,0
DA:123,0
DA:127,0
DA:128,0
DA:129,0
DA:132,0
DA:139,0
DA:140,0
DA:142,0
DA:143,0
DA:147,13
LF:80
LH:15
BRDA:11,0,0,0
BRDA:11,0,1,0
BRDA:23,1,0,0
BRDA:23,1,1,0
BRDA:27,2,0,0
BRDA:27,2,1,0
BRDA:36,3,0,0
BRDA:36,3,1,0
BRDA:50,4,0,0
BRDA:50,4,1,0
BRDA:50,5,0,0
BRDA:50,5,1,0
BRDA:50,5,2,0
BRDA:56,6,0,0
BRDA:56,6,1,0
BRDA:56,7,0,0
BRDA:56,7,1,0
BRDA:60,8,0,0
BRDA:60,8,1,0
BRDA:74,9,0,0
BRDA:74,9,1,0
BRDA:88,10,0,0
BRDA:88,10,1,0
BRDA:88,11,0,0
BRDA:88,11,1,0
BRDA:93,12,0,0
BRDA:93,12,1,0
BRDA:98,13,0,0
BRDA:98,13,1,0
BRDA:102,14,0,0
BRDA:102,14,1,0
BRDA:122,15,0,0
BRDA:122,15,1,0
BRDA:122,16,0,0
BRDA:122,16,1,0
BRDA:122,16,2,0
BRDA:128,17,0,0
BRDA:128,17,1,0
BRF:38
BRH:0
end_of_record
TN:
SF:services\deliveryLabelService.js
FN:14,(anonymous_0)
FN:29,(anonymous_1)
FN:79,(anonymous_2)
FN:105,(anonymous_3)
FN:141,(anonymous_4)
FN:168,(anonymous_5)
FN:230,(anonymous_6)
FN:248,(anonymous_7)
FN:263,(anonymous_8)
FN:277,(anonymous_9)
FN:300,(anonymous_10)
FN:322,(anonymous_11)
FN:342,(anonymous_12)
FN:350,(anonymous_13)
FN:358,(anonymous_14)
FN:400,(anonymous_15)
FN:409,(anonymous_16)
FNF:17
FNH:1
FNDA:13,(anonymous_0)
FNDA:0,(anonymous_1)
FNDA:0,(anonymous_2)
FNDA:0,(anonymous_3)
FNDA:0,(anonymous_4)
FNDA:0,(anonymous_5)
FNDA:0,(anonymous_6)
FNDA:0,(anonymous_7)
FNDA:0,(anonymous_8)
FNDA:0,(anonymous_9)
FNDA:0,(anonymous_10)
FNDA:0,(anonymous_11)
FNDA:0,(anonymous_12)
FNDA:0,(anonymous_13)
FNDA:0,(anonymous_14)
FNDA:0,(anonymous_15)
FNDA:0,(anonymous_16)
DA:6,13
DA:7,13
DA:8,13
DA:9,13
DA:10,13
DA:11,13
DA:16,13
DA:30,0
DA:31,0
DA:35,0
DA:36,0
DA:39,0
DA:40,0
DA:43,0
DA:44,0
DA:48,0
DA:51,0
DA:54,0
DA:57,0
DA:59,0
DA:68,0
DA:69,0
DA:80,0
DA:81,0
DA:82,0
DA:85,0
DA:97,0
DA:99,0
DA:106,0
DA:108,0
DA:142,0
DA:150,0
DA:159,0
DA:169,0
DA:170,0
DA:171,0
DA:174,0
DA:175,0
DA:176,0
DA:179,0
DA:182,0
DA:187,0
DA:193,0
DA:196,0
DA:201,0
DA:208,0
DA:212,0
DA:213,0
DA:226,0
DA:230,0
DA:231,0
DA:237,0
DA:238,0
DA:242,0
DA:243,0
DA:248,0
DA:249,0
DA:256,0
DA:260,0
DA:263,0
DA:264,0
DA:267,0
DA:281,0
DA:292,0
DA:294,0
DA:301,0
DA:302,0
DA:306,0
DA:316,0
DA:323,0
DA:324,0
DA:327,0
DA:328,0
DA:329,0
DA:330,0
DA:332,0
DA:335,0
DA:336,0
DA:344,0
DA:350,0
DA:351,0
DA:359,0
DA:361,0
DA:362,0
DA:363,0
DA:367,0
DA:370,0
DA:381,0
DA:383,0
DA:389,0
DA:390,0
DA:402,0
DA:403,0
DA:411,0
DA:412,0
DA:416,13
LF:96
LH:8
BRDA:35,0,0,0
BRDA:35,0,1,0
BRDA:43,1,0,0
BRDA:43,1,1,0
BRDA:175,2,0,0
BRDA:175,2,1,0
BRDA:302,3,0,0
BRDA:302,3,1,0
BRDA:327,4,0,0
BRDA:327,4,1,0
BRDA:329,5,0,0
BRDA:329,5,1,0
BRDA:351,6,0,0
BRDA:351,6,1,0
BRDA:362,7,0,0
BRDA:362,7,1,0
BRF:16
BRH:0
end_of_record
TN:
SF:services\deliveryService.js
FN:4,(anonymous_0)
FN:45,(anonymous_1)
FN:52,(anonymous_2)
FN:53,(anonymous_3)
FN:59,(anonymous_4)
FN:116,(anonymous_5)
FN:154,(anonymous_6)
FN:161,(anonymous_7)
FN:250,(anonymous_8)
FN:268,(anonymous_9)
FN:284,(anonymous_10)
FN:299,(anonymous_11)
FN:316,(anonymous_12)
FN:341,(anonymous_13)
FN:368,(anonymous_14)
FN:400,(anonymous_15)
FN:402,(anonymous_16)
FN:407,(anonymous_17)
FNF:18
FNH:1
FNDA:13,(anonymous_0)
FNDA:0,(anonymous_1)
FNDA:0,(anonymous_2)
FNDA:0,(anonymous_3)
FNDA:0,(anonymous_4)
FNDA:0,(anonymous_5)
FNDA:0,(anonymous_6)
FNDA:0,(anonymous_7)
FNDA:0,(anonymous_8)
FNDA:0,(anonymous_9)
FNDA:0,(anonymous_10)
FNDA:0,(anonymous_11)
FNDA:0,(anonymous_12)
FNDA:0,(anonymous_13)
FNDA:0,(anonymous_14)
FNDA:0,(anonymous_15)
FNDA:0,(anonymous_16)
FNDA:0,(anonymous_17)
DA:1,13
DA:5,13
DA:6,13
DA:46,0
DA:53,0
DA:60,0
DA:62,0
DA:63,0
DA:64,0
DA:68,0
DA:69,0
DA:82,0
DA:83,0
DA:84,0
DA:87,0
DA:88,0
DA:89,0
DA:93,0
DA:94,0
DA:95,0
DA:99,0
DA:101,0
DA:118,0
DA:131,0
DA:132,0
DA:134,0
DA:135,0
DA:139,0
DA:140,0
DA:141,0
DA:142,0
DA:145,0
DA:146,0
DA:148,0
DA:155,0
DA:162,0
DA:164,0
DA:166,0
DA:169,0
DA:170,0
DA:172,0
DA:182,0
DA:185,0
DA:186,0
DA:188,0
DA:189,0
DA:193,0
DA:201,0
DA:203,0
DA:207,0
DA:208,0
DA:210,0
DA:214,0
DA:215,0
DA:217,0
DA:221,0
DA:222,0
DA:224,0
DA:232,0
DA:234,0
DA:237,0
DA:239,0
DA:240,0
DA:254,0
DA:256,0
DA:269,0
DA:271,0
DA:285,0
DA:287,0
DA:300,0
DA:301,0
DA:303,0
DA:306,0
DA:307,0
DA:309,0
DA:310,0
DA:318,0
DA:335,0
DA:342,0
DA:346,0
DA:348,0
DA:358,0
DA:369,0
DA:370,0
DA:385,0
DA:386,0
DA:394,0
DA:401,0
DA:402,0
DA:404,0
DA:405,0
DA:407,0
DA:412,0
DA:413,0
DA:414,0
DA:420,0
DA:424,13
LF:97
LH:4
BRDA:60,0,0,0
BRDA:60,1,0,0
BRDA:63,2,0,0
BRDA:63,2,1,0
BRDA:68,3,0,0
BRDA:68,3,1,0
BRDA:87,4,0,0
BRDA:87,4,1,0
BRDA:93,5,0,0
BRDA:93,5,1,0
BRDA:134,6,0,0
BRDA:134,6,1,0
BRDA:134,7,0,0
BRDA:134,7,1,0
BRDA:169,8,0,0
BRDA:169,8,1,0
BRDA:169,9,0,0
BRDA:169,9,1,0
BRDA:186,10,0,0
BRDA:186,10,1,0
BRDA:188,11,0,0
BRDA:188,11,1,0
BRDA:201,12,0,0
BRDA:201,12,1,0
BRDA:201,12,2,0
BRDA:201,12,3,0
BRDA:201,12,4,0
BRDA:303,13,0,0
BRDA:303,13,1,0
BRDA:307,14,0,0
BRDA:307,14,1,0
BRDA:385,15,0,0
BRDA:385,15,1,0
BRDA:404,16,0,0
BRDA:404,16,1,0
BRDA:413,17,0,0
BRDA:413,17,1,0
BRF:37
BRH:0
end_of_record
TN:
SF:services\paymentService.js
FN:4,(anonymous_0)
FN:11,(anonymous_1)
FN:47,(anonymous_2)
FN:115,(anonymous_3)
FN:136,(anonymous_4)
FN:178,(anonymous_5)
FN:202,(anonymous_6)
FN:210,(anonymous_7)
FN:251,(anonymous_8)
FN:269,(anonymous_9)
FN:282,(anonymous_10)
FN:290,(anonymous_11)
FN:307,(anonymous_12)
FN:366,(anonymous_13)
FN:391,(anonymous_14)
FN:403,(anonymous_15)
FN:423,(anonymous_16)
FN:455,(anonymous_17)
FN:467,(anonymous_18)
FN:515,(anonymous_19)
FNF:20
FNH:1
FNDA:13,(anonymous_0)
FNDA:0,(anonymous_1)
FNDA:0,(anonymous_2)
FNDA:0,(anonymous_3)
FNDA:0,(anonymous_4)
FNDA:0,(anonymous_5)
FNDA:0,(anonymous_6)
FNDA:0,(anonymous_7)
FNDA:0,(anonymous_8)
FNDA:0,(anonymous_9)
FNDA:0,(anonymous_10)
FNDA:0,(anonymous_11)
FNDA:0,(anonymous_12)
FNDA:0,(anonymous_13)
FNDA:0,(anonymous_14)
FNDA:0,(anonymous_15)
FNDA:0,(anonymous_16)
FNDA:0,(anonymous_17)
FNDA:0,(anonymous_18)
FNDA:0,(anonymous_19)
DA:1,13
DA:5,13
DA:12,0
DA:13,0
DA:15,0
DA:28,0
DA:35,0
DA:36,0
DA:48,0
DA:49,0
DA:50,0
DA:51,0
DA:52,0
DA:53,0
DA:56,0
DA:57,0
DA:60,0
DA:65,0
DA:72,0
DA:73,0
DA:75,0
DA:87,0
DA:88,0
DA:90,0
DA:100,0
DA:101,0
DA:102,0
DA:103,0
DA:104,0
DA:105,0
DA:116,0
DA:117,0
DA:121,0
DA:126,0
DA:137,0
DA:138,0
DA:141,0
DA:142,0
DA:143,0
DA:147,0
DA:150,0
DA:151,0
DA:152,0
DA:155,0
DA:158,0
DA:163,0
DA:164,0
DA:167,0
DA:169,0
DA:171,0
DA:179,0
DA:192,0
DA:193,0
DA:196,0
DA:203,0
DA:204,0
DA:211,0
DA:212,0
DA:218,0
DA:220,0
DA:222,0
DA:223,0
DA:226,0
DA:227,0
DA:230,0
DA:231,0
DA:234,0
DA:235,0
DA:238,0
DA:241,0
DA:243,0
DA:244,0
DA:252,0
DA:254,0
DA:256,0
DA:257,0
DA:262,0
DA:270,0
DA:272,0
DA:274,0
DA:284,0
DA:291,0
DA:293,0
DA:294,0
DA:295,0
DA:300,0
DA:308,0
DA:309,0
DA:312,0
DA:313,0
DA:314,0
DA:318,0
DA:320,0
DA:321,0
DA:325,0
DA:328,0
DA:333,0
DA:345,0
DA:350,0
DA:355,0
DA:356,0
DA:367,0
DA:368,0
DA:369,0
DA:371,0
DA:372,0
DA:375,0
DA:380,0
DA:381,0
DA:392,0
DA:393,0
DA:396,0
DA:397,0
DA:398,0
DA:402,0
DA:403,0
DA:406,0
DA:407,0
DA:411,0
DA:412,0
DA:416,0
DA:421,0
DA:422,0
DA:423,0
DA:426,0
DA:427,0
DA:439,0
DA:444,0
DA:445,0
DA:456,0
DA:457,0
DA:460,0
DA:461,0
DA:462,0
DA:466,0
DA:467,0
DA:470,0
DA:471,0
DA:475,0
DA:480,0
DA:491,0
DA:492,0
DA:499,0
DA:504,0
DA:505,0
DA:516,0
DA:517,0
DA:520,0
DA:522,0
DA:523,0
DA:527,0
DA:534,0
DA:544,0
DA:556,0
DA:557,0
DA:565,13
LF:156
LH:3
BRDA:47,0,0,0
BRDA:95,1,0,0
BRDA:95,1,1,0
BRDA:136,2,0,0
BRDA:142,3,0,0
BRDA:142,3,1,0
BRDA:150,4,0,0
BRDA:150,4,1,0
BRDA:163,5,0,0
BRDA:163,5,1,0
BRDA:182,6,0,0
BRDA:182,6,1,0
BRDA:187,7,0,0
BRDA:187,7,1,0
BRDA:192,8,0,0
BRDA:192,8,1,0
BRDA:220,9,0,0
BRDA:220,9,1,0
BRDA:220,9,2,0
BRDA:220,9,3,0
BRDA:220,9,4,0
BRDA:254,10,0,0
BRDA:254,10,1,0
BRDA:254,11,0,0
BRDA:254,11,1,0
BRDA:272,12,0,0
BRDA:272,12,1,0
BRDA:293,13,0,0
BRDA:293,13,1,0
BRDA:313,14,0,0
BRDA:313,14,1,0
BRDA:320,15,0,0
BRDA:320,15,1,0
BRDA:320,16,0,0
BRDA:320,16,1,0
BRDA:371,17,0,0
BRDA:371,17,1,0
BRDA:377,18,0,0
BRDA:377,18,1,0
BRDA:397,19,0,0
BRDA:397,19,1,0
BRDA:406,20,0,0
BRDA:406,20,1,0
BRDA:411,21,0,0
BRDA:411,21,1,0
BRDA:421,22,0,0
BRDA:421,22,1,0
BRDA:421,23,0,0
BRDA:421,23,1,0
BRDA:426,24,0,0
BRDA:426,24,1,0
BRDA:461,25,0,0
BRDA:461,25,1,0
BRDA:470,26,0,0
BRDA:470,26,1,0
BRDA:491,27,0,0
BRDA:491,27,1,0
BRDA:522,28,0,0
BRDA:522,28,1,0
BRDA:522,29,0,0
BRDA:522,29,1,0
BRF:61
BRH:0
end_of_record
TN:
SF:services\pickupPointService.js
FN:9,(anonymous_0)
FN:34,(anonymous_1)
FN:71,(anonymous_2)
FN:101,(anonymous_3)
FN:115,(anonymous_4)
FN:188,(anonymous_5)
FN:229,(anonymous_6)
FN:251,testPickupPointService
FN:300,(anonymous_8)
FN:302,(anonymous_9)
FN:305,(anonymous_10)
FN:307,(anonymous_11)
FNF:12
FNH:0
FNDA:0,(anonymous_0)
FNDA:0,(anonymous_1)
FNDA:0,(anonymous_2)
FNDA:0,(anonymous_3)
FNDA:0,(anonymous_4)
FNDA:0,(anonymous_5)
FNDA:0,(anonymous_6)
FNDA:0,testPickupPointService
FNDA:0,(anonymous_8)
FNDA:0,(anonymous_9)
FNDA:0,(anonymous_10)
FNDA:0,(anonymous_11)
DA:6,13
DA:11,0
DA:30,0
DA:31,0
DA:36,0
DA:52,0
DA:73,0
DA:76,0
DA:77,0
DA:78,0
DA:79,0
DA:83,0
DA:102,0
DA:103,0
DA:109,0
DA:116,0
DA:117,0
DA:120,0
DA:121,0
DA:122,0
DA:125,0
DA:126,0
DA:129,0
DA:153,0
DA:168,0
DA:170,0
DA:177,0
DA:178,0
DA:189,0
DA:230,0
DA:243,0
DA:244,0
DA:246,0
DA:252,0
DA:254,0
DA:257,0
DA:288,0
DA:289,0
DA:290,0
DA:291,0
DA:294,0
DA:296,0
DA:297,0
DA:299,0
DA:300,0
DA:301,0
DA:302,0
DA:304,0
DA:305,0
DA:306,0
DA:307,0
DA:310,0
DA:311,0
DA:313,0
DA:314,0
DA:315,0
DA:316,0
DA:317,0
DA:320,0
DA:321,0
DA:326,13
DA:327,0
DA:330,13
LF:63
LH:3
BRDA:76,0,0,0
BRDA:76,0,1,0
BRDA:78,1,0,0
BRDA:78,1,1,0
BRDA:147,2,0,0
BRDA:147,2,1,0
BRDA:148,3,0,0
BRDA:148,3,1,0
BRDA:296,4,0,0
BRDA:296,4,1,0
BRDA:326,5,0,0
BRDA:326,5,1,13
BRF:12
BRH:1
end_of_record
TN:
SF:services\privacyProtectionService.js
FN:8,(anonymous_0)
FN:23,(anonymous_1)
FN:36,(anonymous_2)
FN:67,(anonymous_3)
FN:92,(anonymous_4)
FN:109,(anonymous_5)
FN:122,(anonymous_6)
FN:132,(anonymous_7)
FN:145,(anonymous_8)
FN:172,(anonymous_9)
FN:185,(anonymous_10)
FN:239,(anonymous_11)
FN:272,(anonymous_12)
FN:283,(anonymous_13)
FN:299,(anonymous_14)
FN:308,(anonymous_15)
FN:320,(anonymous_16)
FN:331,(anonymous_17)
FN:342,(anonymous_18)
FN:351,(anonymous_19)
FN:370,(anonymous_20)
FNF:21
FNH:1
FNDA:13,(anonymous_0)
FNDA:0,(anonymous_1)
FNDA:0,(anonymous_2)
FNDA:0,(anonymous_3)
FNDA:0,(anonymous_4)
FNDA:0,(anonymous_5)
FNDA:0,(anonymous_6)
FNDA:0,(anonymous_7)
FNDA:0,(anonymous_8)
FNDA:0,(anonymous_9)
FNDA:0,(anonymous_10)
FNDA:0,(anonymous_11)
FNDA:0,(anonymous_12)
FNDA:0,(anonymous_13)
FNDA:0,(anonymous_14)
FNDA:0,(anonymous_15)
FNDA:0,(anonymous_16)
FNDA:0,(anonymous_17)
FNDA:0,(anonymous_18)
FNDA:0,(anonymous_19)
FNDA:0,(anonymous_20)
DA:1,13
DA:10,13
DA:11,13
DA:24,0
DA:30,0
DA:37,0
DA:39,0
DA:68,0
DA:70,0
DA:93,0
DA:96,0
DA:97,0
DA:99,0
DA:100,0
DA:101,0
DA:103,0
DA:110,0
DA:111,0
DA:113,0
DA:123,0
DA:133,0
DA:139,0
DA:146,0
DA:173,0
DA:174,0
DA:178,0
DA:179,0
DA:186,0
DA:187,0
DA:190,0
DA:191,0
DA:193,0
DA:199,0
DA:206,0
DA:211,0
DA:240,0
DA:256,0
DA:257,0
DA:258,0
DA:259,0
DA:260,0
DA:262,0
DA:264,0
DA:265,0
DA:273,0
DA:284,0
DA:285,0
DA:286,0
DA:287,0
DA:289,0
DA:291,0
DA:292,0
DA:300,0
DA:308,0
DA:310,0
DA:321,0
DA:322,0
DA:324,0
DA:332,0
DA:333,0
DA:335,0
DA:343,0
DA:344,0
DA:352,0
DA:353,0
DA:354,0
DA:357,0
DA:358,0
DA:360,0
DA:362,0
DA:363,0
DA:371,0
DA:372,0
DA:373,0
DA:374,0
DA:376,0
DA:377,0
DA:382,13
LF:78
LH:4
BRDA:93,0,0,0
BRDA:93,0,1,0
BRDA:97,1,0,0
BRDA:97,1,1,0
BRDA:110,2,0,0
BRDA:110,2,1,0
BRDA:110,3,0,0
BRDA:110,3,1,0
BRDA:173,4,0,0
BRDA:173,4,1,0
BRDA:173,5,0,0
BRDA:173,5,1,0
BRDA:257,6,0,0
BRDA:257,6,1,0
BRDA:313,7,0,0
BRDA:313,7,1,0
BRDA:321,8,0,0
BRDA:321,8,1,0
BRDA:322,9,0,0
BRDA:322,9,1,0
BRDA:324,10,0,0
BRDA:324,10,1,0
BRDA:332,11,0,0
BRDA:332,11,1,0
BRDA:333,12,0,0
BRDA:333,12,1,0
BRDA:335,13,0,0
BRDA:335,13,1,0
BRDA:343,14,0,0
BRDA:343,14,1,0
BRDA:344,15,0,0
BRDA:344,15,1,0
BRDA:353,16,0,0
BRDA:353,16,1,0
BRF:34
BRH:0
end_of_record
TN:
SF:services\pureTradeSecurityService.js
FN:11,(anonymous_0)
FN:64,(anonymous_1)
FN:120,(anonymous_2)
FN:165,(anonymous_3)
FN:183,(anonymous_4)
FN:240,(anonymous_5)
FN:322,(anonymous_6)
FN:395,(anonymous_7)
FN:470,(anonymous_8)
FN:525,(anonymous_9)
FN:530,(anonymous_10)
FN:567,(anonymous_11)
FN:574,(anonymous_12)
FN:592,(anonymous_13)
FN:627,(anonymous_14)
FN:642,(anonymous_15)
FNF:16
FNH:1
FNDA:13,(anonymous_0)
FNDA:0,(anonymous_1)
FNDA:0,(anonymous_2)
FNDA:0,(anonymous_3)
FNDA:0,(anonymous_4)
FNDA:0,(anonymous_5)
FNDA:0,(anonymous_6)
FNDA:0,(anonymous_7)
FNDA:0,(anonymous_8)
FNDA:0,(anonymous_9)
FNDA:0,(anonymous_10)
FNDA:0,(anonymous_11)
FNDA:0,(anonymous_12)
FNDA:0,(anonymous_13)
FNDA:0,(anonymous_14)
FNDA:0,(anonymous_15)
DA:6,13
DA:7,13
DA:8,13
DA:13,13
DA:65,0
DA:66,0
DA:67,0
DA:68,0
DA:71,0
DA:74,0
DA:75,0
DA:76,0
DA:79,0
DA:80,0
DA:83,0
DA:84,0
DA:85,0
DA:89,0
DA:90,0
DA:93,0
DA:94,0
DA:95,0
DA:96,0
DA:97,0
DA:98,0
DA:102,0
DA:105,0
DA:110,0
DA:112,0
DA:113,0
DA:121,0
DA:122,0
DA:128,0
DA:131,0
DA:132,0
DA:133,0
DA:134,0
DA:135,0
DA:136,0
DA:138,0
DA:141,0
DA:150,0
DA:151,0
DA:166,0
DA:168,0
DA:170,0
DA:172,0
DA:174,0
DA:176,0
DA:184,0
DA:185,0
DA:188,0
DA:191,0
DA:220,0
DA:222,0
DA:229,0
DA:230,0
DA:241,0
DA:242,0
DA:243,0
DA:244,0
DA:247,0
DA:248,0
DA:254,0
DA:255,0
DA:258,0
DA:259,0
DA:266,0
DA:267,0
DA:274,0
DA:281,0
DA:284,0
DA:293,0
DA:296,0
DA:297,0
DA:300,0
DA:302,0
DA:311,0
DA:312,0
DA:323,0
DA:324,0
DA:325,0
DA:326,0
DA:329,0
DA:330,0
DA:333,0
DA:334,0
DA:335,0
DA:343,0
DA:346,0
DA:347,0
DA:348,0
DA:350,0
DA:351,0
DA:353,0
DA:357,0
DA:366,0
DA:369,0
DA:370,0
DA:373,0
DA:375,0
DA:384,0
DA:385,0
DA:396,0
DA:397,0
DA:398,0
DA:399,0
DA:402,0
DA:403,0
DA:404,0
DA:407,0
DA:408,0
DA:415,0
DA:418,0
DA:419,0
DA:420,0
DA:422,0
DA:429,0
DA:438,0
DA:441,0
DA:442,0
DA:445,0
DA:448,0
DA:450,0
DA:459,0
DA:460,0
DA:471,0
DA:472,0
DA:473,0
DA:474,0
DA:478,0
DA:479,0
DA:480,0
DA:481,0
DA:485,0
DA:494,0
DA:497,0
DA:504,0
DA:507,0
DA:509,0
DA:514,0
DA:515,0
DA:526,0
DA:527,0
DA:530,0
DA:531,0
DA:532,0
DA:533,0
DA:535,0
DA:548,0
DA:551,0
DA:554,0
DA:560,0
DA:568,0
DA:569,0
DA:570,0
DA:572,0
DA:573,0
DA:574,0
DA:576,0
DA:583,0
DA:585,0
DA:593,0
DA:594,0
DA:597,0
DA:598,0
DA:605,0
DA:608,0
DA:610,0
DA:616,0
DA:617,0
DA:628,0
DA:643,0
DA:644,0
DA:648,0
DA:649,0
DA:655,0
DA:667,0
DA:668,0
DA:676,13
LF:180
LH:5
BRDA:67,0,0,0
BRDA:67,0,1,0
BRDA:79,1,0,0
BRDA:79,1,1,0
BRDA:83,2,0,0
BRDA:83,2,1,0
BRDA:83,3,0,0
BRDA:83,3,1,0
BRDA:84,4,0,0
BRDA:84,4,1,0
BRDA:89,5,0,0
BRDA:89,5,1,0
BRDA:93,6,0,0
BRDA:93,6,1,0
BRDA:94,7,0,0
BRDA:94,7,1,0
BRDA:95,8,0,0
BRDA:95,8,1,0
BRDA:131,9,0,0
BRDA:131,9,1,0
BRDA:133,10,0,0
BRDA:133,10,1,0
BRDA:135,11,0,0
BRDA:135,11,1,0
BRDA:166,12,0,0
BRDA:166,12,1,0
BRDA:166,12,2,0
BRDA:166,12,3,0
BRDA:166,12,4,0
BRDA:196,13,0,0
BRDA:196,13,1,0
BRDA:240,14,0,0
BRDA:243,15,0,0
BRDA:243,15,1,0
BRDA:247,16,0,0
BRDA:247,16,1,0
BRDA:255,17,0,0
BRDA:255,17,1,0
BRDA:258,18,0,0
BRDA:258,18,1,0
BRDA:266,19,0,0
BRDA:266,19,1,0
BRDA:293,20,0,0
BRDA:293,20,1,0
BRDA:296,21,0,0
BRDA:296,21,1,0
BRDA:304,22,0,0
BRDA:304,22,1,0
BRDA:322,23,0,0
BRDA:325,24,0,0
BRDA:325,24,1,0
BRDA:330,25,0,0
BRDA:330,25,1,0
BRDA:333,26,0,0
BRDA:333,26,1,0
BRDA:334,27,0,0
BRDA:334,27,1,0
BRDA:346,28,0,0
BRDA:346,28,1,0
BRDA:347,29,0,0
BRDA:347,29,1,0
BRDA:350,30,0,0
BRDA:350,30,1,0
BRDA:366,31,0,0
BRDA:366,31,1,0
BRDA:369,32,0,0
BRDA:369,32,1,0
BRDA:377,33,0,0
BRDA:377,33,1,0
BRDA:395,34,0,0
BRDA:398,35,0,0
BRDA:398,35,1,0
BRDA:403,36,0,0
BRDA:403,36,1,0
BRDA:404,37,0,0
BRDA:404,37,1,0
BRDA:407,38,0,0
BRDA:407,38,1,0
BRDA:407,39,0,0
BRDA:407,39,1,0
BRDA:418,40,0,0
BRDA:418,40,1,0
BRDA:419,41,0,0
BRDA:419,41,1,0
BRDA:438,42,0,0
BRDA:438,42,1,0
BRDA:441,43,0,0
BRDA:441,43,1,0
BRDA:452,44,0,0
BRDA:452,44,1,0
BRDA:470,45,0,0
BRDA:473,46,0,0
BRDA:473,46,1,0
BRDA:478,47,0,0
BRDA:478,47,1,0
BRDA:479,48,0,0
BRDA:479,48,1,0
BRDA:480,49,0,0
BRDA:480,49,1,0
BRDA:531,50,0,0
BRDA:531,50,1,0
BRDA:532,51,0,0
BRDA:532,51,1,0
BRDA:541,52,0,0
BRDA:541,52,1,0
BRDA:542,53,0,0
BRDA:542,53,1,0
BRDA:570,54,0,0
BRDA:570,54,1,0
BRDA:570,55,0,0
BRDA:570,55,1,0
BRDA:573,56,0,0
BRDA:573,56,1,0
BRDA:592,57,0,0
BRDA:594,58,0,0
BRDA:594,58,1,0
BRDA:632,59,0,0
BRDA:632,59,1,0
BRDA:648,60,0,0
BRDA:648,60,1,0
BRF:120
BRH:0
end_of_record
TN:
SF:tests\e2e\helpers\E2EHelpers.js
FN:14,(anonymous_0)
FN:31,(anonymous_1)
FN:38,(anonymous_2)
FN:101,(anonymous_3)
FN:152,(anonymous_4)
FN:201,(anonymous_5)
FN:265,(anonymous_6)
FN:266,(anonymous_7)
FNF:8
FNH:3
FNDA:13,(anonymous_0)
FNDA:13,(anonymous_1)
FNDA:13,(anonymous_2)
FNDA:0,(anonymous_3)
FNDA:0,(anonymous_4)
FNDA:0,(anonymous_5)
FNDA:0,(anonymous_6)
FNDA:0,(anonymous_7)
DA:6,1
DA:7,1
DA:15,13
DA:16,13
DA:17,13
DA:18,13
DA:20,13
DA:32,13
DA:39,13
DA:42,13
DA:43,0
DA:44,0
DA:58,13
DA:59,13
DA:60,13
DA:61,13
DA:65,13
DA:67,13
DA:68,0
DA:75,13
DA:80,13
DA:88,0
DA:89,0
DA:103,0
DA:104,0
DA:105,0
DA:106,0
DA:112,0
DA:120,0
DA:121,0
DA:122,0
DA:123,0
DA:127,0
DA:128,0
DA:134,0
DA:141,0
DA:154,0
DA:155,0
DA:156,0
DA:157,0
DA:163,0
DA:170,0
DA:171,0
DA:172,0
DA:173,0
DA:177,0
DA:178,0
DA:183,0
DA:190,0
DA:202,0
DA:210,0
DA:213,0
DA:214,0
DA:215,0
DA:216,0
DA:222,0
DA:233,0
DA:234,0
DA:235,0
DA:236,0
DA:241,0
DA:242,0
DA:247,0
DA:254,0
DA:266,0
DA:270,1
LF:66
LH:19
BRDA:14,0,0,13
BRDA:32,1,0,13
BRDA:32,1,1,0
BRDA:38,2,0,13
BRDA:39,3,0,13
BRDA:39,3,1,13
BRDA:42,4,0,0
BRDA:42,4,1,13
BRDA:67,5,0,0
BRDA:67,5,1,13
BRDA:103,6,0,0
BRDA:103,6,1,0
BRDA:105,7,0,0
BRDA:105,7,1,0
BRDA:105,8,0,0
BRDA:105,8,1,0
BRDA:127,9,0,0
BRDA:127,9,1,0
BRDA:154,10,0,0
BRDA:154,10,1,0
BRDA:156,11,0,0
BRDA:156,11,1,0
BRDA:156,12,0,0
BRDA:156,12,1,0
BRDA:177,13,0,0
BRDA:177,13,1,0
BRDA:201,14,0,0
BRDA:210,15,0,0
BRDA:210,15,1,0
BRDA:213,16,0,0
BRDA:213,16,1,0
BRDA:215,17,0,0
BRDA:215,17,1,0
BRDA:241,18,0,0
BRDA:241,18,1,0
BRDA:265,19,0,0
BRF:36
BRH:7
end_of_record
